Unsupposrted library path: C:\Users\Alex\Documents\GitHub\EmergingTechnology\build\classes\api
Unsupposrted library path: C:\Users\Alex\Documents\GitHub\EmergingTechnology\build\resources\api
Symbol range map extraction starting
Processing 335 files
startProcessing "io/moonman/emergingtechnology/EmergingTechnology.java" md5: 19fb7e58bbc4a069a2807fb6c238688d
endProcessing "io/moonman/emergingtechnology/EmergingTechnology.java"

startProcessing "io/moonman/emergingtechnology/block/blocks/BiocharBlock.java" md5: 373a79b686969199d432c2423a0464f7
endProcessing "io/moonman/emergingtechnology/block/blocks/BiocharBlock.java"

startProcessing "io/moonman/emergingtechnology/block/blocks/ClearPlasticBlock.java" md5: ed326e79109c275c53ca49c752718742
endProcessing "io/moonman/emergingtechnology/block/blocks/ClearPlasticBlock.java"

startProcessing "io/moonman/emergingtechnology/block/blocks/Frame.java" md5: 67f46fa5804ad5d2b38667460448744d
endProcessing "io/moonman/emergingtechnology/block/blocks/Frame.java"

startProcessing "io/moonman/emergingtechnology/block/blocks/Ladder.java" md5: 536d4ee7754c559c86b3c4693daaa104
endProcessing "io/moonman/emergingtechnology/block/blocks/Ladder.java"

startProcessing "io/moonman/emergingtechnology/block/blocks/MachineCase.java" md5: fdb7e367e888fe09c454e4747efa0657
endProcessing "io/moonman/emergingtechnology/block/blocks/MachineCase.java"

startProcessing "io/moonman/emergingtechnology/block/blocks/PlasticBlock.java" md5: fa71ab9502244f0eac098075a54f0e30
endProcessing "io/moonman/emergingtechnology/block/blocks/PlasticBlock.java"

startProcessing "io/moonman/emergingtechnology/block/blocks/PollutedDirt.java" md5: 58853d4b8269769665b4a969d8f35ad7
endProcessing "io/moonman/emergingtechnology/block/blocks/PollutedDirt.java"

startProcessing "io/moonman/emergingtechnology/block/blocks/PollutedGravel.java" md5: 30e369f01032cbff5b1d404065c64b39
endProcessing "io/moonman/emergingtechnology/block/blocks/PollutedGravel.java"

startProcessing "io/moonman/emergingtechnology/block/blocks/PollutedSand.java" md5: ce036bd1d9b82a491b2de2cd99531343
endProcessing "io/moonman/emergingtechnology/block/blocks/PollutedSand.java"

startProcessing "io/moonman/emergingtechnology/block/blocks/ShreddedPlantBlock.java" md5: fce32e1f4bd4bcb069782e8257f0797a
endProcessing "io/moonman/emergingtechnology/block/blocks/ShreddedPlantBlock.java"

startProcessing "io/moonman/emergingtechnology/block/blocks/ShreddedPlasticBlock.java" md5: 2d7fc419d06781471bf6d4621b86a4a6
endProcessing "io/moonman/emergingtechnology/block/blocks/ShreddedPlasticBlock.java"

startProcessing "io/moonman/emergingtechnology/block/blocks/ShreddedStarchBlock.java" md5: f3d388cb53395412b3a9b95ceef7de1f
endProcessing "io/moonman/emergingtechnology/block/blocks/ShreddedStarchBlock.java"

startProcessing "io/moonman/emergingtechnology/config/EmergingTechnologyConfig.java" md5: 1c93ad020c09306f06227a13557d7a93
endProcessing "io/moonman/emergingtechnology/config/EmergingTechnologyConfig.java"

startProcessing "io/moonman/emergingtechnology/config/electrics/ElectricsModule.java" md5: f33107ccd373f775b02ece822f02a1fc
endProcessing "io/moonman/emergingtechnology/config/electrics/ElectricsModule.java"

startProcessing "io/moonman/emergingtechnology/config/electrics/ElectricsModuleBattery.java" md5: 6e5bd9d845297f9d845b0ee81622ba35
endProcessing "io/moonman/emergingtechnology/config/electrics/ElectricsModuleBattery.java"

startProcessing "io/moonman/emergingtechnology/config/electrics/ElectricsModuleBiomassGenerator.java" md5: e67746bf90f572efc39ec3edd6f40131
endProcessing "io/moonman/emergingtechnology/config/electrics/ElectricsModuleBiomassGenerator.java"

startProcessing "io/moonman/emergingtechnology/config/electrics/ElectricsModulePiezoelectric.java" md5: 5eebdd509aeb499bf2a973c4d1b194b2
endProcessing "io/moonman/emergingtechnology/config/electrics/ElectricsModulePiezoelectric.java"

startProcessing "io/moonman/emergingtechnology/config/electrics/ElectricsModuleSolar.java" md5: 0d67f003938323eb0960cc28b2d3a885
endProcessing "io/moonman/emergingtechnology/config/electrics/ElectricsModuleSolar.java"

startProcessing "io/moonman/emergingtechnology/config/electrics/ElectricsModuleSolarGlass.java" md5: e37def5b894c0dfcd44a39e3140583a2
endProcessing "io/moonman/emergingtechnology/config/electrics/ElectricsModuleSolarGlass.java"

startProcessing "io/moonman/emergingtechnology/config/electrics/ElectricsModuleTidalGenerator.java" md5: f886145abf6cff8b0c201399be6b06fe
endProcessing "io/moonman/emergingtechnology/config/electrics/ElectricsModuleTidalGenerator.java"

startProcessing "io/moonman/emergingtechnology/config/electrics/ElectricsModuleWind.java" md5: 72b05cebfae74c9ab4e5eaab03959a81
endProcessing "io/moonman/emergingtechnology/config/electrics/ElectricsModuleWind.java"

startProcessing "io/moonman/emergingtechnology/config/hydroponics/HydroponicsModule.java" md5: fae28cd2de998db16d84caa7a5426d86
endProcessing "io/moonman/emergingtechnology/config/hydroponics/HydroponicsModule.java"

startProcessing "io/moonman/emergingtechnology/config/hydroponics/beds/HydroponicsModuleGrowBed.java" md5: d8de0bea7d0726e188944e9f21e6b9ed
endProcessing "io/moonman/emergingtechnology/config/hydroponics/beds/HydroponicsModuleGrowBed.java"

startProcessing "io/moonman/emergingtechnology/config/hydroponics/beds/boosts/IdealGrowthBoost.java" md5: 9b9865b63b3b57b3ddd45dc36dcd91b0
endProcessing "io/moonman/emergingtechnology/config/hydroponics/beds/boosts/IdealGrowthBoost.java"

startProcessing "io/moonman/emergingtechnology/config/hydroponics/beds/boosts/IdealGrowthBoostBiochar.java" md5: 6b61cbea6008abd2b7e412ab8d22ad1b
endProcessing "io/moonman/emergingtechnology/config/hydroponics/beds/boosts/IdealGrowthBoostBiochar.java"

startProcessing "io/moonman/emergingtechnology/config/hydroponics/beds/boosts/IdealGrowthBoostClay.java" md5: b0e670f5b8431e2fc3700be17833c5ad
endProcessing "io/moonman/emergingtechnology/config/hydroponics/beds/boosts/IdealGrowthBoostClay.java"

startProcessing "io/moonman/emergingtechnology/config/hydroponics/beds/boosts/IdealGrowthBoostDirt.java" md5: 9f6d69c103140f7826b9e9a9e6a46f8e
endProcessing "io/moonman/emergingtechnology/config/hydroponics/beds/boosts/IdealGrowthBoostDirt.java"

startProcessing "io/moonman/emergingtechnology/config/hydroponics/beds/boosts/IdealGrowthBoostGravel.java" md5: 9000757aa2c288c6639d2e9a35a8379b
endProcessing "io/moonman/emergingtechnology/config/hydroponics/beds/boosts/IdealGrowthBoostGravel.java"

startProcessing "io/moonman/emergingtechnology/config/hydroponics/beds/boosts/IdealGrowthBoostSand.java" md5: d8a21edeebaf98ddaf55d14f4ddd6d6d
endProcessing "io/moonman/emergingtechnology/config/hydroponics/beds/boosts/IdealGrowthBoostSand.java"

startProcessing "io/moonman/emergingtechnology/config/hydroponics/beds/media/HydroponicsModuleBiochar.java" md5: 9e3971540562a9fa4ae1c36c52b1febf
endProcessing "io/moonman/emergingtechnology/config/hydroponics/beds/media/HydroponicsModuleBiochar.java"

startProcessing "io/moonman/emergingtechnology/config/hydroponics/beds/media/HydroponicsModuleClay.java" md5: 68aed3bf404b09c540ad06a19bea8e08
endProcessing "io/moonman/emergingtechnology/config/hydroponics/beds/media/HydroponicsModuleClay.java"

startProcessing "io/moonman/emergingtechnology/config/hydroponics/beds/media/HydroponicsModuleDirt.java" md5: 533696408463442da3b8490dd7bbac89
endProcessing "io/moonman/emergingtechnology/config/hydroponics/beds/media/HydroponicsModuleDirt.java"

startProcessing "io/moonman/emergingtechnology/config/hydroponics/beds/media/HydroponicsModuleGravel.java" md5: 85a04af1d6fe454f97fe1af22093c1d0
endProcessing "io/moonman/emergingtechnology/config/hydroponics/beds/media/HydroponicsModuleGravel.java"

startProcessing "io/moonman/emergingtechnology/config/hydroponics/beds/media/HydroponicsModuleSand.java" md5: 7914df89221997fad135da5148cbeae2
endProcessing "io/moonman/emergingtechnology/config/hydroponics/beds/media/HydroponicsModuleSand.java"

startProcessing "io/moonman/emergingtechnology/config/hydroponics/diffuser/HydroponicsModuleDiffuser.java" md5: f7e09dcadb4659ef4115364765291ec0
endProcessing "io/moonman/emergingtechnology/config/hydroponics/diffuser/HydroponicsModuleDiffuser.java"

startProcessing "io/moonman/emergingtechnology/config/hydroponics/diffuser/nozzle/HydroponicsModuleLongNozzle.java" md5: 9ae68359b70c6b83d0b1687ae0354efd
endProcessing "io/moonman/emergingtechnology/config/hydroponics/diffuser/nozzle/HydroponicsModuleLongNozzle.java"

startProcessing "io/moonman/emergingtechnology/config/hydroponics/diffuser/nozzle/HydroponicsModulePreciseNozzle.java" md5: c4d8782b9b7c14b1d48a47ba2c54e624
endProcessing "io/moonman/emergingtechnology/config/hydroponics/diffuser/nozzle/HydroponicsModulePreciseNozzle.java"

startProcessing "io/moonman/emergingtechnology/config/hydroponics/diffuser/nozzle/HydroponicsModuleSmartNozzle.java" md5: c45774333f26ca8c025f9d4fc2ebe4ed
endProcessing "io/moonman/emergingtechnology/config/hydroponics/diffuser/nozzle/HydroponicsModuleSmartNozzle.java"

startProcessing "io/moonman/emergingtechnology/config/hydroponics/enums/BulbTypeEnum.java" md5: 0ebca02f80ff8170691c61be9969c27a
endProcessing "io/moonman/emergingtechnology/config/hydroponics/enums/BulbTypeEnum.java"

startProcessing "io/moonman/emergingtechnology/config/hydroponics/enums/CropTypeEnum.java" md5: 889a5c4edef56804d889f8c2263a247c
endProcessing "io/moonman/emergingtechnology/config/hydroponics/enums/CropTypeEnum.java"

startProcessing "io/moonman/emergingtechnology/config/hydroponics/enums/MediumTypeEnum.java" md5: 652d53dc5cb4aa414aa9eead192b5695
endProcessing "io/moonman/emergingtechnology/config/hydroponics/enums/MediumTypeEnum.java"

startProcessing "io/moonman/emergingtechnology/config/hydroponics/filler/HydroponicsModuleFiller.java" md5: 66a43bc779253feeab4a767df1178c6b
endProcessing "io/moonman/emergingtechnology/config/hydroponics/filler/HydroponicsModuleFiller.java"

startProcessing "io/moonman/emergingtechnology/config/hydroponics/harvester/HydroponicsModuleHarvester.java" md5: 30a8f8761e4607efaf2c09e8c1257f45
endProcessing "io/moonman/emergingtechnology/config/hydroponics/harvester/HydroponicsModuleHarvester.java"

startProcessing "io/moonman/emergingtechnology/config/hydroponics/injector/HydroponicsModuleInjector.java" md5: 94f371257970fdfc0437562020da74ab
endProcessing "io/moonman/emergingtechnology/config/hydroponics/injector/HydroponicsModuleInjector.java"

startProcessing "io/moonman/emergingtechnology/config/hydroponics/interfaces/IIdealBoostsConfiguration.java" md5: 21bcb601babc9b443d54740b8b7eb77d
endProcessing "io/moonman/emergingtechnology/config/hydroponics/interfaces/IIdealBoostsConfiguration.java"

startProcessing "io/moonman/emergingtechnology/config/hydroponics/lights/HydroponicsModuleGrowLight.java" md5: 8dc6b5c18c0cd30d526f9bfdc4837a32
endProcessing "io/moonman/emergingtechnology/config/hydroponics/lights/HydroponicsModuleGrowLight.java"

startProcessing "io/moonman/emergingtechnology/config/hydroponics/lights/boosts/IdealGrowthBoost.java" md5: 87d3cf4bb10031fe0ae5ca1b634c8007
endProcessing "io/moonman/emergingtechnology/config/hydroponics/lights/boosts/IdealGrowthBoost.java"

startProcessing "io/moonman/emergingtechnology/config/hydroponics/lights/boosts/IdealGrowthBoostBlueBulb.java" md5: d4506a852db126315dc2ef7ffb5dfc81
endProcessing "io/moonman/emergingtechnology/config/hydroponics/lights/boosts/IdealGrowthBoostBlueBulb.java"

startProcessing "io/moonman/emergingtechnology/config/hydroponics/lights/boosts/IdealGrowthBoostGreenBulb.java" md5: b73dfaa4546a4ede43c4871bc8e744ed
endProcessing "io/moonman/emergingtechnology/config/hydroponics/lights/boosts/IdealGrowthBoostGreenBulb.java"

startProcessing "io/moonman/emergingtechnology/config/hydroponics/lights/boosts/IdealGrowthBoostRedBulb.java" md5: affad75122ed54c83efb3634fbe59b46
endProcessing "io/moonman/emergingtechnology/config/hydroponics/lights/boosts/IdealGrowthBoostRedBulb.java"

startProcessing "io/moonman/emergingtechnology/config/hydroponics/lights/boosts/IdealGrowthBoostUVBulb.java" md5: 50cbf363124300b80b231d53a503743f
endProcessing "io/moonman/emergingtechnology/config/hydroponics/lights/boosts/IdealGrowthBoostUVBulb.java"

startProcessing "io/moonman/emergingtechnology/config/hydroponics/scrubber/HydroponicsModuleScrubber.java" md5: 16291d900e24bd23922ca1d26cbd3138
endProcessing "io/moonman/emergingtechnology/config/hydroponics/scrubber/HydroponicsModuleScrubber.java"

startProcessing "io/moonman/emergingtechnology/config/polymers/PolymersModule.java" md5: 7e51ba0f81315514150e5ced54898fc0
endProcessing "io/moonman/emergingtechnology/config/polymers/PolymersModule.java"

startProcessing "io/moonman/emergingtechnology/config/polymers/PolymersModuleCollector.java" md5: 7560885aaa0f99c3c89c3315153708a7
endProcessing "io/moonman/emergingtechnology/config/polymers/PolymersModuleCollector.java"

startProcessing "io/moonman/emergingtechnology/config/polymers/PolymersModuleFabricator.java" md5: 1d0e6bf296e220ea1fdb9dd321f28900
endProcessing "io/moonman/emergingtechnology/config/polymers/PolymersModuleFabricator.java"

startProcessing "io/moonman/emergingtechnology/config/polymers/PolymersModuleProcessor.java" md5: 581e9a78da2741fa562705356c0eb0fa
endProcessing "io/moonman/emergingtechnology/config/polymers/PolymersModuleProcessor.java"

startProcessing "io/moonman/emergingtechnology/config/polymers/PolymersModuleShredder.java" md5: 6d457a1545f5528d014bcb2fed78f56b
endProcessing "io/moonman/emergingtechnology/config/polymers/PolymersModuleShredder.java"

startProcessing "io/moonman/emergingtechnology/config/polymers/PolymersModuleWorldGen.java" md5: f2ce90abf6abbc15731881ac81d2561a
endProcessing "io/moonman/emergingtechnology/config/polymers/PolymersModuleWorldGen.java"

startProcessing "io/moonman/emergingtechnology/config/synthetics/SyntheticsModule.java" md5: 760288f2b39f4d13ca21fe88ee3ea055
endProcessing "io/moonman/emergingtechnology/config/synthetics/SyntheticsModule.java"

startProcessing "io/moonman/emergingtechnology/config/synthetics/SyntheticsModuleAlgaeBioreactor.java" md5: bc9623665ece9ed5ca3312e7cba456de
endProcessing "io/moonman/emergingtechnology/config/synthetics/SyntheticsModuleAlgaeBioreactor.java"

startProcessing "io/moonman/emergingtechnology/config/synthetics/SyntheticsModuleBioreactor.java" md5: c0c8121c6fc0fd8f2e7525a1d4c93904
endProcessing "io/moonman/emergingtechnology/config/synthetics/SyntheticsModuleBioreactor.java"

startProcessing "io/moonman/emergingtechnology/config/synthetics/SyntheticsModuleCooker.java" md5: 99b5107f7fe3d86c722bb4a26730162d
endProcessing "io/moonman/emergingtechnology/config/synthetics/SyntheticsModuleCooker.java"

startProcessing "io/moonman/emergingtechnology/config/synthetics/SyntheticsModuleScaffolder.java" md5: f20edf7f87a52c01dd24d7fcbbd79b87
endProcessing "io/moonman/emergingtechnology/config/synthetics/SyntheticsModuleScaffolder.java"

startProcessing "io/moonman/emergingtechnology/fluid/BlockFluidBase.java" md5: 0816e7db87b3527e030d3a14ce826357
endProcessing "io/moonman/emergingtechnology/fluid/BlockFluidBase.java"

startProcessing "io/moonman/emergingtechnology/fluid/FluidBase.java" md5: 16757c6f8f5aad7c4c218546b40ead89
endProcessing "io/moonman/emergingtechnology/fluid/FluidBase.java"

startProcessing "io/moonman/emergingtechnology/fluid/FluidGasBase.java" md5: 83813090ce307d59ca77703ddb4cdbad
endProcessing "io/moonman/emergingtechnology/fluid/FluidGasBase.java"

startProcessing "io/moonman/emergingtechnology/fluid/fluidblocks/CarbonDioxideBlock.java" md5: 0988c3ec1607c5c75be0bd09807ebb10
endProcessing "io/moonman/emergingtechnology/fluid/fluidblocks/CarbonDioxideBlock.java"

startProcessing "io/moonman/emergingtechnology/fluid/fluidblocks/NutrientBlock.java" md5: a66c001c93107d079fcf191ec5358d4a
endProcessing "io/moonman/emergingtechnology/fluid/fluidblocks/NutrientBlock.java"

startProcessing "io/moonman/emergingtechnology/fluid/fluids/CarbonDioxide.java" md5: 9d25fbb4bcb9096172d4817f4f9eda6a
endProcessing "io/moonman/emergingtechnology/fluid/fluids/CarbonDioxide.java"

startProcessing "io/moonman/emergingtechnology/fluid/fluids/Nutrient.java" md5: 40afb3fa92ce048237462d1c9230a6f0
endProcessing "io/moonman/emergingtechnology/fluid/fluids/Nutrient.java"

startProcessing "io/moonman/emergingtechnology/gui/GuiHelper.java" md5: e0676b268c0fdd1cd11ffd174d1c092e
endProcessing "io/moonman/emergingtechnology/gui/GuiHelper.java"

startProcessing "io/moonman/emergingtechnology/gui/GuiProxy.java" md5: aa42728b38582c37346f9dd0dca3b4a1
endProcessing "io/moonman/emergingtechnology/gui/GuiProxy.java"

startProcessing "io/moonman/emergingtechnology/gui/GuiTooltipHelper.java" md5: 34954d72f93f0b76bd8eae0b482fd00e
endProcessing "io/moonman/emergingtechnology/gui/GuiTooltipHelper.java"

startProcessing "io/moonman/emergingtechnology/gui/classes/GuiFabricatorButton.java" md5: 435c9b6430dbccb4743949ab8e2b96ef
endProcessing "io/moonman/emergingtechnology/gui/classes/GuiFabricatorButton.java"

startProcessing "io/moonman/emergingtechnology/gui/classes/GuiFabricatorStatus.java" md5: ead2a18c262a78a2675ff1c636b8de58
endProcessing "io/moonman/emergingtechnology/gui/classes/GuiFabricatorStatus.java"

startProcessing "io/moonman/emergingtechnology/gui/classes/GuiImageButton.java" md5: aaa11493df27e941f07d210fb14c542a
endProcessing "io/moonman/emergingtechnology/gui/classes/GuiImageButton.java"

startProcessing "io/moonman/emergingtechnology/gui/classes/GuiIndicatorData.java" md5: 515ec26205930ece918655680618bb61
endProcessing "io/moonman/emergingtechnology/gui/classes/GuiIndicatorData.java"

startProcessing "io/moonman/emergingtechnology/gui/classes/GuiLabel.java" md5: a632a5ea7be2cc5bd6abbb30b236066a
endProcessing "io/moonman/emergingtechnology/gui/classes/GuiLabel.java"

startProcessing "io/moonman/emergingtechnology/gui/classes/GuiPosition.java" md5: c917becbe144296e27a1dc019abc4a61
endProcessing "io/moonman/emergingtechnology/gui/classes/GuiPosition.java"

startProcessing "io/moonman/emergingtechnology/gui/classes/GuiRegion.java" md5: 15d322e6e776604f318f4f6b9db30577
endProcessing "io/moonman/emergingtechnology/gui/classes/GuiRegion.java"

startProcessing "io/moonman/emergingtechnology/gui/enums/IndicatorPositionEnum.java" md5: 1a25d5857e7ed6ca88e38673df7b23af
endProcessing "io/moonman/emergingtechnology/gui/enums/IndicatorPositionEnum.java"

startProcessing "io/moonman/emergingtechnology/gui/enums/ResourceTypeEnum.java" md5: 8e09fce49aba4f9f1115805907e2335a
endProcessing "io/moonman/emergingtechnology/gui/enums/ResourceTypeEnum.java"

startProcessing "io/moonman/emergingtechnology/handlers/AutomationItemStackHandler.java" md5: 4714979729f9bed7eb188470d2911fa2
endProcessing "io/moonman/emergingtechnology/handlers/AutomationItemStackHandler.java"

startProcessing "io/moonman/emergingtechnology/handlers/energy/ConsumerEnergyStorageHandler.java" md5: 360f969aac2c341c660118f3b9ad2e29
endProcessing "io/moonman/emergingtechnology/handlers/energy/ConsumerEnergyStorageHandler.java"

startProcessing "io/moonman/emergingtechnology/handlers/energy/EnergyStorageHandler.java" md5: 16d2bfcddd421dd497277f229aedb4de
endProcessing "io/moonman/emergingtechnology/handlers/energy/EnergyStorageHandler.java"

startProcessing "io/moonman/emergingtechnology/handlers/energy/GeneratorEnergyStorageHandler.java" md5: 75bbbd6629ea330d5b102b4921eaf752
endProcessing "io/moonman/emergingtechnology/handlers/energy/GeneratorEnergyStorageHandler.java"

startProcessing "io/moonman/emergingtechnology/handlers/fluid/FluidStorageHandler.java" md5: c3c57e870f5e4682660510bcd2444a3f
endProcessing "io/moonman/emergingtechnology/handlers/fluid/FluidStorageHandler.java"

startProcessing "io/moonman/emergingtechnology/handlers/fluid/InputOutputFluidStorageHandler.java" md5: 6353d476606b6a704df0269ac2494096
endProcessing "io/moonman/emergingtechnology/handlers/fluid/InputOutputFluidStorageHandler.java"

startProcessing "io/moonman/emergingtechnology/handlers/fluid/SplitFluidStorageHandler.java" md5: cc68a336cdf2965ba3a0279d0351923c
endProcessing "io/moonman/emergingtechnology/handlers/fluid/SplitFluidStorageHandler.java"

startProcessing "io/moonman/emergingtechnology/helpers/EnergyNetworkHelper.java" md5: 8b6f22bf985acb0ebdd0bf06981847dd
endProcessing "io/moonman/emergingtechnology/helpers/EnergyNetworkHelper.java"

startProcessing "io/moonman/emergingtechnology/helpers/FacingHelper.java" md5: 0a70b50bdf50a34e0aa321b3b878e3ca
endProcessing "io/moonman/emergingtechnology/helpers/FacingHelper.java"

startProcessing "io/moonman/emergingtechnology/helpers/PlantHelper.java" md5: ed5b18a58aa9381ca07007efeecd538d
endProcessing "io/moonman/emergingtechnology/helpers/PlantHelper.java"

startProcessing "io/moonman/emergingtechnology/helpers/StackHelper.java" md5: 229d5d0414065be4ab6039e0cf749d50
endProcessing "io/moonman/emergingtechnology/helpers/StackHelper.java"

startProcessing "io/moonman/emergingtechnology/helpers/animation/AnimationHelper.java" md5: b683a2c5422cea501b68609093448e66
endProcessing "io/moonman/emergingtechnology/helpers/animation/AnimationHelper.java"

startProcessing "io/moonman/emergingtechnology/helpers/animation/HarvesterAnimationStateMachine.java" md5: 0d6237d894e4885d21731d4163711c42
endProcessing "io/moonman/emergingtechnology/helpers/animation/HarvesterAnimationStateMachine.java"

startProcessing "io/moonman/emergingtechnology/helpers/machines/AlgaeBioreactorHelper.java" md5: 333f3d274b3b495d207ee831c6fb1e56
endProcessing "io/moonman/emergingtechnology/helpers/machines/AlgaeBioreactorHelper.java"

startProcessing "io/moonman/emergingtechnology/helpers/machines/BiomassHelper.java" md5: 42e803836660d18afbaa7cb7748609ea
endProcessing "io/moonman/emergingtechnology/helpers/machines/BiomassHelper.java"

startProcessing "io/moonman/emergingtechnology/helpers/machines/BioreactorHelper.java" md5: 21f95ec489d4cfa8a96243638e4ecd9d
endProcessing "io/moonman/emergingtechnology/helpers/machines/BioreactorHelper.java"

startProcessing "io/moonman/emergingtechnology/helpers/machines/CollectorHelper.java" md5: 2ce02922c9254531ed289fb7fbf9aa29
endProcessing "io/moonman/emergingtechnology/helpers/machines/CollectorHelper.java"

startProcessing "io/moonman/emergingtechnology/helpers/machines/CookerHelper.java" md5: 335864a59801759ad1a5017b78a823ca
endProcessing "io/moonman/emergingtechnology/helpers/machines/CookerHelper.java"

startProcessing "io/moonman/emergingtechnology/helpers/machines/DiffuserHelper.java" md5: 6abc3636f42355bfb2739114ed4d899f
endProcessing "io/moonman/emergingtechnology/helpers/machines/DiffuserHelper.java"

startProcessing "io/moonman/emergingtechnology/helpers/machines/FabricatorHelper.java" md5: 6f5caf5e8a585ac9fccec4f7cbe13883
endProcessing "io/moonman/emergingtechnology/helpers/machines/FabricatorHelper.java"

startProcessing "io/moonman/emergingtechnology/helpers/machines/HarvesterHelper.java" md5: 315eb8f2da79ef72de6d5f9109ceaeea
endProcessing "io/moonman/emergingtechnology/helpers/machines/HarvesterHelper.java"

startProcessing "io/moonman/emergingtechnology/helpers/machines/HydroponicHelper.java" md5: c127ff299cc47d7ea6cc71cf94bdda69
endProcessing "io/moonman/emergingtechnology/helpers/machines/HydroponicHelper.java"

startProcessing "io/moonman/emergingtechnology/helpers/machines/InjectorHelper.java" md5: 4664343997cbe9fb57c31050de38a990
endProcessing "io/moonman/emergingtechnology/helpers/machines/InjectorHelper.java"

startProcessing "io/moonman/emergingtechnology/helpers/machines/LightHelper.java" md5: fce93978da8979a518985a740ea03fbe
endProcessing "io/moonman/emergingtechnology/helpers/machines/LightHelper.java"

startProcessing "io/moonman/emergingtechnology/helpers/machines/ProcessorHelper.java" md5: b2bcfa9ad90d00b1ce29693fdac95b7f
endProcessing "io/moonman/emergingtechnology/helpers/machines/ProcessorHelper.java"

startProcessing "io/moonman/emergingtechnology/helpers/machines/ScaffolderHelper.java" md5: 5c0ff8b63481901609c4681734b88f6d
endProcessing "io/moonman/emergingtechnology/helpers/machines/ScaffolderHelper.java"

startProcessing "io/moonman/emergingtechnology/helpers/machines/ScrubberHelper.java" md5: 4482b0782de4021d0883cf2a9feeddae
endProcessing "io/moonman/emergingtechnology/helpers/machines/ScrubberHelper.java"

startProcessing "io/moonman/emergingtechnology/helpers/machines/ShredderHelper.java" md5: bad590a13e6f634e20e4c8ce0325ca9f
endProcessing "io/moonman/emergingtechnology/helpers/machines/ShredderHelper.java"

startProcessing "io/moonman/emergingtechnology/helpers/machines/TidalHelper.java" md5: 4ada03d01df9fb55bb42c628b9772508
endProcessing "io/moonman/emergingtechnology/helpers/machines/TidalHelper.java"

startProcessing "io/moonman/emergingtechnology/helpers/machines/WindHelper.java" md5: ed9eb141270a5949f7e315444f69962c
endProcessing "io/moonman/emergingtechnology/helpers/machines/WindHelper.java"

startProcessing "io/moonman/emergingtechnology/helpers/machines/enums/FabricatorStatusEnum.java" md5: 4164d244edaaf22030afda550497fb51
endProcessing "io/moonman/emergingtechnology/helpers/machines/enums/FabricatorStatusEnum.java"

startProcessing "io/moonman/emergingtechnology/helpers/machines/enums/RotationEnum.java" md5: e0b402e720eebc2ff1770ec8a3767392
endProcessing "io/moonman/emergingtechnology/helpers/machines/enums/RotationEnum.java"

startProcessing "io/moonman/emergingtechnology/helpers/machines/enums/TurbineSpeedEnum.java" md5: 3115adc053b42548bb3913e06a4a4f06
endProcessing "io/moonman/emergingtechnology/helpers/machines/enums/TurbineSpeedEnum.java"

startProcessing "io/moonman/emergingtechnology/init/ModBlocks.java" md5: 533e6c64341918c0be79d2944ce36bfe
endProcessing "io/moonman/emergingtechnology/init/ModBlocks.java"

startProcessing "io/moonman/emergingtechnology/init/ModFluids.java" md5: ee7ca08e8baa8659478d3324b0af9ed5
endProcessing "io/moonman/emergingtechnology/init/ModFluids.java"

startProcessing "io/moonman/emergingtechnology/init/ModItems.java" md5: acb912fc91895d8656ca435c8beccbae
endProcessing "io/moonman/emergingtechnology/init/ModItems.java"

startProcessing "io/moonman/emergingtechnology/init/OreRegistrationHandler.java" md5: 3bc472759850864dc5460ac25d414eaf
endProcessing "io/moonman/emergingtechnology/init/OreRegistrationHandler.java"

startProcessing "io/moonman/emergingtechnology/init/Reference.java" md5: b76284f5a59c9fe5e961bbf7a9499bfd
endProcessing "io/moonman/emergingtechnology/init/Reference.java"

startProcessing "io/moonman/emergingtechnology/init/RegistrationHandler.java" md5: 0687377d4a5569bf1542ddca4abdd6ba
endProcessing "io/moonman/emergingtechnology/init/RegistrationHandler.java"

startProcessing "io/moonman/emergingtechnology/init/RenderHandler.java" md5: 6f69d426d0eb550ef1123aaf4814680a
endProcessing "io/moonman/emergingtechnology/init/RenderHandler.java"

startProcessing "io/moonman/emergingtechnology/integration/ModLoader.java" md5: 3eba4747459f68bdaafd1ab6615fef1c
endProcessing "io/moonman/emergingtechnology/integration/ModLoader.java"

startProcessing "io/moonman/emergingtechnology/integration/crafttweaker/CraftTweakerHelper.java" md5: a15fefb64e41c82497a25feb67bd0d9f
endProcessing "io/moonman/emergingtechnology/integration/crafttweaker/CraftTweakerHelper.java"

startProcessing "io/moonman/emergingtechnology/integration/crafttweaker/machines/AlgaeBioreactor.java" md5: eca27d9fd8e0987ee958d34b819f5b42
endProcessing "io/moonman/emergingtechnology/integration/crafttweaker/machines/AlgaeBioreactor.java"

startProcessing "io/moonman/emergingtechnology/integration/crafttweaker/machines/Biomass.java" md5: 7ad9f3758ff687e7fe7900ae0331326a
endProcessing "io/moonman/emergingtechnology/integration/crafttweaker/machines/Biomass.java"

startProcessing "io/moonman/emergingtechnology/integration/crafttweaker/machines/Bioreactor.java" md5: f0cb220655654312c5d99288244c7561
endProcessing "io/moonman/emergingtechnology/integration/crafttweaker/machines/Bioreactor.java"

startProcessing "io/moonman/emergingtechnology/integration/crafttweaker/machines/Cooker.java" md5: cca3641e4d79c456f46c440a9460bcd6
endProcessing "io/moonman/emergingtechnology/integration/crafttweaker/machines/Cooker.java"

startProcessing "io/moonman/emergingtechnology/integration/crafttweaker/machines/Fabricator.java" md5: c2419b2aea01da8b822c1b4b01cda0de
endProcessing "io/moonman/emergingtechnology/integration/crafttweaker/machines/Fabricator.java"

startProcessing "io/moonman/emergingtechnology/integration/crafttweaker/machines/Injector.java" md5: 205f87a391cf6def9c044b87df717684
endProcessing "io/moonman/emergingtechnology/integration/crafttweaker/machines/Injector.java"

startProcessing "io/moonman/emergingtechnology/integration/crafttweaker/machines/Processor.java" md5: a7ef75a13e80e946d66f19b614521bdc
endProcessing "io/moonman/emergingtechnology/integration/crafttweaker/machines/Processor.java"

startProcessing "io/moonman/emergingtechnology/integration/crafttweaker/machines/Scaffolder.java" md5: e02ce67bcb19ec92e718f02d0ae71ecc
endProcessing "io/moonman/emergingtechnology/integration/crafttweaker/machines/Scaffolder.java"

startProcessing "io/moonman/emergingtechnology/integration/crafttweaker/machines/Shredder.java" md5: 62afee31b4382a4cebfabffcc71fdf71
endProcessing "io/moonman/emergingtechnology/integration/crafttweaker/machines/Shredder.java"

startProcessing "io/moonman/emergingtechnology/integration/crafttweaker/providers/Bulbs.java" md5: 783a1f2c0ef439b74af5581b671c5c16
endProcessing "io/moonman/emergingtechnology/integration/crafttweaker/providers/Bulbs.java"

startProcessing "io/moonman/emergingtechnology/integration/jei/JEIIntegration.java" md5: 365df3cdcc585494d08d31ab531765c6
endProcessing "io/moonman/emergingtechnology/integration/jei/JEIIntegration.java"

startProcessing "io/moonman/emergingtechnology/integration/jei/machines/MachineReference.java" md5: 74e7ef4e62acc201a5ce9c1c4b63c740
endProcessing "io/moonman/emergingtechnology/integration/jei/machines/MachineReference.java"

startProcessing "io/moonman/emergingtechnology/integration/jei/machines/algaebioreactor/AlgaeBioreactorCategory.java" md5: ddfe3ee9da17df93e60b138a8342b7a0
endProcessing "io/moonman/emergingtechnology/integration/jei/machines/algaebioreactor/AlgaeBioreactorCategory.java"

startProcessing "io/moonman/emergingtechnology/integration/jei/machines/algaebioreactor/AlgaeBioreactorRecipeWrapper.java" md5: 30f9e2c581bd44a77e6f2a9c930dca53
endProcessing "io/moonman/emergingtechnology/integration/jei/machines/algaebioreactor/AlgaeBioreactorRecipeWrapper.java"

startProcessing "io/moonman/emergingtechnology/integration/jei/machines/biomass/BiomassCategory.java" md5: ddfeba17ee631adfa4d3aa4a46068f69
endProcessing "io/moonman/emergingtechnology/integration/jei/machines/biomass/BiomassCategory.java"

startProcessing "io/moonman/emergingtechnology/integration/jei/machines/biomass/BiomassRecipeWrapper.java" md5: e7b81e6d8f09613c4496b78d49ee06ee
endProcessing "io/moonman/emergingtechnology/integration/jei/machines/biomass/BiomassRecipeWrapper.java"

startProcessing "io/moonman/emergingtechnology/integration/jei/machines/bioreactor/BioreactorCategory.java" md5: f6cdbd892a9f36029e1d38504c69f8e9
endProcessing "io/moonman/emergingtechnology/integration/jei/machines/bioreactor/BioreactorCategory.java"

startProcessing "io/moonman/emergingtechnology/integration/jei/machines/bioreactor/BioreactorRecipeWrapper.java" md5: 7a3488132fe9a0c48b2452036da27ff7
endProcessing "io/moonman/emergingtechnology/integration/jei/machines/bioreactor/BioreactorRecipeWrapper.java"

startProcessing "io/moonman/emergingtechnology/integration/jei/machines/collector/CollectorCategory.java" md5: 2f42a0f6c034a38647f851ec8410d101
endProcessing "io/moonman/emergingtechnology/integration/jei/machines/collector/CollectorCategory.java"

startProcessing "io/moonman/emergingtechnology/integration/jei/machines/collector/CollectorRecipeWrapper.java" md5: 01ff0c975b12ed317d0fd443a8830300
endProcessing "io/moonman/emergingtechnology/integration/jei/machines/collector/CollectorRecipeWrapper.java"

startProcessing "io/moonman/emergingtechnology/integration/jei/machines/cooker/CookerCategory.java" md5: fe657438cb9dd211e6dd0a18e92948d2
endProcessing "io/moonman/emergingtechnology/integration/jei/machines/cooker/CookerCategory.java"

startProcessing "io/moonman/emergingtechnology/integration/jei/machines/cooker/CookerRecipeWrapper.java" md5: 9d0a32789765fe8dffb370b0e7e37cdf
endProcessing "io/moonman/emergingtechnology/integration/jei/machines/cooker/CookerRecipeWrapper.java"

startProcessing "io/moonman/emergingtechnology/integration/jei/machines/fabricator/FabricatorCategory.java" md5: d8bf279c4e6006ec7e85436a23ca475f
endProcessing "io/moonman/emergingtechnology/integration/jei/machines/fabricator/FabricatorCategory.java"

startProcessing "io/moonman/emergingtechnology/integration/jei/machines/fabricator/FabricatorRecipeWrapper.java" md5: 7c21eb648c1d5bd1cf4efaba7d07e780
endProcessing "io/moonman/emergingtechnology/integration/jei/machines/fabricator/FabricatorRecipeWrapper.java"

startProcessing "io/moonman/emergingtechnology/integration/jei/machines/injector/InjectorCategory.java" md5: 87dfc659f16b16372bacdea4568f7d44
endProcessing "io/moonman/emergingtechnology/integration/jei/machines/injector/InjectorCategory.java"

startProcessing "io/moonman/emergingtechnology/integration/jei/machines/injector/InjectorRecipeWrapper.java" md5: c426331997e037014d6797de3c93bc01
endProcessing "io/moonman/emergingtechnology/integration/jei/machines/injector/InjectorRecipeWrapper.java"

startProcessing "io/moonman/emergingtechnology/integration/jei/machines/processor/ProcessorCategory.java" md5: b7dfe30b1dc49030cd9834770210f821
endProcessing "io/moonman/emergingtechnology/integration/jei/machines/processor/ProcessorCategory.java"

startProcessing "io/moonman/emergingtechnology/integration/jei/machines/processor/ProcessorRecipeWrapper.java" md5: 8b228f966b5811c7b2ede750c4fac1ce
endProcessing "io/moonman/emergingtechnology/integration/jei/machines/processor/ProcessorRecipeWrapper.java"

startProcessing "io/moonman/emergingtechnology/integration/jei/machines/scaffolder/ScaffolderCategory.java" md5: 26cb1bd8c4d887d75bcc491d17d18992
endProcessing "io/moonman/emergingtechnology/integration/jei/machines/scaffolder/ScaffolderCategory.java"

startProcessing "io/moonman/emergingtechnology/integration/jei/machines/scaffolder/ScaffolderRecipeWrapper.java" md5: 67f33a32a3aea8026831cd4d95f44418
endProcessing "io/moonman/emergingtechnology/integration/jei/machines/scaffolder/ScaffolderRecipeWrapper.java"

startProcessing "io/moonman/emergingtechnology/integration/jei/machines/scrubber/ScrubberCategory.java" md5: 28aa080b9c105426dcf62d5947936289
endProcessing "io/moonman/emergingtechnology/integration/jei/machines/scrubber/ScrubberCategory.java"

startProcessing "io/moonman/emergingtechnology/integration/jei/machines/scrubber/ScrubberRecipeWrapper.java" md5: ee70b68ee8339347a5bacdbbe4c96b6e
endProcessing "io/moonman/emergingtechnology/integration/jei/machines/scrubber/ScrubberRecipeWrapper.java"

startProcessing "io/moonman/emergingtechnology/integration/jei/machines/shredder/ShredderCategory.java" md5: 64be724c101b3cbca97e3f882c18554d
endProcessing "io/moonman/emergingtechnology/integration/jei/machines/shredder/ShredderCategory.java"

startProcessing "io/moonman/emergingtechnology/integration/jei/machines/shredder/ShredderRecipeWrapper.java" md5: 68c13c8cafdd65e26239f4210e86c66f
endProcessing "io/moonman/emergingtechnology/integration/jei/machines/shredder/ShredderRecipeWrapper.java"

startProcessing "io/moonman/emergingtechnology/item/ItemBase.java" md5: b8694414ff0041d057ff8af0554073ee
endProcessing "io/moonman/emergingtechnology/item/ItemBase.java"

startProcessing "io/moonman/emergingtechnology/item/ItemFoodBase.java" md5: e6af4536bad3db2edae6165dfef702c1
endProcessing "io/moonman/emergingtechnology/item/ItemFoodBase.java"

startProcessing "io/moonman/emergingtechnology/item/electrics/Biochar.java" md5: d3751cb15b2c002c5ca316d4ac44f474
endProcessing "io/moonman/emergingtechnology/item/electrics/Biochar.java"

startProcessing "io/moonman/emergingtechnology/item/electrics/Biomass.java" md5: fb084dd725d8bce81d436cc7e0a0a0b0
endProcessing "io/moonman/emergingtechnology/item/electrics/Biomass.java"

startProcessing "io/moonman/emergingtechnology/item/hydroponics/Fertilizer.java" md5: af28f9d673d4c570963119d7bf3b0117
endProcessing "io/moonman/emergingtechnology/item/hydroponics/Fertilizer.java"

startProcessing "io/moonman/emergingtechnology/item/hydroponics/bulbs/BlueBulb.java" md5: 8d12a215266e24d7771d54ab74461b04
endProcessing "io/moonman/emergingtechnology/item/hydroponics/bulbs/BlueBulb.java"

startProcessing "io/moonman/emergingtechnology/item/hydroponics/bulbs/BulbItem.java" md5: 4f5c79ed6c4480014f40b119aed427ca
endProcessing "io/moonman/emergingtechnology/item/hydroponics/bulbs/BulbItem.java"

startProcessing "io/moonman/emergingtechnology/item/hydroponics/bulbs/GreenBulb.java" md5: e6e3d81020e68e85d328bf82a6070834
endProcessing "io/moonman/emergingtechnology/item/hydroponics/bulbs/GreenBulb.java"

startProcessing "io/moonman/emergingtechnology/item/hydroponics/bulbs/PurpleBulb.java" md5: f4a15a07497cc0399cfe5b07b6873825
endProcessing "io/moonman/emergingtechnology/item/hydroponics/bulbs/PurpleBulb.java"

startProcessing "io/moonman/emergingtechnology/item/hydroponics/bulbs/RedBulb.java" md5: 2e635c98d3efefaed230ad6061ae02bd
endProcessing "io/moonman/emergingtechnology/item/hydroponics/bulbs/RedBulb.java"

startProcessing "io/moonman/emergingtechnology/item/hydroponics/nozzles/NozzleBase.java" md5: cfc9d66f14f140a40733389bfd967e60
endProcessing "io/moonman/emergingtechnology/item/hydroponics/nozzles/NozzleBase.java"

startProcessing "io/moonman/emergingtechnology/item/hydroponics/nozzles/NozzleComponent.java" md5: 4707e882b7164871a73b8dd007911454
endProcessing "io/moonman/emergingtechnology/item/hydroponics/nozzles/NozzleComponent.java"

startProcessing "io/moonman/emergingtechnology/item/hydroponics/nozzles/NozzleLong.java" md5: 94cab745c2f8665cf2d49ac40e21d9a5
endProcessing "io/moonman/emergingtechnology/item/hydroponics/nozzles/NozzleLong.java"

startProcessing "io/moonman/emergingtechnology/item/hydroponics/nozzles/NozzlePrecise.java" md5: 4deac5a03d1004361ba2e157f1d0bc41
endProcessing "io/moonman/emergingtechnology/item/hydroponics/nozzles/NozzlePrecise.java"

startProcessing "io/moonman/emergingtechnology/item/hydroponics/nozzles/NozzleSmart.java" md5: d142fe8d14bddc871a4109cc62bdcb2b
endProcessing "io/moonman/emergingtechnology/item/hydroponics/nozzles/NozzleSmart.java"

startProcessing "io/moonman/emergingtechnology/item/polymers/Filament.java" md5: 262f77b232d6757536e51b7ab2bc9cc5
endProcessing "io/moonman/emergingtechnology/item/polymers/Filament.java"

startProcessing "io/moonman/emergingtechnology/item/polymers/PaperPulp.java" md5: 0baccb1cde6e0fa0f051a341875c90df
endProcessing "io/moonman/emergingtechnology/item/polymers/PaperPulp.java"

startProcessing "io/moonman/emergingtechnology/item/polymers/PaperWaste.java" md5: 000135e68bc6d1122fe78f56a835773f
endProcessing "io/moonman/emergingtechnology/item/polymers/PaperWaste.java"

startProcessing "io/moonman/emergingtechnology/item/polymers/PlasticRod.java" md5: 24528465deb3cc96bf07e94288be16e8
endProcessing "io/moonman/emergingtechnology/item/polymers/PlasticRod.java"

startProcessing "io/moonman/emergingtechnology/item/polymers/PlasticSheet.java" md5: 7508e8dfa24b5fdc004d6f16fad7bc52
endProcessing "io/moonman/emergingtechnology/item/polymers/PlasticSheet.java"

startProcessing "io/moonman/emergingtechnology/item/polymers/PlasticTissueScaffold.java" md5: ba09dc00c88ac479b63303ea038e3c05
endProcessing "io/moonman/emergingtechnology/item/polymers/PlasticTissueScaffold.java"

startProcessing "io/moonman/emergingtechnology/item/polymers/PlasticWaste.java" md5: 7cdf1a36f0f294d78ef6451254fececd
endProcessing "io/moonman/emergingtechnology/item/polymers/PlasticWaste.java"

startProcessing "io/moonman/emergingtechnology/item/polymers/ShreddedPaper.java" md5: 392fb51cc3ab6d54f5354a371e5312e4
endProcessing "io/moonman/emergingtechnology/item/polymers/ShreddedPaper.java"

startProcessing "io/moonman/emergingtechnology/item/polymers/ShreddedPlant.java" md5: aae7768eaa796a4cba56101f8a005b37
endProcessing "io/moonman/emergingtechnology/item/polymers/ShreddedPlant.java"

startProcessing "io/moonman/emergingtechnology/item/polymers/ShreddedPlastic.java" md5: a9005c4483874fda29e83a4300c0d808
endProcessing "io/moonman/emergingtechnology/item/polymers/ShreddedPlastic.java"

startProcessing "io/moonman/emergingtechnology/item/polymers/ShreddedStarch.java" md5: 35a3de9496d870b8c5d938f0d55d479a
endProcessing "io/moonman/emergingtechnology/item/polymers/ShreddedStarch.java"

startProcessing "io/moonman/emergingtechnology/item/polymers/Turbine.java" md5: 6384b4200358ad763a5aea1c15173e71
endProcessing "io/moonman/emergingtechnology/item/polymers/Turbine.java"

startProcessing "io/moonman/emergingtechnology/item/synthetics/CookedMeatItemBase.java" md5: 24617ba203b9d68890c979575cd332cd
endProcessing "io/moonman/emergingtechnology/item/synthetics/CookedMeatItemBase.java"

startProcessing "io/moonman/emergingtechnology/item/synthetics/RawMeatItemBase.java" md5: 503b392287a6f82ba13925b7ff741c8c
endProcessing "io/moonman/emergingtechnology/item/synthetics/RawMeatItemBase.java"

startProcessing "io/moonman/emergingtechnology/item/synthetics/SampleItemBase.java" md5: f30840b665a4cd5734fa8a4cf6ac3f53
endProcessing "io/moonman/emergingtechnology/item/synthetics/SampleItemBase.java"

startProcessing "io/moonman/emergingtechnology/item/synthetics/SyringeItemBase.java" md5: a70079d94ca28bb8f729caa30d38be6d
endProcessing "io/moonman/emergingtechnology/item/synthetics/SyringeItemBase.java"

startProcessing "io/moonman/emergingtechnology/item/synthetics/consumables/AlgaeBarCooked.java" md5: 33acb75343c5ffdcbd06882122eed5ed
endProcessing "io/moonman/emergingtechnology/item/synthetics/consumables/AlgaeBarCooked.java"

startProcessing "io/moonman/emergingtechnology/item/synthetics/consumables/AlgaeBarRaw.java" md5: 737b64d0d1f72a66ef2266bd870cc5ca
endProcessing "io/moonman/emergingtechnology/item/synthetics/consumables/AlgaeBarRaw.java"

startProcessing "io/moonman/emergingtechnology/item/synthetics/consumables/SyntheticChickenCooked.java" md5: 94608950e297e4f5d98e92682574c20d
endProcessing "io/moonman/emergingtechnology/item/synthetics/consumables/SyntheticChickenCooked.java"

startProcessing "io/moonman/emergingtechnology/item/synthetics/consumables/SyntheticChickenRaw.java" md5: 381291cbe5212304c646504eb1c448b9
endProcessing "io/moonman/emergingtechnology/item/synthetics/consumables/SyntheticChickenRaw.java"

startProcessing "io/moonman/emergingtechnology/item/synthetics/consumables/SyntheticCowCooked.java" md5: c506696a3b5668fb537bb3a0695d8b47
endProcessing "io/moonman/emergingtechnology/item/synthetics/consumables/SyntheticCowCooked.java"

startProcessing "io/moonman/emergingtechnology/item/synthetics/consumables/SyntheticCowRaw.java" md5: 78cb1d0ee50a7c23f6addb2997f03873
endProcessing "io/moonman/emergingtechnology/item/synthetics/consumables/SyntheticCowRaw.java"

startProcessing "io/moonman/emergingtechnology/item/synthetics/consumables/SyntheticPigCooked.java" md5: 900a1bc96dc105aa528d9a01edd83c0c
endProcessing "io/moonman/emergingtechnology/item/synthetics/consumables/SyntheticPigCooked.java"

startProcessing "io/moonman/emergingtechnology/item/synthetics/consumables/SyntheticPigRaw.java" md5: 6a02506cef7752dc74f6b9b1457df3b8
endProcessing "io/moonman/emergingtechnology/item/synthetics/consumables/SyntheticPigRaw.java"

startProcessing "io/moonman/emergingtechnology/item/synthetics/products/Algae.java" md5: edb3edcb233d2c1d4f55a0691e6783d8
endProcessing "io/moonman/emergingtechnology/item/synthetics/products/Algae.java"

startProcessing "io/moonman/emergingtechnology/item/synthetics/products/SyntheticLeather.java" md5: d012dc02b46a6133590e4797f3eb77e5
endProcessing "io/moonman/emergingtechnology/item/synthetics/products/SyntheticLeather.java"

startProcessing "io/moonman/emergingtechnology/item/synthetics/products/SyntheticSilk.java" md5: 852631f1b9e02636bc9f7ee645f94339
endProcessing "io/moonman/emergingtechnology/item/synthetics/products/SyntheticSilk.java"

startProcessing "io/moonman/emergingtechnology/item/synthetics/products/SyntheticSlime.java" md5: 84eafc2df39d74fdb72f51b918c735cb
endProcessing "io/moonman/emergingtechnology/item/synthetics/products/SyntheticSlime.java"

startProcessing "io/moonman/emergingtechnology/item/synthetics/samples/Sample.java" md5: 7752fd6f5d181e751f17ad3432cbc8f6
endProcessing "io/moonman/emergingtechnology/item/synthetics/samples/Sample.java"

startProcessing "io/moonman/emergingtechnology/item/synthetics/syringes/EmptySyringe.java" md5: c71eae588c061244df75f3decc45b7fc
endProcessing "io/moonman/emergingtechnology/item/synthetics/syringes/EmptySyringe.java"

startProcessing "io/moonman/emergingtechnology/item/synthetics/syringes/FullSyringe.java" md5: 906a366ef1c9623a5e875a864d60abad
endProcessing "io/moonman/emergingtechnology/item/synthetics/syringes/FullSyringe.java"

startProcessing "io/moonman/emergingtechnology/machines/MachineBase.java" md5: 0c7edfc2d27c4a021f04abff64bc5809
endProcessing "io/moonman/emergingtechnology/machines/MachineBase.java"

startProcessing "io/moonman/emergingtechnology/machines/MachineTileBase.java" md5: db204d3d58c66930928cb61dda9bca35
endProcessing "io/moonman/emergingtechnology/machines/MachineTileBase.java"

startProcessing "io/moonman/emergingtechnology/machines/SimpleMachineBase.java" md5: 39797c331ba5566d170f7a6f505d0388
endProcessing "io/moonman/emergingtechnology/machines/SimpleMachineBase.java"

startProcessing "io/moonman/emergingtechnology/machines/algaebioreactor/AlgaeBioreactor.java" md5: 05b92909f56376c85ba00fd9b6ffcde4
endProcessing "io/moonman/emergingtechnology/machines/algaebioreactor/AlgaeBioreactor.java"

startProcessing "io/moonman/emergingtechnology/machines/algaebioreactor/AlgaeBioreactorContainer.java" md5: e8732a73e8810155fc66da30b907cdaf
endProcessing "io/moonman/emergingtechnology/machines/algaebioreactor/AlgaeBioreactorContainer.java"

startProcessing "io/moonman/emergingtechnology/machines/algaebioreactor/AlgaeBioreactorGui.java" md5: aabc6f3ef47d5f51d0cc38aa4a7f15a6
endProcessing "io/moonman/emergingtechnology/machines/algaebioreactor/AlgaeBioreactorGui.java"

startProcessing "io/moonman/emergingtechnology/machines/algaebioreactor/AlgaeBioreactorTileEntity.java" md5: 912dc70f373454995666118eaa22eabb
endProcessing "io/moonman/emergingtechnology/machines/algaebioreactor/AlgaeBioreactorTileEntity.java"

startProcessing "io/moonman/emergingtechnology/machines/battery/Battery.java" md5: 322b8d0a210531ea1b0a0c18b6474f90
endProcessing "io/moonman/emergingtechnology/machines/battery/Battery.java"

startProcessing "io/moonman/emergingtechnology/machines/battery/BatteryContainer.java" md5: ae23b3e040e08297a7df33c46b8b4d39
endProcessing "io/moonman/emergingtechnology/machines/battery/BatteryContainer.java"

startProcessing "io/moonman/emergingtechnology/machines/battery/BatteryGui.java" md5: 9e6bdbc0d8b380acb6bbcaa92391de2b
endProcessing "io/moonman/emergingtechnology/machines/battery/BatteryGui.java"

startProcessing "io/moonman/emergingtechnology/machines/battery/BatteryTileEntity.java" md5: 827adb91886bd7cd72e3001d849eb766
endProcessing "io/moonman/emergingtechnology/machines/battery/BatteryTileEntity.java"

startProcessing "io/moonman/emergingtechnology/machines/biomass/BiomassGenerator.java" md5: d93e9912858c6f16fdd82197145ee4e1
endProcessing "io/moonman/emergingtechnology/machines/biomass/BiomassGenerator.java"

startProcessing "io/moonman/emergingtechnology/machines/biomass/BiomassGeneratorContainer.java" md5: e782524335a1960515e7af06ecec952b
endProcessing "io/moonman/emergingtechnology/machines/biomass/BiomassGeneratorContainer.java"

startProcessing "io/moonman/emergingtechnology/machines/biomass/BiomassGeneratorGui.java" md5: 2bd1bac13a12805e5c6f59d8bd741ccf
endProcessing "io/moonman/emergingtechnology/machines/biomass/BiomassGeneratorGui.java"

startProcessing "io/moonman/emergingtechnology/machines/biomass/BiomassGeneratorTileEntity.java" md5: 789edb1d8b8b49736d0e0d1e9d1c1d2d
endProcessing "io/moonman/emergingtechnology/machines/biomass/BiomassGeneratorTileEntity.java"

startProcessing "io/moonman/emergingtechnology/machines/bioreactor/Bioreactor.java" md5: 23de905c22fc0ec1b31b9af5ac0693e1
endProcessing "io/moonman/emergingtechnology/machines/bioreactor/Bioreactor.java"

startProcessing "io/moonman/emergingtechnology/machines/bioreactor/BioreactorContainer.java" md5: dbbe1f0df3c55af1917499ffbdd1fc62
endProcessing "io/moonman/emergingtechnology/machines/bioreactor/BioreactorContainer.java"

startProcessing "io/moonman/emergingtechnology/machines/bioreactor/BioreactorGui.java" md5: 3e395b3ea2d16cee2501d6fbe95eac41
endProcessing "io/moonman/emergingtechnology/machines/bioreactor/BioreactorGui.java"

startProcessing "io/moonman/emergingtechnology/machines/bioreactor/BioreactorTileEntity.java" md5: 02f24375d101216593ffc273e530d952
endProcessing "io/moonman/emergingtechnology/machines/bioreactor/BioreactorTileEntity.java"

startProcessing "io/moonman/emergingtechnology/machines/collector/Collector.java" md5: d81a6071dd7d712aacf6bd679f120a20
endProcessing "io/moonman/emergingtechnology/machines/collector/Collector.java"

startProcessing "io/moonman/emergingtechnology/machines/collector/CollectorContainer.java" md5: ebcf2fe433712530d00b66e740721584
endProcessing "io/moonman/emergingtechnology/machines/collector/CollectorContainer.java"

startProcessing "io/moonman/emergingtechnology/machines/collector/CollectorGui.java" md5: 27266becbef3c7eeebbaa0c9bede64b0
endProcessing "io/moonman/emergingtechnology/machines/collector/CollectorGui.java"

startProcessing "io/moonman/emergingtechnology/machines/collector/CollectorTileEntity.java" md5: 453fe7048ab1bb98f0e6a43cd30d1223
endProcessing "io/moonman/emergingtechnology/machines/collector/CollectorTileEntity.java"

startProcessing "io/moonman/emergingtechnology/machines/cooker/Cooker.java" md5: 9c3a89ce4580c44f67a935a0d51421c7
endProcessing "io/moonman/emergingtechnology/machines/cooker/Cooker.java"

startProcessing "io/moonman/emergingtechnology/machines/cooker/CookerContainer.java" md5: 3dbb9521ef55c64c6222d3cca2ceac7d
endProcessing "io/moonman/emergingtechnology/machines/cooker/CookerContainer.java"

startProcessing "io/moonman/emergingtechnology/machines/cooker/CookerGui.java" md5: e3e2b62d13f5753ec24cd2ea80549d48
endProcessing "io/moonman/emergingtechnology/machines/cooker/CookerGui.java"

startProcessing "io/moonman/emergingtechnology/machines/cooker/CookerTileEntity.java" md5: a5247d7595e3bcf212d5d0ee965f382c
endProcessing "io/moonman/emergingtechnology/machines/cooker/CookerTileEntity.java"

startProcessing "io/moonman/emergingtechnology/machines/diffuser/Diffuser.java" md5: 38e5bfbac9b68da5b2efb96b7eb962c5
endProcessing "io/moonman/emergingtechnology/machines/diffuser/Diffuser.java"

startProcessing "io/moonman/emergingtechnology/machines/diffuser/DiffuserContainer.java" md5: 3a77dcb58400badda0fb4a9a0d6bbc6d
endProcessing "io/moonman/emergingtechnology/machines/diffuser/DiffuserContainer.java"

startProcessing "io/moonman/emergingtechnology/machines/diffuser/DiffuserGui.java" md5: ffb8e8e847f429d2e04eaf9afe302d4e
endProcessing "io/moonman/emergingtechnology/machines/diffuser/DiffuserGui.java"

startProcessing "io/moonman/emergingtechnology/machines/diffuser/DiffuserTileEntity.java" md5: 4845509d2610944d2a7e7abc8810934c
endProcessing "io/moonman/emergingtechnology/machines/diffuser/DiffuserTileEntity.java"

startProcessing "io/moonman/emergingtechnology/machines/fabricator/Fabricator.java" md5: a5e25271ef54f6eb42f37aed400e5e69
endProcessing "io/moonman/emergingtechnology/machines/fabricator/Fabricator.java"

startProcessing "io/moonman/emergingtechnology/machines/fabricator/FabricatorContainer.java" md5: c595f57bc7a0afddbd6134b0b6c3d0eb
endProcessing "io/moonman/emergingtechnology/machines/fabricator/FabricatorContainer.java"

startProcessing "io/moonman/emergingtechnology/machines/fabricator/FabricatorGui.java" md5: e3a0feee3986d17891d410568efbe765
endProcessing "io/moonman/emergingtechnology/machines/fabricator/FabricatorGui.java"

startProcessing "io/moonman/emergingtechnology/machines/fabricator/FabricatorTileEntity.java" md5: b282d82684fe289b161990777403c796
endProcessing "io/moonman/emergingtechnology/machines/fabricator/FabricatorTileEntity.java"

startProcessing "io/moonman/emergingtechnology/machines/filler/Filler.java" md5: 281065de584ba1452d39e2168b218173
endProcessing "io/moonman/emergingtechnology/machines/filler/Filler.java"

startProcessing "io/moonman/emergingtechnology/machines/filler/FillerTileEntity.java" md5: c748f60c41a06499032ee33b508e5c81
endProcessing "io/moonman/emergingtechnology/machines/filler/FillerTileEntity.java"

startProcessing "io/moonman/emergingtechnology/machines/harvester/Harvester.java" md5: 3937cff0378564ee78901f51e0cddce0
endProcessing "io/moonman/emergingtechnology/machines/harvester/Harvester.java"

startProcessing "io/moonman/emergingtechnology/machines/harvester/HarvesterContainer.java" md5: e9bbb27f2b91f0a94811c5e9d21ddf45
endProcessing "io/moonman/emergingtechnology/machines/harvester/HarvesterContainer.java"

startProcessing "io/moonman/emergingtechnology/machines/harvester/HarvesterGui.java" md5: 1e0bc05dfd4a727b971a01fa4a41362d
endProcessing "io/moonman/emergingtechnology/machines/harvester/HarvesterGui.java"

startProcessing "io/moonman/emergingtechnology/machines/harvester/HarvesterTileEntity.java" md5: 5b732416b5dbdb224a10f5d780150b44
endProcessing "io/moonman/emergingtechnology/machines/harvester/HarvesterTileEntity.java"

startProcessing "io/moonman/emergingtechnology/machines/hydroponic/Hydroponic.java" md5: b0ce054600d32071f3751845341a872c
endProcessing "io/moonman/emergingtechnology/machines/hydroponic/Hydroponic.java"

startProcessing "io/moonman/emergingtechnology/machines/hydroponic/HydroponicContainer.java" md5: a6921cd5e12d7bc58538cb31aa8d7ed6
endProcessing "io/moonman/emergingtechnology/machines/hydroponic/HydroponicContainer.java"

startProcessing "io/moonman/emergingtechnology/machines/hydroponic/HydroponicGui.java" md5: 5628171343c1aba39a2943d7bfde3434
endProcessing "io/moonman/emergingtechnology/machines/hydroponic/HydroponicGui.java"

startProcessing "io/moonman/emergingtechnology/machines/hydroponic/HydroponicTESR.java" md5: 1d2b68cfe14a0eb26650daa86c534617
endProcessing "io/moonman/emergingtechnology/machines/hydroponic/HydroponicTESR.java"

startProcessing "io/moonman/emergingtechnology/machines/hydroponic/HydroponicTileEntity.java" md5: 3f3b535f284afc8897d039f9b4f7e3a7
endProcessing "io/moonman/emergingtechnology/machines/hydroponic/HydroponicTileEntity.java"

startProcessing "io/moonman/emergingtechnology/machines/injector/Injector.java" md5: 6ebd0f1e731e63c59428c770e8c79755
endProcessing "io/moonman/emergingtechnology/machines/injector/Injector.java"

startProcessing "io/moonman/emergingtechnology/machines/injector/InjectorContainer.java" md5: 2e1184bf8d9b92fc308bc1d0a6b80e11
endProcessing "io/moonman/emergingtechnology/machines/injector/InjectorContainer.java"

startProcessing "io/moonman/emergingtechnology/machines/injector/InjectorGui.java" md5: bb634b253a419f6f7eed28197fcc5e22
endProcessing "io/moonman/emergingtechnology/machines/injector/InjectorGui.java"

startProcessing "io/moonman/emergingtechnology/machines/injector/InjectorTileEntity.java" md5: 773ed92e7ceb198d67a494b0065cff43
endProcessing "io/moonman/emergingtechnology/machines/injector/InjectorTileEntity.java"

startProcessing "io/moonman/emergingtechnology/machines/light/Light.java" md5: 7f27d7c989bac8900de9da4eaffa0130
endProcessing "io/moonman/emergingtechnology/machines/light/Light.java"

startProcessing "io/moonman/emergingtechnology/machines/light/LightContainer.java" md5: 4d4708d415566a19c196c0e5a0197f89
endProcessing "io/moonman/emergingtechnology/machines/light/LightContainer.java"

startProcessing "io/moonman/emergingtechnology/machines/light/LightGui.java" md5: 28e983f3f3c4e7192811bf274e005a22
endProcessing "io/moonman/emergingtechnology/machines/light/LightGui.java"

startProcessing "io/moonman/emergingtechnology/machines/light/LightTileEntity.java" md5: 379e1a329a25b22aeaedd5d1ee65041f
endProcessing "io/moonman/emergingtechnology/machines/light/LightTileEntity.java"

startProcessing "io/moonman/emergingtechnology/machines/piezoelectric/Piezoelectric.java" md5: d9426746f70eb4dea83ece5f149cd8ce
endProcessing "io/moonman/emergingtechnology/machines/piezoelectric/Piezoelectric.java"

startProcessing "io/moonman/emergingtechnology/machines/piezoelectric/PiezoelectricTileEntity.java" md5: 70de03ce2a2f60e9f02c5c7012cade17
endProcessing "io/moonman/emergingtechnology/machines/piezoelectric/PiezoelectricTileEntity.java"

startProcessing "io/moonman/emergingtechnology/machines/processor/Processor.java" md5: a89335849836baabc0cabd1a5c272256
endProcessing "io/moonman/emergingtechnology/machines/processor/Processor.java"

startProcessing "io/moonman/emergingtechnology/machines/processor/ProcessorContainer.java" md5: d0983c337b61a4f802b16ed9d0f1fbaa
endProcessing "io/moonman/emergingtechnology/machines/processor/ProcessorContainer.java"

startProcessing "io/moonman/emergingtechnology/machines/processor/ProcessorGui.java" md5: 58f6e29978723429631c1367ca94536a
endProcessing "io/moonman/emergingtechnology/machines/processor/ProcessorGui.java"

startProcessing "io/moonman/emergingtechnology/machines/processor/ProcessorTileEntity.java" md5: 700e485c9684b11a5647b36f0e319fb8
endProcessing "io/moonman/emergingtechnology/machines/processor/ProcessorTileEntity.java"

startProcessing "io/moonman/emergingtechnology/machines/scaffolder/Scaffolder.java" md5: 5a3858e03832f434a4d2c33906665cf8
endProcessing "io/moonman/emergingtechnology/machines/scaffolder/Scaffolder.java"

startProcessing "io/moonman/emergingtechnology/machines/scaffolder/ScaffolderContainer.java" md5: 766d5007e834aeba5d56bfdd8d88b82d
endProcessing "io/moonman/emergingtechnology/machines/scaffolder/ScaffolderContainer.java"

startProcessing "io/moonman/emergingtechnology/machines/scaffolder/ScaffolderGui.java" md5: a97d3bb29c38a1105ab82472be8e87c0
endProcessing "io/moonman/emergingtechnology/machines/scaffolder/ScaffolderGui.java"

startProcessing "io/moonman/emergingtechnology/machines/scaffolder/ScaffolderTileEntity.java" md5: 4e1560a0093923113313ce03b3217bc7
endProcessing "io/moonman/emergingtechnology/machines/scaffolder/ScaffolderTileEntity.java"

startProcessing "io/moonman/emergingtechnology/machines/scrubber/Scrubber.java" md5: da18b8fbbeeb62fbc1ed3f0f8150c3c1
endProcessing "io/moonman/emergingtechnology/machines/scrubber/Scrubber.java"

startProcessing "io/moonman/emergingtechnology/machines/scrubber/ScrubberContainer.java" md5: 7ec20db3d2b0246adff5c938b4b457d7
endProcessing "io/moonman/emergingtechnology/machines/scrubber/ScrubberContainer.java"

startProcessing "io/moonman/emergingtechnology/machines/scrubber/ScrubberGui.java" md5: 39c85ebb7c8cace211093de42c78c340
endProcessing "io/moonman/emergingtechnology/machines/scrubber/ScrubberGui.java"

startProcessing "io/moonman/emergingtechnology/machines/scrubber/ScrubberTileEntity.java" md5: eab8a5dab58f5c86b1ccad2ebcfafada
endProcessing "io/moonman/emergingtechnology/machines/scrubber/ScrubberTileEntity.java"

startProcessing "io/moonman/emergingtechnology/machines/shredder/Shredder.java" md5: 15cebdd9fd4042ae228b528f19676228
endProcessing "io/moonman/emergingtechnology/machines/shredder/Shredder.java"

startProcessing "io/moonman/emergingtechnology/machines/shredder/ShredderContainer.java" md5: 54331ba9dff41855cded164edfc151a8
endProcessing "io/moonman/emergingtechnology/machines/shredder/ShredderContainer.java"

startProcessing "io/moonman/emergingtechnology/machines/shredder/ShredderGui.java" md5: 0ed1207fbd0b1909951ab793dad78371
endProcessing "io/moonman/emergingtechnology/machines/shredder/ShredderGui.java"

startProcessing "io/moonman/emergingtechnology/machines/shredder/ShredderTileEntity.java" md5: 888aadd22a4f72d3e387817659cc5c66
endProcessing "io/moonman/emergingtechnology/machines/shredder/ShredderTileEntity.java"

startProcessing "io/moonman/emergingtechnology/machines/solar/Solar.java" md5: 6cef0f9e19ad3523ac355c3bf6127aab
endProcessing "io/moonman/emergingtechnology/machines/solar/Solar.java"

startProcessing "io/moonman/emergingtechnology/machines/solar/SolarTileEntity.java" md5: 5721142cb1a2f4af32a10dabd8f163c4
endProcessing "io/moonman/emergingtechnology/machines/solar/SolarTileEntity.java"

startProcessing "io/moonman/emergingtechnology/machines/solarglass/SolarGlass.java" md5: c58fcef8fe18e169ed817f7595766b46
endProcessing "io/moonman/emergingtechnology/machines/solarglass/SolarGlass.java"

startProcessing "io/moonman/emergingtechnology/machines/solarglass/SolarGlassTileEntity.java" md5: d17040d1ba3a9c4251307024590a6244
endProcessing "io/moonman/emergingtechnology/machines/solarglass/SolarGlassTileEntity.java"

startProcessing "io/moonman/emergingtechnology/machines/tidal/TidalGenerator.java" md5: 5e8beec7d65456d924c9f804b275186e
endProcessing "io/moonman/emergingtechnology/machines/tidal/TidalGenerator.java"

startProcessing "io/moonman/emergingtechnology/machines/tidal/TidalGeneratorTileEntity.java" md5: 47b3a28eb44eac0ec1d201f22643bfe3
endProcessing "io/moonman/emergingtechnology/machines/tidal/TidalGeneratorTileEntity.java"

startProcessing "io/moonman/emergingtechnology/machines/wind/Wind.java" md5: f7f71f06fc724905cd67b987cc134e5f
endProcessing "io/moonman/emergingtechnology/machines/wind/Wind.java"

startProcessing "io/moonman/emergingtechnology/machines/wind/WindTileEntity.java" md5: 1aa9c74923c64a5f4a085715ec999ba8
endProcessing "io/moonman/emergingtechnology/machines/wind/WindTileEntity.java"

startProcessing "io/moonman/emergingtechnology/network/PacketHandler.java" md5: 9cf30b67ebb36551a9753602d90636f9
endProcessing "io/moonman/emergingtechnology/network/PacketHandler.java"

startProcessing "io/moonman/emergingtechnology/network/animation/HarvesterActionAnimationPacket.java" md5: da26ab3c26ca0e1161be94eee99190dc
endProcessing "io/moonman/emergingtechnology/network/animation/HarvesterActionAnimationPacket.java"

startProcessing "io/moonman/emergingtechnology/network/animation/HarvesterRotationAnimationPacket.java" md5: acd19cfac211e35817f43b1a61f4f3c0
endProcessing "io/moonman/emergingtechnology/network/animation/HarvesterRotationAnimationPacket.java"

startProcessing "io/moonman/emergingtechnology/network/animation/ScrubberAnimationPacket.java" md5: 4d5d89b9881e6cdd37dbdb2e89e0d5dc
endProcessing "io/moonman/emergingtechnology/network/animation/ScrubberAnimationPacket.java"

startProcessing "io/moonman/emergingtechnology/network/animation/TidalGeneratorAnimationPacket.java" md5: f75a02fb6a156f572305c852a30e2196
endProcessing "io/moonman/emergingtechnology/network/animation/TidalGeneratorAnimationPacket.java"

startProcessing "io/moonman/emergingtechnology/network/animation/WindGeneratorAnimationPacket.java" md5: 6c3e23fd59f680522c3a1d4223fc2655
endProcessing "io/moonman/emergingtechnology/network/animation/WindGeneratorAnimationPacket.java"

startProcessing "io/moonman/emergingtechnology/network/gui/FabricatorSelectionPacket.java" md5: ee8c174a79f709a92138c6a3afcd6871
endProcessing "io/moonman/emergingtechnology/network/gui/FabricatorSelectionPacket.java"

startProcessing "io/moonman/emergingtechnology/network/gui/FabricatorStopStartPacket.java" md5: 45a302aa1b6b0b63b4ce0a7d627b0e47
endProcessing "io/moonman/emergingtechnology/network/gui/FabricatorStopStartPacket.java"

startProcessing "io/moonman/emergingtechnology/providers/ModBulbProvider.java" md5: 5462a2edca4d8c29d9a715945e9de43b
endProcessing "io/moonman/emergingtechnology/providers/ModBulbProvider.java"

startProcessing "io/moonman/emergingtechnology/providers/ModFluidProvider.java" md5: e47e92416b120bbccc7d4afe13d8ae6a
endProcessing "io/moonman/emergingtechnology/providers/ModFluidProvider.java"

startProcessing "io/moonman/emergingtechnology/providers/ModMediumProvider.java" md5: 6e7ed64125333ec3c6135e7fd160db9f
endProcessing "io/moonman/emergingtechnology/providers/ModMediumProvider.java"

startProcessing "io/moonman/emergingtechnology/providers/ModTissueProvider.java" md5: a453d34fc8740e816ad0c5bdf47d643b
endProcessing "io/moonman/emergingtechnology/providers/ModTissueProvider.java"

startProcessing "io/moonman/emergingtechnology/providers/classes/ModBulb.java" md5: f4b518d214ff447f7827c5d691d19f92
endProcessing "io/moonman/emergingtechnology/providers/classes/ModBulb.java"

startProcessing "io/moonman/emergingtechnology/providers/classes/ModFluid.java" md5: 2ac90a0359401134a6acc28db03dd64e
endProcessing "io/moonman/emergingtechnology/providers/classes/ModFluid.java"

startProcessing "io/moonman/emergingtechnology/providers/classes/ModMedium.java" md5: 57a122b7a34876cfbcd34455bed0067a
endProcessing "io/moonman/emergingtechnology/providers/classes/ModMedium.java"

startProcessing "io/moonman/emergingtechnology/providers/classes/ModTissue.java" md5: 9290bacad64f3eb23fd38b1087aa1cff
endProcessing "io/moonman/emergingtechnology/providers/classes/ModTissue.java"

startProcessing "io/moonman/emergingtechnology/providers/loaders/CustomBulbLoader.java" md5: 01f9389ef2801a7a417561a9b2ff3c9d
endProcessing "io/moonman/emergingtechnology/providers/loaders/CustomBulbLoader.java"

startProcessing "io/moonman/emergingtechnology/providers/loaders/CustomFluidLoader.java" md5: 967d2eff91555f18d836d55660e648aa
endProcessing "io/moonman/emergingtechnology/providers/loaders/CustomFluidLoader.java"

startProcessing "io/moonman/emergingtechnology/providers/loaders/CustomMediumLoader.java" md5: 2bc72efd97e8ca56a7cd86fb0dd5877a
endProcessing "io/moonman/emergingtechnology/providers/loaders/CustomMediumLoader.java"

startProcessing "io/moonman/emergingtechnology/providers/loaders/CustomTissueLoader.java" md5: ad8b15d1040de807682df4c141d11d5f
endProcessing "io/moonman/emergingtechnology/providers/loaders/CustomTissueLoader.java"

startProcessing "io/moonman/emergingtechnology/providers/system/JsonHelper.java" md5: 189bf2b600b222e0cd6c1d97326abfb3
endProcessing "io/moonman/emergingtechnology/providers/system/JsonHelper.java"

startProcessing "io/moonman/emergingtechnology/providers/wrappers/CustomBulbWrapper.java" md5: b36e2e340148bb3c20b41f25534816a8
endProcessing "io/moonman/emergingtechnology/providers/wrappers/CustomBulbWrapper.java"

startProcessing "io/moonman/emergingtechnology/providers/wrappers/CustomFluidWrapper.java" md5: 064474273473eb816a4a0432dc4d72a6
endProcessing "io/moonman/emergingtechnology/providers/wrappers/CustomFluidWrapper.java"

startProcessing "io/moonman/emergingtechnology/providers/wrappers/CustomMediumWrapper.java" md5: 319bb08f60f7f3c2046cd9f6f3d7b70b
endProcessing "io/moonman/emergingtechnology/providers/wrappers/CustomMediumWrapper.java"

startProcessing "io/moonman/emergingtechnology/providers/wrappers/CustomTissueWrapper.java" md5: 7ffe2c6c83f6e0419cef19d6159d36b0
endProcessing "io/moonman/emergingtechnology/providers/wrappers/CustomTissueWrapper.java"

startProcessing "io/moonman/emergingtechnology/proxy/ClientOnlyProxy.java" md5: 4c8cb4c3831152837c518844aa2aba03
endProcessing "io/moonman/emergingtechnology/proxy/ClientOnlyProxy.java"

startProcessing "io/moonman/emergingtechnology/proxy/CommonProxy.java" md5: 81bb7a9e7a5d42fb6ee86685bc7df6a7
endProcessing "io/moonman/emergingtechnology/proxy/CommonProxy.java"

startProcessing "io/moonman/emergingtechnology/proxy/DedicatedServerProxy.java" md5: 5f6048db6a95de0855a3edd417b0c972
endProcessing "io/moonman/emergingtechnology/proxy/DedicatedServerProxy.java"

startProcessing "io/moonman/emergingtechnology/recipes/RecipeBuilder.java" md5: a2e6db66f774ae7668f2a42494329af0
endProcessing "io/moonman/emergingtechnology/recipes/RecipeBuilder.java"

startProcessing "io/moonman/emergingtechnology/recipes/classes/EmptyRecipe.java" md5: f7e1c92664a95f9be39ea732f43ae1cb
endProcessing "io/moonman/emergingtechnology/recipes/classes/EmptyRecipe.java"

startProcessing "io/moonman/emergingtechnology/recipes/classes/FabricatorRecipe.java" md5: d684de5ddf1b2c5ddc898058bc440105
endProcessing "io/moonman/emergingtechnology/recipes/classes/FabricatorRecipe.java"

startProcessing "io/moonman/emergingtechnology/recipes/classes/IMachineRecipe.java" md5: 7d6fb071041da30472d509e8fde97fcb
endProcessing "io/moonman/emergingtechnology/recipes/classes/IMachineRecipe.java"

startProcessing "io/moonman/emergingtechnology/recipes/classes/SimpleRecipe.java" md5: 7e0d6589bba6fa875397645d4b323421
endProcessing "io/moonman/emergingtechnology/recipes/classes/SimpleRecipe.java"

startProcessing "io/moonman/emergingtechnology/recipes/machines/AlgaeBioreactorRecipes.java" md5: aaf37fe0cd76f7edb43c6715be1866ac
endProcessing "io/moonman/emergingtechnology/recipes/machines/AlgaeBioreactorRecipes.java"

startProcessing "io/moonman/emergingtechnology/recipes/machines/BiomassRecipes.java" md5: 46b6c683f5cab3aa5de635126f69fd86
endProcessing "io/moonman/emergingtechnology/recipes/machines/BiomassRecipes.java"

startProcessing "io/moonman/emergingtechnology/recipes/machines/BioreactorRecipes.java" md5: 0f2cc54ee5d477414974b031a71161e3
endProcessing "io/moonman/emergingtechnology/recipes/machines/BioreactorRecipes.java"

startProcessing "io/moonman/emergingtechnology/recipes/machines/CollectorRecipes.java" md5: bdbfa9ad1346b4c9f9a497f01e7a962a
endProcessing "io/moonman/emergingtechnology/recipes/machines/CollectorRecipes.java"

startProcessing "io/moonman/emergingtechnology/recipes/machines/CookerRecipes.java" md5: 049d414663b19192aada51d95f14ca6e
endProcessing "io/moonman/emergingtechnology/recipes/machines/CookerRecipes.java"

startProcessing "io/moonman/emergingtechnology/recipes/machines/FabricatorRecipes.java" md5: 7762b2fc25b6f143fc610c1e7260d50a
endProcessing "io/moonman/emergingtechnology/recipes/machines/FabricatorRecipes.java"

startProcessing "io/moonman/emergingtechnology/recipes/machines/InjectorRecipes.java" md5: adbd03468e93549430d18abe8a0c2b64
endProcessing "io/moonman/emergingtechnology/recipes/machines/InjectorRecipes.java"

startProcessing "io/moonman/emergingtechnology/recipes/machines/ProcessorRecipes.java" md5: 3d5f82b27e0b7c401ff7af23ef134a5a
endProcessing "io/moonman/emergingtechnology/recipes/machines/ProcessorRecipes.java"

startProcessing "io/moonman/emergingtechnology/recipes/machines/ScaffolderRecipes.java" md5: dbfe8ee2d5f20165222da0b6f9d50a5d
endProcessing "io/moonman/emergingtechnology/recipes/machines/ScaffolderRecipes.java"

startProcessing "io/moonman/emergingtechnology/recipes/machines/ScrubberRecipes.java" md5: cae873c9a27b3092295dc77667d33401
endProcessing "io/moonman/emergingtechnology/recipes/machines/ScrubberRecipes.java"

startProcessing "io/moonman/emergingtechnology/recipes/machines/ShredderRecipes.java" md5: 0d6aaabfc2e4b890ad42c695893d728f
endProcessing "io/moonman/emergingtechnology/recipes/machines/ShredderRecipes.java"

startProcessing "io/moonman/emergingtechnology/util/KeyBindings.java" md5: f8abbad388179774530252d9ef013849
endProcessing "io/moonman/emergingtechnology/util/KeyBindings.java"

startProcessing "io/moonman/emergingtechnology/util/Lang.java" md5: 5d3090e6f8064076a88eb8a054c0f031
endProcessing "io/moonman/emergingtechnology/util/Lang.java"

startProcessing "io/moonman/emergingtechnology/util/TechnologyTab.java" md5: 59fbf04d557811fae76a4918bb22570d
endProcessing "io/moonman/emergingtechnology/util/TechnologyTab.java"

startProcessing "io/moonman/emergingtechnology/worldgen/BlockStateMatcher.java" md5: b881953fe09ea179fbe2a92d6b4a3e3e
endProcessing "io/moonman/emergingtechnology/worldgen/BlockStateMatcher.java"

startProcessing "io/moonman/emergingtechnology/worldgen/OreGenerator.java" md5: 061cb40f2b980fdd53f1335d0b56e333
endProcessing "io/moonman/emergingtechnology/worldgen/OreGenerator.java"

startProcessing "io/moonman/emergingtechnology/worldgen/WorldTickHandler.java" md5: d0b44ff601aac0ecc13d383aacc32c92
endProcessing "io/moonman/emergingtechnology/worldgen/WorldTickHandler.java"

