#
# A fatal error has been detected by the Java Runtime Environment:
#
#  EXCEPTION_ACCESS_VIOLATION (0xc0000005) at pc=0x00000000210f1066, pid=15656, tid=0x0000000000002f98
#
# JRE version: Java(TM) SE Runtime Environment (8.0_161-b12) (build 1.8.0_161-b12)
# Java VM: Java HotSpot(TM) 64-Bit Server VM (25.161-b12 mixed mode windows-amd64 compressed oops)
# Problematic frame:
# C  [OpenAL64.dll+0x11066]
#
# Failed to write core dump. Minidumps are not enabled by default on client versions of Windows
#
# If you would like to submit a bug report, please visit:
#   http://bugreport.java.com/bugreport/crash.jsp
# The crash happened outside the Java Virtual Machine in native code.
# See problematic frame for where to report the bug.
#

---------------  T H R E A D  ---------------

Current thread (0x000000001a93e800):  JavaThread "Thread-5" [_thread_in_native, id=12184, stack(0x0000000026570000,0x0000000026670000)]

siginfo: ExceptionCode=0xc0000005, reading address 0x000000001ca9b004

Registers:
RAX=0x0000000000000004, RBX=0x000000002dca0090, RCX=0x000000001ca9b008, RDX=0x000000001ca9b004
RSP=0x000000002666ed20, RBP=0x00000000000000ff, RSI=0x000000001ca9a24c, RDI=0x0000000000000000
R8 =0x000000000000036e, R9 =0x000000001ca9a24c, R10=0x0000000002f785fb, R11=0x000000006bedbcb0
R12=0x0000000000000001, R13=0x000000002d94e980, R14=0x000000002666eeb8, R15=0x000000001a93e800
RIP=0x00000000210f1066, EFLAGS=0x0000000000010202

Top of Stack: (sp=0x000000002666ed20)
0x000000002666ed20:   0000000000000000 000000006bd7d5cb
0x000000002666ed30:   000000001a93e800 000000001a93e800
0x000000002666ed40:   000000002d94e980 0000000000000000
0x000000002666ed50:   000000001a93e800 000000001ca97e60
0x000000002666ed60:   000000002d94e980 000000002666eeb8
0x000000002666ed70:   000000001bf43700 000000006bd6b936
0x000000002666ed80:   000000002666f528 0000000017ddd840
0x000000002666ed90:   000000001a93e800 000000002666eeb8
0x000000002666eda0:   000000002d94e980 0000000000000000
0x000000002666edb0:   000000001ca9a24c 00000000804016d0
0x000000002666edc0:   000000002666ee80 00000000210f248f
0x000000002666edd0:   000000002dca0090 000000002dca0090
0x000000002666ede0:   000000000000ac44 0000000000000004
0x000000002666edf0:   0000000000000010 0000000002f78627
0x000000002666ee00:   000000002d94e980 0000000002f7835d
0x000000002666ee10:   000000001a93e800 000000002d94e980 

Instructions: (pc=0x00000000210f1066)
0x00000000210f1046:   41 2b ec 81 3a 03 00 02 00 75 09 8b 01 89 84 24
0x00000000210f1056:   c8 00 00 00 49 83 c0 02 48 83 c1 08 4a 8d 14 86
0x00000000210f1066:   39 3a 75 af 4c 8d 84 24 c0 00 00 00 48 8d 15 d7
0x00000000210f1076:   2b 03 00 33 c9 e8 58 5f 00 00 b8 40 1f 00 00 4c 


Register to memory mapping:

RAX=0x0000000000000004 is an unknown value
RBX=0x000000002dca0090 is an unknown value
RCX=0x000000001ca9b008 is an unknown value
RDX=0x000000001ca9b004 is an unknown value
RSP=0x000000002666ed20 is pointing into the stack for thread: 0x000000001a93e800
RBP=0x00000000000000ff is an unknown value
RSI=0x000000001ca9a24c is an unknown value
RDI=0x0000000000000000 is an unknown value
R8 =0x000000000000036e is an unknown value
R9 =0x000000001ca9a24c is an unknown value
R10=0x0000000002f785fb is at code_begin+891 in an Interpreter codelet
method entry point (kind = native)  [0x0000000002f78280, 0x0000000002f78c40]  2496 bytes
R11=0x000000006bedbcb0 is an unknown value
R12=0x0000000000000001 is an unknown value
R13={method} {0x000000002d94e988} 'nalcCreateContext' '(JJ)J' in 'org/lwjgl/openal/ALC10'
R14=0x000000002666eeb8 is pointing into the stack for thread: 0x000000001a93e800
R15=0x000000001a93e800 is a thread


Stack: [0x0000000026570000,0x0000000026670000],  sp=0x000000002666ed20,  free space=1019k
Native frames: (J=compiled Java code, j=interpreted, Vv=VM code, C=native code)
C  [OpenAL64.dll+0x11066]
C  [OpenAL64.dll+0x1248f]
C  0x0000000002f78627

Java frames: (J=compiled Java code, j=interpreted, Vv=VM code)
j  org.lwjgl.openal.ALC10.nalcCreateContext(JJ)J+0
j  org.lwjgl.openal.ALC10.alcCreateContext(Lorg/lwjgl/openal/ALCdevice;Ljava/nio/IntBuffer;)Lorg/lwjgl/openal/ALCcontext;+8
j  org.lwjgl.openal.AL.init(Ljava/lang/String;IIZZ)V+69
j  org.lwjgl.openal.AL.create(Ljava/lang/String;IIZZ)V+246
j  org.lwjgl.openal.AL.create(Ljava/lang/String;IIZ)V+5
j  org.lwjgl.openal.AL.create()V+6
j  paulscode.sound.libraries.LibraryLWJGLOpenAL.init()V+2
j  paulscode.sound.SoundSystem.CommandNewLibrary(Ljava/lang/Class;)V+273
j  paulscode.sound.SoundSystem.CommandQueue(Lpaulscode/sound/CommandObject;)Z+1206
j  paulscode.sound.CommandThread.run()V+51
v  ~StubRoutines::call_stub

---------------  P R O C E S S  ---------------

Java Threads: ( => current thread )
  0x000000001d1cf000 JavaThread "Thread-6" [_thread_blocked, id=21812, stack(0x000000002be10000,0x000000002bf10000)]
=>0x000000001a93e800 JavaThread "Thread-5" [_thread_in_native, id=12184, stack(0x0000000026570000,0x0000000026670000)]
  0x000000001a941800 JavaThread "Sound Library Loader" [_thread_blocked, id=17144, stack(0x00000000263e0000,0x00000000264e0000)]
  0x000000001a93d000 JavaThread "LWJGL Timer" daemon [_thread_blocked, id=18808, stack(0x000000002c140000,0x000000002c240000)]
  0x000000001a93a800 JavaThread "Thread-3" [_thread_blocked, id=23536, stack(0x000000002aeb0000,0x000000002afb0000)]
  0x000000001a93d800 JavaThread "Java2D Disposer" daemon [_thread_blocked, id=8056, stack(0x000000001f070000,0x000000001f170000)]
  0x000000001a93f000 JavaThread "Timer hack thread" daemon [_thread_blocked, id=4640, stack(0x000000001dd70000,0x000000001de70000)]
  0x000000001a93b800 JavaThread "Snooper Timer" daemon [_thread_blocked, id=19720, stack(0x000000001da70000,0x000000001db70000)]
  0x0000000017dde800 JavaThread "Service Thread" daemon [_thread_blocked, id=24052, stack(0x000000001a150000,0x000000001a250000)]
  0x0000000017ddb000 JavaThread "C1 CompilerThread2" daemon [_thread_in_vm, id=6784, stack(0x0000000019c50000,0x0000000019d50000)]
  0x0000000017dd4800 JavaThread "C2 CompilerThread1" daemon [_thread_blocked, id=11456, stack(0x0000000019b50000,0x0000000019c50000)]
  0x0000000017dd0800 JavaThread "C2 CompilerThread0" daemon [_thread_in_native, id=19164, stack(0x0000000019a50000,0x0000000019b50000)]
  0x0000000017dcb000 JavaThread "Attach Listener" daemon [_thread_blocked, id=22296, stack(0x0000000019950000,0x0000000019a50000)]
  0x0000000017dca000 JavaThread "Signal Dispatcher" daemon [_thread_blocked, id=24872, stack(0x0000000019850000,0x0000000019950000)]
  0x0000000017db2000 JavaThread "Finalizer" daemon [_thread_blocked, id=14940, stack(0x0000000019650000,0x0000000019750000)]
  0x0000000002f58000 JavaThread "Reference Handler" daemon [_thread_blocked, id=19512, stack(0x0000000019550000,0x0000000019650000)]
  0x0000000002e66000 JavaThread "Client thread" [_thread_in_vm, id=18756, stack(0x0000000002d20000,0x0000000002e20000)]

Other Threads:
  0x0000000017d87800 VMThread [stack: 0x0000000019450000,0x0000000019550000] [id=16072]
  0x0000000019de9000 WatcherThread [stack: 0x000000001a250000,0x000000001a350000] [id=8708]

VM state:not at safepoint (normal execution)

VM Mutex/Monitor currently owned by a thread: None

Heap:
 PSYoungGen      total 592384K, used 490829K [0x00000000d5700000, 0x0000000100000000, 0x0000000100000000)
  eden space 494592K, 85% used [0x00000000d5700000,0x00000000ef5bbe00,0x00000000f3a00000)
  from space 97792K, 67% used [0x00000000fa080000,0x00000000fe117918,0x0000000100000000)
  to   space 101376K, 0% used [0x00000000f3a00000,0x00000000f3a00000,0x00000000f9d00000)
 ParOldGen       total 292352K, used 221657K [0x0000000080400000, 0x0000000092180000, 0x00000000d5700000)
  object space 292352K, 75% used [0x0000000080400000,0x000000008dc76618,0x0000000092180000)
 Metaspace       used 64278K, capacity 65149K, committed 65624K, reserved 1105920K
  class space    used 9307K, capacity 9554K, committed 9600K, reserved 1048576K

Card table byte_map: [0x0000000012320000,0x0000000012720000] byte_map_base: 0x0000000011f1e000

Marking Bits: (ParMarkBitMap*) 0x000000006c4cf860
 Begin Bits: [0x0000000012fd0000, 0x0000000014fc0000)
 End Bits:   [0x0000000014fc0000, 0x0000000016fb0000)

Polling page: 0x0000000000bf0000

CodeCache: size=245760Kb used=23114Kb max_used=23118Kb free=222646Kb
 bounds [0x0000000002f60000, 0x0000000004620000, 0x0000000011f60000]
 total_blobs=7284 nmethods=6437 adapters=757
 compilation: enabled

Compilation events (10 events):
Event: 43.085 Thread 0x0000000017dd4800 nmethod 8149 0x00000000039b3390 code [0x00000000039b34e0, 0x00000000039b3588]
Event: 43.085 Thread 0x0000000017dd4800 8148       4       com.google.gson.internal.bind.JsonTreeReader::nextString (99 bytes)
Event: 43.089 Thread 0x0000000017dd4800 nmethod 8148 0x0000000003ca4610 code [0x0000000003ca47a0, 0x0000000003ca4a28]
Event: 43.089 Thread 0x0000000017dd4800 8152       4       com.google.gson.internal.LinkedTreeMap::rebalance (379 bytes)
Event: 43.104 Thread 0x0000000017dd4800 nmethod 8152 0x0000000003e87810 code [0x0000000003e87980, 0x0000000003e882e8]
Event: 43.104 Thread 0x0000000017dd4800 8154       4       com.google.gson.stream.JsonReader::nextString (198 bytes)
Event: 43.115 Thread 0x0000000017dd4800 nmethod 8154 0x00000000036962d0 code [0x0000000003696480, 0x0000000003696b10]
Event: 43.115 Thread 0x0000000017dd4800 8162       4       com.google.gson.internal.LinkedTreeMap$LinkedTreeMapIterator::nextNode (61 bytes)
Event: 43.116 Thread 0x0000000017dd4800 nmethod 8162 0x00000000039b4150 code [0x00000000039b42a0, 0x00000000039b4398]
Event: 43.116 Thread 0x0000000017dd4800 8153       4       net.minecraft.client.renderer.block.model.BlockPart::getFaceUvs (354 bytes)

GC Heap History (10 events):
Event: 31.884 GC heap before
{Heap before GC invocations=24 (full 4):
 PSYoungGen      total 622080K, used 570858K [0x00000000d5700000, 0x0000000100000000, 0x0000000100000000)
  eden space 568320K, 100% used [0x00000000d5700000,0x00000000f8200000,0x00000000f8200000)
  from space 53760K, 4% used [0x00000000f8200000,0x00000000f847aa20,0x00000000fb680000)
  to   space 72192K, 0% used [0x00000000fb980000,0x00000000fb980000,0x0000000100000000)
 ParOldGen       total 292352K, used 167072K [0x0000000080400000, 0x0000000092180000, 0x00000000d5700000)
  object space 292352K, 57% used [0x0000000080400000,0x000000008a728000,0x0000000092180000)
 Metaspace       used 56160K, capacity 56779K, committed 57304K, reserved 1099776K
  class space    used 7643K, capacity 7879K, committed 7936K, reserved 1048576K
Event: 31.933 GC heap after
Heap after GC invocations=24 (full 4):
 PSYoungGen      total 626688K, used 36516K [0x00000000d5700000, 0x0000000100000000, 0x0000000100000000)
  eden space 554496K, 0% used [0x00000000d5700000,0x00000000d5700000,0x00000000f7480000)
  from space 72192K, 50% used [0x00000000fb980000,0x00000000fdd29070,0x0000000100000000)
  to   space 70656K, 0% used [0x00000000f7480000,0x00000000f7480000,0x00000000fb980000)
 ParOldGen       total 292352K, used 167544K [0x0000000080400000, 0x0000000092180000, 0x00000000d5700000)
  object space 292352K, 57% used [0x0000000080400000,0x000000008a79e030,0x0000000092180000)
 Metaspace       used 56160K, capacity 56779K, committed 57304K, reserved 1099776K
  class space    used 7643K, capacity 7879K, committed 7936K, reserved 1048576K
}
Event: 33.798 GC heap before
{Heap before GC invocations=25 (full 4):
 PSYoungGen      total 626688K, used 591012K [0x00000000d5700000, 0x0000000100000000, 0x0000000100000000)
  eden space 554496K, 100% used [0x00000000d5700000,0x00000000f7480000,0x00000000f7480000)
  from space 72192K, 50% used [0x00000000fb980000,0x00000000fdd29070,0x0000000100000000)
  to   space 70656K, 0% used [0x00000000f7480000,0x00000000f7480000,0x00000000fb980000)
 ParOldGen       total 292352K, used 167544K [0x0000000080400000, 0x0000000092180000, 0x00000000d5700000)
  object space 292352K, 57% used [0x0000000080400000,0x000000008a79e030,0x0000000092180000)
 Metaspace       used 58905K, capacity 59519K, committed 60120K, reserved 1101824K
  class space    used 8178K, capacity 8411K, committed 8448K, reserved 1048576K
Event: 33.882 GC heap after
Heap after GC invocations=25 (full 4):
 PSYoungGen      total 614912K, used 60021K [0x00000000d5700000, 0x0000000100000000, 0x0000000100000000)
  eden space 554496K, 0% used [0x00000000d5700000,0x00000000d5700000,0x00000000f7480000)
  from space 60416K, 99% used [0x00000000f7480000,0x00000000faf1d6a8,0x00000000faf80000)
  to   space 78336K, 0% used [0x00000000fb380000,0x00000000fb380000,0x0000000100000000)
 ParOldGen       total 292352K, used 167552K [0x0000000080400000, 0x0000000092180000, 0x00000000d5700000)
  object space 292352K, 57% used [0x0000000080400000,0x000000008a7a0030,0x0000000092180000)
 Metaspace       used 58905K, capacity 59519K, committed 60120K, reserved 1101824K
  class space    used 8178K, capacity 8411K, committed 8448K, reserved 1048576K
}
Event: 35.524 GC heap before
{Heap before GC invocations=26 (full 4):
 PSYoungGen      total 614912K, used 614517K [0x00000000d5700000, 0x0000000100000000, 0x0000000100000000)
  eden space 554496K, 100% used [0x00000000d5700000,0x00000000f7480000,0x00000000f7480000)
  from space 60416K, 99% used [0x00000000f7480000,0x00000000faf1d6a8,0x00000000faf80000)
  to   space 78336K, 0% used [0x00000000fb380000,0x00000000fb380000,0x0000000100000000)
 ParOldGen       total 292352K, used 167552K [0x0000000080400000, 0x0000000092180000, 0x00000000d5700000)
  object space 292352K, 57% used [0x0000000080400000,0x000000008a7a0030,0x0000000092180000)
 Metaspace       used 60271K, capacity 60895K, committed 61272K, reserved 1101824K
  class space    used 8616K, capacity 8827K, committed 8832K, reserved 1048576K
Event: 35.604 GC heap after
Heap after GC invocations=26 (full 4):
 PSYoungGen      total 593408K, used 78319K [0x00000000d5700000, 0x0000000100000000, 0x0000000100000000)
  eden space 515072K, 0% used [0x00000000d5700000,0x00000000d5700000,0x00000000f4e00000)
  from space 78336K, 99% used [0x00000000fb380000,0x00000000ffffbc18,0x0000000100000000)
  to   space 91136K, 0% used [0x00000000f4e00000,0x00000000f4e00000,0x00000000fa700000)
 ParOldGen       total 292352K, used 168171K [0x0000000080400000, 0x0000000092180000, 0x00000000d5700000)
  object space 292352K, 57% used [0x0000000080400000,0x000000008a83aee8,0x0000000092180000)
 Metaspace       used 60271K, capacity 60895K, committed 61272K, reserved 1101824K
  class space    used 8616K, capacity 8827K, committed 8832K, reserved 1048576K
}
Event: 36.987 GC heap before
{Heap before GC invocations=27 (full 4):
 PSYoungGen      total 593408K, used 593391K [0x00000000d5700000, 0x0000000100000000, 0x0000000100000000)
  eden space 515072K, 100% used [0x00000000d5700000,0x00000000f4e00000,0x00000000f4e00000)
  from space 78336K, 99% used [0x00000000fb380000,0x00000000ffffbc18,0x0000000100000000)
  to   space 91136K, 0% used [0x00000000f4e00000,0x00000000f4e00000,0x00000000fa700000)
 ParOldGen       total 292352K, used 168171K [0x0000000080400000, 0x0000000092180000, 0x00000000d5700000)
  object space 292352K, 57% used [0x0000000080400000,0x000000008a83aee8,0x0000000092180000)
 Metaspace       used 60448K, capacity 61087K, committed 61656K, reserved 1101824K
  class space    used 8674K, capacity 8891K, committed 8960K, reserved 1048576K
Event: 37.087 GC heap after
Heap after GC invocations=27 (full 4):
 PSYoungGen      total 584704K, used 69180K [0x00000000d5700000, 0x0000000100000000, 0x0000000100000000)
  eden space 515072K, 0% used [0x00000000d5700000,0x00000000d5700000,0x00000000f4e00000)
  from space 69632K, 99% used [0x00000000f4e00000,0x00000000f918f358,0x00000000f9200000)
  to   space 97792K, 0% used [0x00000000fa080000,0x00000000fa080000,0x0000000100000000)
 ParOldGen       total 292352K, used 198358K [0x0000000080400000, 0x0000000092180000, 0x00000000d5700000)
  object space 292352K, 67% used [0x0000000080400000,0x000000008c5b5a90,0x0000000092180000)
 Metaspace       used 60448K, capacity 61087K, committed 61656K, reserved 1101824K
  class space    used 8674K, capacity 8891K, committed 8960K, reserved 1048576K
}
Event: 38.694 GC heap before
{Heap before GC invocations=28 (full 4):
 PSYoungGen      total 584704K, used 584252K [0x00000000d5700000, 0x0000000100000000, 0x0000000100000000)
  eden space 515072K, 100% used [0x00000000d5700000,0x00000000f4e00000,0x00000000f4e00000)
  from space 69632K, 99% used [0x00000000f4e00000,0x00000000f918f358,0x00000000f9200000)
  to   space 97792K, 0% used [0x00000000fa080000,0x00000000fa080000,0x0000000100000000)
 ParOldGen       total 292352K, used 198358K [0x0000000080400000, 0x0000000092180000, 0x00000000d5700000)
  object space 292352K, 67% used [0x0000000080400000,0x000000008c5b5a90,0x0000000092180000)
 Metaspace       used 61874K, capacity 62509K, committed 63192K, reserved 1103872K
  class space    used 8975K, capacity 9188K, committed 9216K, reserved 1048576K
Event: 38.772 GC heap after
Heap after GC invocations=28 (full 4):
 PSYoungGen      total 592384K, used 66142K [0x00000000d5700000, 0x0000000100000000, 0x0000000100000000)
  eden space 494592K, 0% used [0x00000000d5700000,0x00000000d5700000,0x00000000f3a00000)
  from space 97792K, 67% used [0x00000000fa080000,0x00000000fe117918,0x0000000100000000)
  to   space 101376K, 0% used [0x00000000f3a00000,0x00000000f3a00000,0x00000000f9d00000)
 ParOldGen       total 292352K, used 221657K [0x0000000080400000, 0x0000000092180000, 0x00000000d5700000)
  object space 292352K, 75% used [0x0000000080400000,0x000000008dc76618,0x0000000092180000)
 Metaspace       used 61874K, capacity 62509K, committed 63192K, reserved 1103872K
  class space    used 8975K, capacity 9188K, committed 9216K, reserved 1048576K
}

Deoptimization events (10 events):
Event: 42.980 Thread 0x0000000002e66000 Uncommon trap: reason=class_check action=maybe_recompile pc=0x000000000373c84c method=com.google.common.collect.AbstractMapBasedMultimap$AsMap$AsMapIterator.hasNext()Z @ 4
Event: 42.980 Thread 0x0000000002e66000 Uncommon trap: reason=class_check action=maybe_recompile pc=0x00000000033e2f60 method=com.google.common.collect.AbstractMapBasedMultimap$AsMap$AsMapIterator.next()Ljava/util/Map$Entry; @ 4
Event: 42.981 Thread 0x0000000002e66000 Uncommon trap: reason=unstable_if action=reinterpret pc=0x0000000003da243c method=com.google.common.collect.AbstractMapBasedMultimap$WrappedCollection.refreshIfEmpty()V @ 45
Event: 42.981 Thread 0x0000000002e66000 Uncommon trap: reason=class_check action=maybe_recompile pc=0x000000000373c84c method=com.google.common.collect.AbstractMapBasedMultimap$AsMap$AsMapIterator.hasNext()Z @ 4
Event: 42.981 Thread 0x0000000002e66000 Uncommon trap: reason=class_check action=maybe_recompile pc=0x00000000033e2f60 method=com.google.common.collect.AbstractMapBasedMultimap$AsMap$AsMapIterator.next()Ljava/util/Map$Entry; @ 4
Event: 42.981 Thread 0x0000000002e66000 Uncommon trap: reason=class_check action=maybe_recompile pc=0x000000000373c84c method=com.google.common.collect.AbstractMapBasedMultimap$AsMap$AsMapIterator.hasNext()Z @ 4
Event: 42.982 Thread 0x0000000002e66000 Uncommon trap: reason=class_check action=maybe_recompile pc=0x000000000373c84c method=com.google.common.collect.AbstractMapBasedMultimap$AsMap$AsMapIterator.hasNext()Z @ 4
Event: 42.982 Thread 0x0000000002e66000 Uncommon trap: reason=class_check action=maybe_recompile pc=0x00000000033e2f60 method=com.google.common.collect.AbstractMapBasedMultimap$AsMap$AsMapIterator.next()Ljava/util/Map$Entry; @ 4
Event: 42.982 Thread 0x0000000002e66000 Uncommon trap: reason=class_check action=maybe_recompile pc=0x00000000033e2f60 method=com.google.common.collect.AbstractMapBasedMultimap$AsMap$AsMapIterator.next()Ljava/util/Map$Entry; @ 4
Event: 43.001 Thread 0x0000000002e66000 Uncommon trap: reason=unstable_if action=reinterpret pc=0x0000000004298aa8 method=com.google.common.collect.ImmutableSet.construct(I[Ljava/lang/Object;)Lcom/google/common/collect/ImmutableSet; @ 146

Classes redefined (0 events):
No events

Internal exceptions (10 events):
Event: 43.090 Thread 0x000000001a93e800 Exception <a 'org/lwjgl/LWJGLException'> (0x00000000edf463b0) thrown at [C:\re\workspace\8-2-build-windows-amd64-cygwin\jdk8u161\10277\hotspot\src\share\vm\prims\jni.cpp, line 709]
Event: 43.090 Thread 0x000000001a93e800 Exception <a 'org/lwjgl/LWJGLException'> (0x00000000edf469b8) thrown at [C:\re\workspace\8-2-build-windows-amd64-cygwin\jdk8u161\10277\hotspot\src\share\vm\prims\jni.cpp, line 709]
Event: 43.091 Thread 0x000000001a93e800 Exception <a 'org/lwjgl/LWJGLException'> (0x00000000edf46f00) thrown at [C:\re\workspace\8-2-build-windows-amd64-cygwin\jdk8u161\10277\hotspot\src\share\vm\prims\jni.cpp, line 709]
Event: 43.091 Thread 0x000000001a93e800 Exception <a 'org/lwjgl/LWJGLException'> (0x00000000edf474d0) thrown at [C:\re\workspace\8-2-build-windows-amd64-cygwin\jdk8u161\10277\hotspot\src\share\vm\prims\jni.cpp, line 709]
Event: 43.091 Thread 0x000000001a93e800 Exception <a 'org/lwjgl/LWJGLException'> (0x00000000edf47b68) thrown at [C:\re\workspace\8-2-build-windows-amd64-cygwin\jdk8u161\10277\hotspot\src\share\vm\prims\jni.cpp, line 709]
Event: 43.091 Thread 0x000000001a93e800 Exception <a 'org/lwjgl/LWJGLException'> (0x00000000edf48160) thrown at [C:\re\workspace\8-2-build-windows-amd64-cygwin\jdk8u161\10277\hotspot\src\share\vm\prims\jni.cpp, line 709]
Event: 43.091 Thread 0x000000001a93e800 Exception <a 'org/lwjgl/LWJGLException'> (0x00000000edf48760) thrown at [C:\re\workspace\8-2-build-windows-amd64-cygwin\jdk8u161\10277\hotspot\src\share\vm\prims\jni.cpp, line 709]
Event: 43.091 Thread 0x000000001a93e800 Exception <a 'org/lwjgl/LWJGLException'> (0x00000000edf48cb0) thrown at [C:\re\workspace\8-2-build-windows-amd64-cygwin\jdk8u161\10277\hotspot\src\share\vm\prims\jni.cpp, line 709]
Event: 43.091 Thread 0x000000001a93e800 Exception <a 'org/lwjgl/LWJGLException'> (0x00000000edf49240) thrown at [C:\re\workspace\8-2-build-windows-amd64-cygwin\jdk8u161\10277\hotspot\src\share\vm\prims\jni.cpp, line 709]
Event: 43.095 Thread 0x000000001a93e800 Exception <a 'org/lwjgl/LWJGLException'> (0x00000000edf497d0) thrown at [C:\re\workspace\8-2-build-windows-amd64-cygwin\jdk8u161\10277\hotspot\src\share\vm\prims\jni.cpp, line 709]

Events (10 events):
Event: 43.099 loading class org/lwjgl/openal/ALC10
Event: 43.099 loading class org/lwjgl/openal/ALC10 done
Event: 43.118 loading class org/lwjgl/openal/ALCdevice
Event: 43.118 loading class org/lwjgl/openal/ALCdevice done
Event: 43.118 loading class org/lwjgl/openal/ALCcontext
Event: 43.118 loading class org/lwjgl/openal/ALCcontext done
Event: 43.119 loading class org/lwjgl/openal/Util
Event: 43.119 loading class org/lwjgl/openal/Util done
Event: 43.119 loading class org/lwjgl/openal/OpenALException
Event: 43.119 loading class org/lwjgl/openal/OpenALException done


Dynamic libraries:
0x00007ff6c3290000 - 0x00007ff6c32c7000 	C:\Program Files\Java\jdk1.8.0_161\bin\java.exe
0x00007ffc83f80000 - 0x00007ffc84170000 	C:\WINDOWS\SYSTEM32\ntdll.dll
0x00007ffc82dc0000 - 0x00007ffc82e72000 	C:\WINDOWS\System32\KERNEL32.DLL
0x00007ffc818e0000 - 0x00007ffc81b83000 	C:\WINDOWS\System32\KERNELBASE.dll
0x00007ffc82820000 - 0x00007ffc828c3000 	C:\WINDOWS\System32\ADVAPI32.dll
0x00007ffc83880000 - 0x00007ffc8391e000 	C:\WINDOWS\System32\msvcrt.dll
0x00007ffc83a10000 - 0x00007ffc83aa7000 	C:\WINDOWS\System32\sechost.dll
0x00007ffc828d0000 - 0x00007ffc829f0000 	C:\WINDOWS\System32\RPCRT4.dll
0x00007ffc82a90000 - 0x00007ffc82c24000 	C:\WINDOWS\System32\USER32.dll
0x00007ffc81f50000 - 0x00007ffc81f71000 	C:\WINDOWS\System32\win32u.dll
0x00007ffc82320000 - 0x00007ffc82346000 	C:\WINDOWS\System32\GDI32.dll
0x00007ffc81b90000 - 0x00007ffc81d24000 	C:\WINDOWS\System32\gdi32full.dll
0x00007ffc81040000 - 0x00007ffc810de000 	C:\WINDOWS\System32\msvcp_win.dll
0x00007ffc80f40000 - 0x00007ffc8103a000 	C:\WINDOWS\System32\ucrtbase.dll
0x00007ffc74800000 - 0x00007ffc74a85000 	C:\WINDOWS\WinSxS\amd64_microsoft.windows.common-controls_6595b64144ccf1df_6.0.18362.476_none_e6c4b11b130f2595\COMCTL32.dll
0x00007ffc83b30000 - 0x00007ffc83e66000 	C:\WINDOWS\System32\combase.dll
0x00007ffc81ed0000 - 0x00007ffc81f50000 	C:\WINDOWS\System32\bcryptPrimitives.dll
0x00007ffc82a60000 - 0x00007ffc82a8e000 	C:\WINDOWS\System32\IMM32.DLL
0x000000006d9f0000 - 0x000000006dac2000 	C:\Program Files\Java\jdk1.8.0_161\jre\bin\msvcr100.dll
0x000000006bcb0000 - 0x000000006c54f000 	C:\Program Files\Java\jdk1.8.0_161\jre\bin\server\jvm.dll
0x00007ffc82030000 - 0x00007ffc82038000 	C:\WINDOWS\System32\PSAPI.DLL
0x00007ffc7c1e0000 - 0x00007ffc7c1ea000 	C:\WINDOWS\SYSTEM32\VERSION.dll
0x00007ffc75c20000 - 0x00007ffc75c44000 	C:\WINDOWS\SYSTEM32\WINMM.dll
0x00007ffc76390000 - 0x00007ffc76399000 	C:\WINDOWS\SYSTEM32\WSOCK32.dll
0x00007ffc82040000 - 0x00007ffc820af000 	C:\WINDOWS\System32\WS2_32.dll
0x00007ffc75760000 - 0x00007ffc7578d000 	C:\WINDOWS\SYSTEM32\WINMMBASE.dll
0x00007ffc81d30000 - 0x00007ffc81d7a000 	C:\WINDOWS\System32\cfgmgr32.dll
0x000000006d9e0000 - 0x000000006d9ef000 	C:\Program Files\Java\jdk1.8.0_161\jre\bin\verify.dll
0x000000006d9b0000 - 0x000000006d9d9000 	C:\Program Files\Java\jdk1.8.0_161\jre\bin\java.dll
0x000000006d990000 - 0x000000006d9a6000 	C:\Program Files\Java\jdk1.8.0_161\jre\bin\zip.dll
0x00007ffc82fe0000 - 0x00007ffc836c5000 	C:\WINDOWS\System32\SHELL32.dll
0x00007ffc83e90000 - 0x00007ffc83f39000 	C:\WINDOWS\System32\shcore.dll
0x00007ffc810e0000 - 0x00007ffc8185e000 	C:\WINDOWS\System32\windows.storage.dll
0x00007ffc80e60000 - 0x00007ffc80e7f000 	C:\WINDOWS\System32\profapi.dll
0x00007ffc80e80000 - 0x00007ffc80eca000 	C:\WINDOWS\System32\powrprof.dll
0x00007ffc80e50000 - 0x00007ffc80e60000 	C:\WINDOWS\System32\UMPDC.dll
0x00007ffc820b0000 - 0x00007ffc82102000 	C:\WINDOWS\System32\shlwapi.dll
0x00007ffc80ed0000 - 0x00007ffc80ee1000 	C:\WINDOWS\System32\kernel.appcore.dll
0x00007ffc818c0000 - 0x00007ffc818d7000 	C:\WINDOWS\System32\cryptsp.dll
0x000000006d930000 - 0x000000006d93d000 	C:\Program Files\Java\jdk1.8.0_161\jre\bin\management.dll
0x000000006d970000 - 0x000000006d98a000 	C:\Program Files\Java\jdk1.8.0_161\jre\bin\net.dll
0x00007ffc806c0000 - 0x00007ffc80727000 	C:\WINDOWS\system32\mswsock.dll
0x00007ffc66420000 - 0x00007ffc66436000 	C:\WINDOWS\system32\napinsp.dll
0x00007ffc65be0000 - 0x00007ffc65bfa000 	C:\WINDOWS\system32\pnrpnsp.dll
0x00007ffc80410000 - 0x00007ffc804da000 	C:\WINDOWS\SYSTEM32\DNSAPI.dll
0x00007ffc82a50000 - 0x00007ffc82a58000 	C:\WINDOWS\System32\NSI.dll
0x00007ffc803d0000 - 0x00007ffc8040a000 	C:\WINDOWS\SYSTEM32\IPHLPAPI.DLL
0x00007ffc7a3f0000 - 0x00007ffc7a3fe000 	C:\WINDOWS\System32\winrnr.dll
0x00007ffc7c2f0000 - 0x00007ffc7c30c000 	C:\WINDOWS\system32\NLAapi.dll
0x00007ffc7c850000 - 0x00007ffc7c865000 	C:\WINDOWS\system32\wshbth.dll
0x00007ffc7a310000 - 0x00007ffc7a31a000 	C:\Windows\System32\rasadhlp.dll
0x00007ffc7b4b0000 - 0x00007ffc7b527000 	C:\WINDOWS\System32\fwpuclnt.dll
0x00007ffc80f10000 - 0x00007ffc80f36000 	C:\WINDOWS\System32\bcrypt.dll
0x000000006d950000 - 0x000000006d961000 	C:\Program Files\Java\jdk1.8.0_161\jre\bin\nio.dll
0x00007ffc80230000 - 0x00007ffc80263000 	C:\WINDOWS\system32\rsaenh.dll
0x00007ffc80d70000 - 0x00007ffc80d95000 	C:\WINDOWS\SYSTEM32\USERENV.dll
0x00007ffc80890000 - 0x00007ffc8089c000 	C:\WINDOWS\SYSTEM32\CRYPTBASE.dll
0x00007ffc7bf40000 - 0x00007ffc7bf56000 	C:\WINDOWS\SYSTEM32\dhcpcsvc6.DLL
0x00007ffc7bed0000 - 0x00007ffc7beec000 	C:\WINDOWS\SYSTEM32\dhcpcsvc.DLL
0x00007ffc772f0000 - 0x00007ffc77332000 	C:\Users\Alex\AppData\Local\Temp\jna-2043454\jna1403308070704114739.dll
0x0000000180000000 - 0x0000000180053000 	C:\Users\Alex\.gradle\caches\minecraft\net\minecraft\natives\1.12.2\lwjgl64.dll
0x00007ffc2c490000 - 0x00007ffc2c5e6000 	C:\WINDOWS\SYSTEM32\OPENGL32.dll
0x00007ffc772c0000 - 0x00007ffc772ec000 	C:\WINDOWS\SYSTEM32\GLU32.dll
0x00007ffc7fac0000 - 0x00007ffc7fae0000 	C:\WINDOWS\SYSTEM32\dxcore.dll
0x000000006bac0000 - 0x000000006bc58000 	C:\Program Files\Java\jdk1.8.0_161\jre\bin\awt.dll
0x00007ffc82110000 - 0x00007ffc821d4000 	C:\WINDOWS\System32\OLEAUT32.dll
0x00007ffc7f100000 - 0x00007ffc7f18f000 	C:\WINDOWS\SYSTEM32\apphelp.dll
0x00007ffc61940000 - 0x00007ffc619ee000 	C:\WINDOWS\SYSTEM32\mscms.dll
0x00007ffc618e0000 - 0x00007ffc618f7000 	C:\WINDOWS\SYSTEM32\ColorAdapterClient.dll
0x00007ffc7f1d0000 - 0x00007ffc7f269000 	C:\WINDOWS\system32\uxtheme.dll
0x00007ffc821e0000 - 0x00007ffc82316000 	C:\WINDOWS\System32\MSCTF.dll
0x0000000069360000 - 0x000000006bab1000 	C:\WINDOWS\System32\DriverStore\FileRepository\nv_dispi.inf_amd64_db678424d2641c3d\nvoglv64.dll
0x00007ffc82350000 - 0x00007ffc827c0000 	C:\WINDOWS\System32\SETUPAPI.dll
0x00007ffc82e80000 - 0x00007ffc82fd6000 	C:\WINDOWS\System32\ole32.dll
0x00007ffc7c870000 - 0x00007ffc7c883000 	C:\WINDOWS\SYSTEM32\WTSAPI32.dll
0x00007ffc80c50000 - 0x00007ffc80c7a000 	C:\WINDOWS\SYSTEM32\DEVOBJ.dll
0x00007ffc81860000 - 0x00007ffc818bc000 	C:\WINDOWS\System32\WINTRUST.dll
0x00007ffc80ef0000 - 0x00007ffc80f02000 	C:\WINDOWS\System32\MSASN1.dll
0x00007ffc81d80000 - 0x00007ffc81ec9000 	C:\WINDOWS\System32\CRYPT32.dll
0x00007ffc7feb0000 - 0x00007ffc7fee1000 	C:\WINDOWS\SYSTEM32\ntmarta.dll
0x00007ffc7f700000 - 0x00007ffc7f72d000 	C:\WINDOWS\system32\dwmapi.dll
0x00007ffc77100000 - 0x00007ffc77143000 	C:\WINDOWS\SYSTEM32\icm32.dll
0x00007ffc80080000 - 0x00007ffc800dc000 	C:\WINDOWS\SYSTEM32\WINSTA.dll
0x00007ffc5ba70000 - 0x00007ffc5bab2000 	C:\Users\Alex\AppData\Local\Temp\jna-2043454\jna6075104174706850792.dll
0x000000006bc80000 - 0x000000006bca4000 	C:\Program Files\Java\jdk1.8.0_161\jre\bin\sunec.dll
0x000000006d940000 - 0x000000006d94b000 	C:\Program Files\Java\jdk1.8.0_161\jre\bin\sunmscapi.dll
0x00007ffc33b70000 - 0x00007ffc33c9d000 	C:\Users\Alex\Documents\GitHub\EmergingTechnology\run\OpenComputersMod-1.7.4.191-lua52-native.64.dll
0x00007ffc2af20000 - 0x00007ffc2b0c1000 	C:\Users\Alex\Documents\GitHub\EmergingTechnology\run\OpenComputersMod-1.7.4.191-lua53-native.64.dll
0x00000000210e0000 - 0x0000000021144000 	C:\Users\Alex\.gradle\caches\minecraft\net\minecraft\natives\1.12.2\OpenAL64.dll
0x00007ffc82d10000 - 0x00007ffc82db2000 	C:\WINDOWS\System32\clbcatq.dll
0x00007ffc7c270000 - 0x00007ffc7c2e2000 	C:\WINDOWS\System32\MMDevApi.dll
0x00007ffc36270000 - 0x00007ffc36309000 	C:\WINDOWS\SYSTEM32\dsound.dll
0x00007ffc7c5b0000 - 0x00007ffc7c70d000 	C:\WINDOWS\SYSTEM32\AUDIOSES.DLL
0x00007ffc7cd30000 - 0x00007ffc7ce83000 	C:\WINDOWS\SYSTEM32\wintypes.dll
0x00007ffc7b060000 - 0x00007ffc7b254000 	C:\WINDOWS\SYSTEM32\dbghelp.dll

VM Arguments:
jvm_args: -Dfile.encoding=windows-1252 -Duser.country=US -Duser.language=en -Duser.variant 
java_command: GradleStart
java_class_path (initial): C:\Users\Alex\.gradle\caches\minecraft\deobfedDeps\compileDummy.jar;C:\Users\Alex\.gradle\caches\minecraft\deobfedDeps\providedDummy.jar;C:\Users\Alex\.gradle\caches\minecraft\deobfedDeps\deobf\li\cil\oc\OpenComputers\MC1.12.2-1.7.4.191\OpenComputers-MC1.12.2-1.7.4.191.jar;C:\Users\Alex\.gradle\caches\minecraft\net\minecraftforge\forge\1.12.2-14.23.5.2768\snapshot\20171003\forgeSrc-1.12.2-14.23.5.2768.jar;C:\Users\Alex\.gradle\caches\modules-2\files-2.1\com.google.code.findbugs\jsr305\3.0.1\f7be08ec23c21485b9b5a1cf1654c2ec8c58168d\jsr305-3.0.1.jar;C:\Users\Alex\.gradle\caches\modules-2\files-2.1\com.mojang\patchy\1.1\aef610b34a1be37fa851825f12372b78424d8903\patchy-1.1.jar;C:\Users\Alex\.gradle\caches\modules-2\files-2.1\oshi-project\oshi-core\1.1\9ddf7b048a8d701be231c0f4f95fd986198fd2d8\oshi-core-1.1.jar;C:\Users\Alex\.gradle\caches\modules-2\files-2.1\net.java.dev.jna\jna\4.4.0\cb208278274bf12ebdb56c61bd7407e6f774d65a\jna-4.4.0.jar;C:\Users\Alex\.gradle\caches\modules-2\files-2.1\net.java.dev.jna\platform\3.4.0\e3f70017be8100d3d6923f50b3d2ee17714e9c13\platform-3.4.0.jar;C:\Users\Alex\.gradle\caches\modules-2\files-2.1\com.ibm.icu\icu4j-core-mojang\51.2\63d216a9311cca6be337c1e458e587f99d382b84\icu4j-core-mojang-51.2.jar;C:\Users\Alex\.gradle\caches\modules-2\files-2.1\net.sf.jopt-simple\jopt-simple\5.0.3\cdd846cfc4e0f7eefafc02c0f5dce32b9303aa2a\jopt-simple-5.0.3.jar;C:\Users\Alex\.gradle\caches\modules-2\files-2.1\io.netty\netty-all\4.1.9.Final\97860965d6a0a6b98e7f569f3f966727b8db75\netty-all-4.1.9.Final.jar;C:\Users\Alex\.gradle\caches\modules-2\files-2.1\com.google.guava\guava\21.0\3a3d111be1be1b745edfa7d91678a12d7ed38709\guava-21.0.jar;C:\Users\Alex\.gradle\caches\modules-2\files-2.1\org.apache.commons\commons-lang3\3.5\6c6c702c89bfff3cd9e80b04d668c5e190d588c6\commons-lang3-3.5.jar;C:\Users\Alex\.gradle\caches\modules-2\files-2.1\commons-io\commons-io\2.5\2852e6e05fbb95076fc091f6d1780f1f8fe35e0f\commons-io-2.5.jar;C:\Users\Alex\.gradl
Launcher Type: SUN_STANDARD

Environment Variables:
JAVA_HOME=C:\Program Files\Java\jdk1.8.0_161
CLASSPATH=C:\Users\Alex\Documents\GitHub\EmergingTechnology\\gradle\wrapper\gradle-wrapper.jar
PATH=C:\Program Files (x86)\Common Files\Oracle\Java\javapath;C:\ProgramData\Oracle\Java\javapath;C:\WINDOWS\system32;C:\WINDOWS;C:\WINDOWS\System32\Wbem;C:\WINDOWS\System32\WindowsPowerShell\v1.0\;C:\Program Files (x86)\GtkSharp\2.12\bin;C:\Program Files\Microsoft SQL Server\130\Tools\Binn\;C:\Program Files\Microsoft\Web Platform Installer\;C:\Program Files\ASUS\Bluetooth Software\;C:\Program Files\ASUS\Bluetooth Software\syswow64;C:\Program Files\dotnet\;C:\WINDOWS\System32\OpenSSH\;C:\Program Files (x86)\NVIDIA Corporation\PhysX\Common;C:\Program Files\Microsoft SQL Server\Client SDK\ODBC\110\Tools\Binn\;C:\Program Files (x86)\Microsoft SQL Server\120\Tools\Binn\ManagementStudio\;C:\Program Files (x86)\Microsoft SQL Server\120\Tools\Binn\;C:\Program Files\Microsoft SQL Server\120\Tools\Binn\;C:\Program Files (x86)\Microsoft SQL Server\120\DTS\Binn\;C:\Program Files\Microsoft VS Code\bin;C:\Program Files\Git\cmd;C:\Program Files (x86)\dotnet\;C:\Program Files (x86)\nodejs\;C:\WINDOWS\system32;C:\WINDOWS;C:\WINDOWS\System32\Wbem;C:\WINDOWS\System32\WindowsPowerShell\v1.0\;C:\WINDOWS\System32\OpenSSH\;C:\Program Files\Microsoft SQL Server\120\DTS\Binn\;C:\Gradle\gradle-3.5\bin;C:\Program Files\Microsoft VS Code\bin;C:\Users\Alex\AppData\Local\Google\Cloud SDK\google-cloud-sdk\bin;C:\Users\Alex\AppData\Local\GitHubDesktop\bin;C:\Users\Alex\AppData\Local\Microsoft\WindowsApps;C:\Users\Alex\.dotnet\tools;C:\Users\Alex\AppData\Roaming\npm;C:\Program Files\Java\jdk1.8.0_161\bin;
USERNAME=Alex
OS=Windows_NT
PROCESSOR_IDENTIFIER=AMD64 Family 21 Model 2 Stepping 0, AuthenticAMD



---------------  S Y S T E M  ---------------

OS: Windows 10.0 , 64 bit Build 18362 (10.0.18362.329)

CPU:total 6 (initial active 6) (6 cores per cpu, 1 threads per core) family 21 model 2 stepping 0, cmov, cx8, fxsr, mmx, sse, sse2, sse3, ssse3, sse4.1, sse4.2, popcnt, avx, aes, clmul, mmxext, 3dnowpref, lzcnt, sse4a, tsc, tscinvbit, tscinv, bmi1

Memory: 4k page, physical 8370292k(2188660k free), swap 19688268k(5950016k free)

vm_info: Java HotSpot(TM) 64-Bit Server VM (25.161-b12) for windows-amd64 JRE (1.8.0_161-b12), built on Dec 19 2017 17:52:25 by "java_re" with MS VC++ 10.0 (VS2010)

time: Sat Dec 07 19:29:14 2019
elapsed time: 43 seconds (0d 0h 0m 43s)

