#
# A fatal error has been detected by the Java Runtime Environment:
#
#  EXCEPTION_ACCESS_VIOLATION (0xc0000005) at pc=0x000000001f161066, pid=6652, tid=0x00000000000000f8
#
# JRE version: Java(TM) SE Runtime Environment (8.0_161-b12) (build 1.8.0_161-b12)
# Java VM: Java HotSpot(TM) 64-Bit Server VM (25.161-b12 mixed mode windows-amd64 compressed oops)
# Problematic frame:
# C  [OpenAL64.dll+0x11066]
#
# Failed to write core dump. Minidumps are not enabled by default on client versions of Windows
#
# If you would like to submit a bug report, please visit:
#   http://bugreport.java.com/bugreport/crash.jsp
# The crash happened outside the Java Virtual Machine in native code.
# See problematic frame for where to report the bug.
#

---------------  T H R E A D  ---------------

Current thread (0x000000001ab93000):  JavaThread "Thread-5" [_thread_in_native, id=248, stack(0x000000002d710000,0x000000002d810000)]

siginfo: ExceptionCode=0xc0000005, reading address 0x000000001e3d1004

Registers:
RAX=0x0000000000000004, RBX=0x0000000030ed0090, RCX=0x000000001e3d1008, RDX=0x000000001e3d1004
RSP=0x000000002d80ec90, RBP=0x00000000000000ff, RSI=0x000000001e3cfe4c, RDI=0x0000000000000000
R8 =0x000000000000046e, R9 =0x000000001e3cfe4c, R10=0x00000000030585fb, R11=0x0000000056c1bcb0
R12=0x0000000000000001, R13=0x000000002fb66ce8, R14=0x000000002d80ee28, R15=0x000000001ab93000
RIP=0x000000001f161066, EFLAGS=0x0000000000010202

Top of Stack: (sp=0x000000002d80ec90)
0x000000002d80ec90:   0000000000000000 0000000056abd5cb
0x000000002d80eca0:   000000001ab93000 000000001ab93000
0x000000002d80ecb0:   000000002fb66ce8 0000000000000000
0x000000002d80ecc0:   000000001ab93000 000000001e3cbd50
0x000000002d80ecd0:   000000002fb66ce8 000000002d80ee28
0x000000002d80ece0:   000000001bc7b920 0000000056aab936
0x000000002d80ecf0:   000000002d80f498 000000001b6cf340
0x000000002d80ed00:   000000001ab93000 000000002d80ee28
0x000000002d80ed10:   000000002fb66ce8 0000000000000000
0x000000002d80ed20:   000000001e3cfe4c 00000000804016e0
0x000000002d80ed30:   000000002d80edf0 000000001f16248f
0x000000002d80ed40:   0000000030ed0090 0000000030ed0090
0x000000002d80ed50:   000000000000ac44 0000000000000004
0x000000002d80ed60:   0000000000000010 0000000003058627
0x000000002d80ed70:   000000002fb66ce8 000000000305835d
0x000000002d80ed80:   000000001ab93000 000000002fb66ce8 

Instructions: (pc=0x000000001f161066)
0x000000001f161046:   41 2b ec 81 3a 03 00 02 00 75 09 8b 01 89 84 24
0x000000001f161056:   c8 00 00 00 49 83 c0 02 48 83 c1 08 4a 8d 14 86
0x000000001f161066:   39 3a 75 af 4c 8d 84 24 c0 00 00 00 48 8d 15 d7
0x000000001f161076:   2b 03 00 33 c9 e8 58 5f 00 00 b8 40 1f 00 00 4c 


Register to memory mapping:

RAX=0x0000000000000004 is an unknown value
RBX=0x0000000030ed0090 is an unknown value
RCX=0x000000001e3d1008 is an unknown value
RDX=0x000000001e3d1004 is an unknown value
RSP=0x000000002d80ec90 is pointing into the stack for thread: 0x000000001ab93000
RBP=0x00000000000000ff is an unknown value
RSI=0x000000001e3cfe4c is an unknown value
RDI=0x0000000000000000 is an unknown value
R8 =0x000000000000046e is an unknown value
R9 =0x000000001e3cfe4c is an unknown value
R10=0x00000000030585fb is at code_begin+891 in an Interpreter codelet
method entry point (kind = native)  [0x0000000003058280, 0x0000000003058c40]  2496 bytes
R11=0x0000000056c1bcb0 is an unknown value
R12=0x0000000000000001 is an unknown value
R13={method} {0x000000002fb66cf0} 'nalcCreateContext' '(JJ)J' in 'org/lwjgl/openal/ALC10'
R14=0x000000002d80ee28 is pointing into the stack for thread: 0x000000001ab93000
R15=0x000000001ab93000 is a thread


Stack: [0x000000002d710000,0x000000002d810000],  sp=0x000000002d80ec90,  free space=1019k
Native frames: (J=compiled Java code, j=interpreted, Vv=VM code, C=native code)
C  [OpenAL64.dll+0x11066]
C  [OpenAL64.dll+0x1248f]
C  0x0000000003058627

Java frames: (J=compiled Java code, j=interpreted, Vv=VM code)
j  org.lwjgl.openal.ALC10.nalcCreateContext(JJ)J+0
j  org.lwjgl.openal.ALC10.alcCreateContext(Lorg/lwjgl/openal/ALCdevice;Ljava/nio/IntBuffer;)Lorg/lwjgl/openal/ALCcontext;+8
j  org.lwjgl.openal.AL.init(Ljava/lang/String;IIZZ)V+69
j  org.lwjgl.openal.AL.create(Ljava/lang/String;IIZZ)V+246
j  org.lwjgl.openal.AL.create(Ljava/lang/String;IIZ)V+5
j  org.lwjgl.openal.AL.create()V+6
j  paulscode.sound.libraries.LibraryLWJGLOpenAL.init()V+2
j  paulscode.sound.SoundSystem.CommandNewLibrary(Ljava/lang/Class;)V+273
j  paulscode.sound.SoundSystem.CommandQueue(Lpaulscode/sound/CommandObject;)Z+1206
j  paulscode.sound.CommandThread.run()V+51
v  ~StubRoutines::call_stub

---------------  P R O C E S S  ---------------

Java Threads: ( => current thread )
  0x000000001ab95800 JavaThread "Thread-6" [_thread_blocked, id=4080, stack(0x0000000030cd0000,0x0000000030dd0000)]
=>0x000000001ab93000 JavaThread "Thread-5" [_thread_in_native, id=248, stack(0x000000002d710000,0x000000002d810000)]
  0x000000001ab94800 JavaThread "Sound Library Loader" [_thread_blocked, id=6348, stack(0x000000002d310000,0x000000002d410000)]
  0x000000001a8bb000 JavaThread "ForkJoinPool.commonPool-worker-1" daemon [_thread_blocked, id=9520, stack(0x000000002d010000,0x000000002d110000)]
  0x000000001a8bf000 JavaThread "LWJGL Timer" daemon [_thread_blocked, id=8452, stack(0x000000002b930000,0x000000002ba30000)]
  0x000000001a8be000 JavaThread "Thread-3" [_thread_blocked, id=13188, stack(0x000000002ac70000,0x000000002ad70000)]
  0x000000001a8bc800 JavaThread "Java2D Disposer" daemon [_thread_blocked, id=1880, stack(0x000000001f050000,0x000000001f150000)]
  0x000000001a8bc000 JavaThread "Timer hack thread" daemon [_thread_blocked, id=14884, stack(0x000000001eee0000,0x000000001efe0000)]
  0x000000001d907800 JavaThread "Snooper Timer" daemon [_thread_blocked, id=19644, stack(0x000000001c100000,0x000000001c200000)]
  0x0000000017e8d800 JavaThread "Service Thread" daemon [_thread_blocked, id=17948, stack(0x000000001a1f0000,0x000000001a2f0000)]
  0x0000000017e85800 JavaThread "C1 CompilerThread2" daemon [_thread_blocked, id=528, stack(0x0000000019cf0000,0x0000000019df0000)]
  0x0000000017e81800 JavaThread "C2 CompilerThread1" daemon [_thread_in_native, id=17892, stack(0x0000000019bf0000,0x0000000019cf0000)]
  0x0000000017e7f000 JavaThread "C2 CompilerThread0" daemon [_thread_blocked, id=13780, stack(0x0000000019af0000,0x0000000019bf0000)]
  0x0000000017e7a800 JavaThread "Attach Listener" daemon [_thread_blocked, id=8364, stack(0x00000000199f0000,0x0000000019af0000)]
  0x0000000017e79800 JavaThread "Signal Dispatcher" daemon [_thread_blocked, id=10516, stack(0x00000000198f0000,0x00000000199f0000)]
  0x0000000017e62000 JavaThread "Finalizer" daemon [_thread_blocked, id=11920, stack(0x00000000196f0000,0x00000000197f0000)]
  0x000000000303a000 JavaThread "Reference Handler" daemon [_thread_blocked, id=14960, stack(0x00000000195f0000,0x00000000196f0000)]
  0x0000000002f46000 JavaThread "Client thread" [_thread_in_native, id=7276, stack(0x0000000002de0000,0x0000000002ee0000)]

Other Threads:
  0x0000000017e37800 VMThread [stack: 0x00000000194f0000,0x00000000195f0000] [id=20292]
  0x0000000019e7e000 WatcherThread [stack: 0x000000001a2f0000,0x000000001a3f0000] [id=10156]

VM state:not at safepoint (normal execution)

VM Mutex/Monitor currently owned by a thread: None

Heap:
 PSYoungGen      total 625152K, used 577545K [0x00000000d5700000, 0x00000000ff780000, 0x0000000100000000)
  eden space 573952K, 96% used [0x00000000d5700000,0x00000000f74244a0,0x00000000f8780000)
  from space 51200K, 45% used [0x00000000fc580000,0x00000000fdc5dfe0,0x00000000ff780000)
  to   space 57344K, 0% used [0x00000000f8780000,0x00000000f8780000,0x00000000fbf80000)
 ParOldGen       total 348160K, used 198125K [0x0000000080400000, 0x0000000095800000, 0x00000000d5700000)
  object space 348160K, 56% used [0x0000000080400000,0x000000008c57b4b0,0x0000000095800000)
 Metaspace       used 60017K, capacity 60779K, committed 61272K, reserved 1101824K
  class space    used 8568K, capacity 8787K, committed 8832K, reserved 1048576K

Card table byte_map: [0x0000000012400000,0x0000000012800000] byte_map_base: 0x0000000011ffe000

Marking Bits: (ParMarkBitMap*) 0x000000005720f860
 Begin Bits: [0x00000000130b0000, 0x00000000150a0000)
 End Bits:   [0x00000000150a0000, 0x0000000017090000)

Polling page: 0x0000000000f70000

CodeCache: size=245760Kb used=21545Kb max_used=21642Kb free=224214Kb
 bounds [0x0000000003040000, 0x00000000045a0000, 0x0000000012040000]
 total_blobs=6884 nmethods=6046 adapters=750
 compilation: enabled

Compilation events (10 events):
Event: 43.260 Thread 0x0000000017e85800 nmethod 7831 0x000000000457c9d0 code [0x000000000457cb20, 0x000000000457cc30]
Event: 43.262 Thread 0x0000000017e7f000 nmethod 7832 0x000000000457c2d0 code [0x000000000457c440, 0x000000000457c658]
Event: 43.262 Thread 0x0000000017e85800 7836       3       net.minecraft.client.renderer.block.model.ModelBlock::hasParent (13 bytes)
Event: 43.263 Thread 0x0000000017e7f000 7833       4       com.google.gson.internal.bind.JsonTreeReader::beginObject (29 bytes)
Event: 43.263 Thread 0x0000000017e85800 nmethod 7836 0x0000000003effd50 code [0x0000000003effea0, 0x0000000003f00050]
Event: 43.263 Thread 0x0000000017e85800 7837       1       com.google.common.collect.AbstractMapBasedMultimap::access$000 (5 bytes)
Event: 43.263 Thread 0x0000000017e85800 nmethod 7837 0x0000000003effa90 code [0x0000000003effbe0, 0x0000000003effcd0]
Event: 43.263 Thread 0x0000000017e85800 7838       3       com.google.common.collect.LinkedHashMultimap$ValueSet::<init> (55 bytes)
Event: 43.264 Thread 0x0000000017e85800 nmethod 7838 0x0000000003eff2d0 code [0x0000000003eff480, 0x0000000003eff888]
Event: 43.264 Thread 0x0000000017e85800 7839       3       com.google.common.collect.SingletonImmutableList::get (11 bytes)

GC Heap History (10 events):
Event: 27.491 GC heap before
{Heap before GC invocations=19 (full 4):
 PSYoungGen      total 638464K, used 588800K [0x00000000d5700000, 0x00000000ff700000, 0x0000000100000000)
  eden space 588800K, 100% used [0x00000000d5700000,0x00000000f9600000,0x00000000f9600000)
  from space 49664K, 0% used [0x00000000fc680000,0x00000000fc680000,0x00000000ff700000)
  to   space 49664K, 0% used [0x00000000f9600000,0x00000000f9600000,0x00000000fc680000)
 ParOldGen       total 237568K, used 123091K [0x0000000080400000, 0x000000008ec00000, 0x00000000d5700000)
  object space 237568K, 51% used [0x0000000080400000,0x0000000087c34c38,0x000000008ec00000)
 Metaspace       used 52133K, capacity 52723K, committed 53336K, reserved 1095680K
  class space    used 7024K, capacity 7197K, committed 7296K, reserved 1048576K
Event: 27.542 GC heap after
Heap after GC invocations=19 (full 4):
 PSYoungGen      total 638464K, used 27320K [0x00000000d5700000, 0x00000000ffe00000, 0x0000000100000000)
  eden space 588800K, 0% used [0x00000000d5700000,0x00000000d5700000,0x00000000f9600000)
  from space 49664K, 55% used [0x00000000f9600000,0x00000000fb0ae1b8,0x00000000fc680000)
  to   space 48640K, 0% used [0x00000000fce80000,0x00000000fce80000,0x00000000ffe00000)
 ParOldGen       total 237568K, used 123099K [0x0000000080400000, 0x000000008ec00000, 0x00000000d5700000)
  object space 237568K, 51% used [0x0000000080400000,0x0000000087c36c38,0x000000008ec00000)
 Metaspace       used 52133K, capacity 52723K, committed 53336K, reserved 1095680K
  class space    used 7024K, capacity 7197K, committed 7296K, reserved 1048576K
}
Event: 34.094 GC heap before
{Heap before GC invocations=20 (full 4):
 PSYoungGen      total 638464K, used 616120K [0x00000000d5700000, 0x00000000ffe00000, 0x0000000100000000)
  eden space 588800K, 100% used [0x00000000d5700000,0x00000000f9600000,0x00000000f9600000)
  from space 49664K, 55% used [0x00000000f9600000,0x00000000fb0ae1b8,0x00000000fc680000)
  to   space 48640K, 0% used [0x00000000fce80000,0x00000000fce80000,0x00000000ffe00000)
 ParOldGen       total 237568K, used 123099K [0x0000000080400000, 0x000000008ec00000, 0x00000000d5700000)
  object space 237568K, 51% used [0x0000000080400000,0x0000000087c36c38,0x000000008ec00000)
 Metaspace       used 55632K, capacity 56259K, committed 56664K, reserved 1097728K
  class space    used 7791K, capacity 7997K, committed 8064K, reserved 1048576K
Event: 34.148 GC heap after
Heap after GC invocations=20 (full 4):
 PSYoungGen      total 619008K, used 48609K [0x00000000d5700000, 0x0000000100000000, 0x0000000100000000)
  eden space 570368K, 0% used [0x00000000d5700000,0x00000000d5700000,0x00000000f8400000)
  from space 48640K, 99% used [0x00000000fce80000,0x00000000ffdf8668,0x00000000ffe00000)
  to   space 63488K, 0% used [0x00000000f8400000,0x00000000f8400000,0x00000000fc200000)
 ParOldGen       total 237568K, used 143463K [0x0000000080400000, 0x000000008ec00000, 0x00000000d5700000)
  object space 237568K, 60% used [0x0000000080400000,0x0000000089019f68,0x000000008ec00000)
 Metaspace       used 55632K, capacity 56259K, committed 56664K, reserved 1097728K
  class space    used 7791K, capacity 7997K, committed 8064K, reserved 1048576K
}
Event: 35.633 GC heap before
{Heap before GC invocations=21 (full 4):
 PSYoungGen      total 619008K, used 618977K [0x00000000d5700000, 0x0000000100000000, 0x0000000100000000)
  eden space 570368K, 100% used [0x00000000d5700000,0x00000000f8400000,0x00000000f8400000)
  from space 48640K, 99% used [0x00000000fce80000,0x00000000ffdf8668,0x00000000ffe00000)
  to   space 63488K, 0% used [0x00000000f8400000,0x00000000f8400000,0x00000000fc200000)
 ParOldGen       total 237568K, used 143463K [0x0000000080400000, 0x000000008ec00000, 0x00000000d5700000)
  object space 237568K, 60% used [0x0000000080400000,0x0000000089019f68,0x000000008ec00000)
 Metaspace       used 55928K, capacity 56515K, committed 56920K, reserved 1097728K
  class space    used 7867K, capacity 8061K, committed 8064K, reserved 1048576K
Event: 35.706 GC heap after
Heap after GC invocations=21 (full 4):
 PSYoungGen      total 633856K, used 27116K [0x00000000d5700000, 0x0000000100000000, 0x0000000100000000)
  eden space 570368K, 0% used [0x00000000d5700000,0x00000000d5700000,0x00000000f8400000)
  from space 63488K, 42% used [0x00000000f8400000,0x00000000f9e7b1f8,0x00000000fc200000)
  to   space 59904K, 0% used [0x00000000fc580000,0x00000000fc580000,0x0000000100000000)
 ParOldGen       total 237568K, used 191193K [0x0000000080400000, 0x000000008ec00000, 0x00000000d5700000)
  object space 237568K, 80% used [0x0000000080400000,0x000000008beb6490,0x000000008ec00000)
 Metaspace       used 55928K, capacity 56515K, committed 56920K, reserved 1097728K
  class space    used 7867K, capacity 8061K, committed 8064K, reserved 1048576K
}
Event: 35.706 GC heap before
{Heap before GC invocations=22 (full 5):
 PSYoungGen      total 633856K, used 27116K [0x00000000d5700000, 0x0000000100000000, 0x0000000100000000)
  eden space 570368K, 0% used [0x00000000d5700000,0x00000000d5700000,0x00000000f8400000)
  from space 63488K, 42% used [0x00000000f8400000,0x00000000f9e7b1f8,0x00000000fc200000)
  to   space 59904K, 0% used [0x00000000fc580000,0x00000000fc580000,0x0000000100000000)
 ParOldGen       total 237568K, used 191193K [0x0000000080400000, 0x000000008ec00000, 0x00000000d5700000)
  object space 237568K, 80% used [0x0000000080400000,0x000000008beb6490,0x000000008ec00000)
 Metaspace       used 55928K, capacity 56515K, committed 56920K, reserved 1097728K
  class space    used 7867K, capacity 8061K, committed 8064K, reserved 1048576K
Event: 36.230 GC heap after
Heap after GC invocations=22 (full 5):
 PSYoungGen      total 633856K, used 0K [0x00000000d5700000, 0x0000000100000000, 0x0000000100000000)
  eden space 570368K, 0% used [0x00000000d5700000,0x00000000d5700000,0x00000000f8400000)
  from space 63488K, 0% used [0x00000000f8400000,0x00000000f8400000,0x00000000fc200000)
  to   space 59904K, 0% used [0x00000000fc580000,0x00000000fc580000,0x0000000100000000)
 ParOldGen       total 348160K, used 198117K [0x0000000080400000, 0x0000000095800000, 0x00000000d5700000)
  object space 348160K, 56% used [0x0000000080400000,0x000000008c5794b0,0x0000000095800000)
 Metaspace       used 55928K, capacity 56515K, committed 56920K, reserved 1097728K
  class space    used 7867K, capacity 8061K, committed 8064K, reserved 1048576K
}
Event: 37.850 GC heap before
{Heap before GC invocations=23 (full 5):
 PSYoungGen      total 633856K, used 570368K [0x00000000d5700000, 0x0000000100000000, 0x0000000100000000)
  eden space 570368K, 100% used [0x00000000d5700000,0x00000000f8400000,0x00000000f8400000)
  from space 63488K, 0% used [0x00000000f8400000,0x00000000f8400000,0x00000000fc200000)
  to   space 59904K, 0% used [0x00000000fc580000,0x00000000fc580000,0x0000000100000000)
 ParOldGen       total 348160K, used 198117K [0x0000000080400000, 0x0000000095800000, 0x00000000d5700000)
  object space 348160K, 56% used [0x0000000080400000,0x000000008c5794b0,0x0000000095800000)
 Metaspace       used 56428K, capacity 57027K, committed 57560K, reserved 1099776K
  class space    used 8012K, capacity 8189K, committed 8192K, reserved 1048576K
Event: 37.883 GC heap after
Heap after GC invocations=23 (full 5):
 PSYoungGen      total 625152K, used 23415K [0x00000000d5700000, 0x00000000ff780000, 0x0000000100000000)
  eden space 573952K, 0% used [0x00000000d5700000,0x00000000d5700000,0x00000000f8780000)
  from space 51200K, 45% used [0x00000000fc580000,0x00000000fdc5dfe0,0x00000000ff780000)
  to   space 57344K, 0% used [0x00000000f8780000,0x00000000f8780000,0x00000000fbf80000)
 ParOldGen       total 348160K, used 198125K [0x0000000080400000, 0x0000000095800000, 0x00000000d5700000)
  object space 348160K, 56% used [0x0000000080400000,0x000000008c57b4b0,0x0000000095800000)
 Metaspace       used 56428K, capacity 57027K, committed 57560K, reserved 1099776K
  class space    used 8012K, capacity 8189K, committed 8192K, reserved 1048576K
}

Deoptimization events (10 events):
Event: 43.095 Thread 0x0000000002f46000 Uncommon trap: reason=unstable_if action=reinterpret pc=0x00000000043c87ac method=com.google.common.collect.ImmutableMap.copyOf(Ljava/util/Map;)Lcom/google/common/collect/ImmutableMap; @ 35
Event: 43.096 Thread 0x0000000002f46000 Uncommon trap: reason=bimorphic action=maybe_recompile pc=0x000000000416a360 method=com.google.common.collect.AbstractMapBasedMultimap.put(Ljava/lang/Object;Ljava/lang/Object;)Z @ 5
Event: 43.097 Thread 0x0000000002f46000 Uncommon trap: reason=bimorphic action=maybe_recompile pc=0x000000000416a360 method=com.google.common.collect.AbstractMapBasedMultimap.put(Ljava/lang/Object;Ljava/lang/Object;)Z @ 5
Event: 43.098 Thread 0x0000000002f46000 Uncommon trap: reason=bimorphic action=maybe_recompile pc=0x000000000416a360 method=com.google.common.collect.AbstractMapBasedMultimap.put(Ljava/lang/Object;Ljava/lang/Object;)Z @ 5
Event: 43.098 Thread 0x0000000002f46000 Uncommon trap: reason=bimorphic action=maybe_recompile pc=0x000000000416a360 method=com.google.common.collect.AbstractMapBasedMultimap.put(Ljava/lang/Object;Ljava/lang/Object;)Z @ 5
Event: 43.098 Thread 0x0000000002f46000 Uncommon trap: reason=class_check action=maybe_recompile pc=0x00000000036660a0 method=com.google.common.collect.AbstractMapBasedMultimap$WrappedCollection.refreshIfEmpty()V @ 59
Event: 43.098 Thread 0x0000000002f46000 Uncommon trap: reason=class_check action=maybe_recompile pc=0x00000000036660a0 method=com.google.common.collect.AbstractMapBasedMultimap$WrappedCollection.refreshIfEmpty()V @ 59
Event: 43.099 Thread 0x0000000002f46000 Uncommon trap: reason=class_check action=maybe_recompile pc=0x00000000036660a0 method=com.google.common.collect.AbstractMapBasedMultimap$WrappedCollection.refreshIfEmpty()V @ 59
Event: 43.099 Thread 0x0000000002f46000 Uncommon trap: reason=class_check action=maybe_recompile pc=0x00000000036660a0 method=com.google.common.collect.AbstractMapBasedMultimap$WrappedCollection.refreshIfEmpty()V @ 59
Event: 43.138 Thread 0x0000000002f46000 Uncommon trap: reason=unstable_if action=reinterpret pc=0x00000000043a6474 method=com.google.common.collect.ImmutableSet.construct(I[Ljava/lang/Object;)Lcom/google/common/collect/ImmutableSet; @ 146

Classes redefined (0 events):
No events

Internal exceptions (10 events):
Event: 43.221 Thread 0x000000001ab93000 Exception <a 'org/lwjgl/LWJGLException'> (0x00000000f5dd1ab0) thrown at [C:\re\workspace\8-2-build-windows-amd64-cygwin\jdk8u161\10277\hotspot\src\share\vm\prims\jni.cpp, line 709]
Event: 43.221 Thread 0x000000001ab93000 Exception <a 'org/lwjgl/LWJGLException'> (0x00000000f5dd1fe8) thrown at [C:\re\workspace\8-2-build-windows-amd64-cygwin\jdk8u161\10277\hotspot\src\share\vm\prims\jni.cpp, line 709]
Event: 43.221 Thread 0x000000001ab93000 Exception <a 'org/lwjgl/LWJGLException'> (0x00000000f5dd2530) thrown at [C:\re\workspace\8-2-build-windows-amd64-cygwin\jdk8u161\10277\hotspot\src\share\vm\prims\jni.cpp, line 709]
Event: 43.221 Thread 0x000000001ab93000 Exception <a 'org/lwjgl/LWJGLException'> (0x00000000f5dd2b00) thrown at [C:\re\workspace\8-2-build-windows-amd64-cygwin\jdk8u161\10277\hotspot\src\share\vm\prims\jni.cpp, line 709]
Event: 43.221 Thread 0x000000001ab93000 Exception <a 'org/lwjgl/LWJGLException'> (0x00000000f5dd3198) thrown at [C:\re\workspace\8-2-build-windows-amd64-cygwin\jdk8u161\10277\hotspot\src\share\vm\prims\jni.cpp, line 709]
Event: 43.221 Thread 0x000000001ab93000 Exception <a 'org/lwjgl/LWJGLException'> (0x00000000f5dd3790) thrown at [C:\re\workspace\8-2-build-windows-amd64-cygwin\jdk8u161\10277\hotspot\src\share\vm\prims\jni.cpp, line 709]
Event: 43.222 Thread 0x000000001ab93000 Exception <a 'org/lwjgl/LWJGLException'> (0x00000000f5dd3d90) thrown at [C:\re\workspace\8-2-build-windows-amd64-cygwin\jdk8u161\10277\hotspot\src\share\vm\prims\jni.cpp, line 709]
Event: 43.222 Thread 0x000000001ab93000 Exception <a 'org/lwjgl/LWJGLException'> (0x00000000f5dd42e0) thrown at [C:\re\workspace\8-2-build-windows-amd64-cygwin\jdk8u161\10277\hotspot\src\share\vm\prims\jni.cpp, line 709]
Event: 43.222 Thread 0x000000001ab93000 Exception <a 'org/lwjgl/LWJGLException'> (0x00000000f5dd4870) thrown at [C:\re\workspace\8-2-build-windows-amd64-cygwin\jdk8u161\10277\hotspot\src\share\vm\prims\jni.cpp, line 709]
Event: 43.225 Thread 0x000000001ab93000 Exception <a 'org/lwjgl/LWJGLException'> (0x00000000f5dd4e00) thrown at [C:\re\workspace\8-2-build-windows-amd64-cygwin\jdk8u161\10277\hotspot\src\share\vm\prims\jni.cpp, line 709]

Events (10 events):
Event: 43.235 loading class org/lwjgl/openal/ALC10
Event: 43.235 loading class org/lwjgl/openal/ALC10 done
Event: 43.261 loading class org/lwjgl/openal/ALCdevice
Event: 43.261 loading class org/lwjgl/openal/ALCdevice done
Event: 43.262 loading class org/lwjgl/openal/ALCcontext
Event: 43.262 loading class org/lwjgl/openal/ALCcontext done
Event: 43.262 loading class org/lwjgl/openal/Util
Event: 43.262 loading class org/lwjgl/openal/Util done
Event: 43.263 loading class org/lwjgl/openal/OpenALException
Event: 43.263 loading class org/lwjgl/openal/OpenALException done


Dynamic libraries:
0x00007ff770200000 - 0x00007ff770237000 	C:\Program Files\Java\jdk1.8.0_161\bin\java.exe
0x00007ffba4980000 - 0x00007ffba4b70000 	C:\WINDOWS\SYSTEM32\ntdll.dll
0x00007ffba3520000 - 0x00007ffba35d2000 	C:\WINDOWS\System32\KERNEL32.DLL
0x00007ffba1a70000 - 0x00007ffba1d13000 	C:\WINDOWS\System32\KERNELBASE.dll
0x00007ffba3720000 - 0x00007ffba37c3000 	C:\WINDOWS\System32\ADVAPI32.dll
0x00007ffba3050000 - 0x00007ffba30ee000 	C:\WINDOWS\System32\msvcrt.dll
0x00007ffba2e70000 - 0x00007ffba2f07000 	C:\WINDOWS\System32\sechost.dll
0x00007ffba2a30000 - 0x00007ffba2b50000 	C:\WINDOWS\System32\RPCRT4.dll
0x00007ffba3c60000 - 0x00007ffba3df4000 	C:\WINDOWS\System32\USER32.dll
0x00007ffba1a40000 - 0x00007ffba1a61000 	C:\WINDOWS\System32\win32u.dll
0x00007ffba3020000 - 0x00007ffba3046000 	C:\WINDOWS\System32\GDI32.dll
0x00007ffba2890000 - 0x00007ffba2a24000 	C:\WINDOWS\System32\gdi32full.dll
0x00007ffba1d70000 - 0x00007ffba1e0e000 	C:\WINDOWS\System32\msvcp_win.dll
0x00007ffba1e40000 - 0x00007ffba1f3a000 	C:\WINDOWS\System32\ucrtbase.dll
0x00007ffb95550000 - 0x00007ffb957d5000 	C:\WINDOWS\WinSxS\amd64_microsoft.windows.common-controls_6595b64144ccf1df_6.0.18362.535_none_e6c3b34713100821\COMCTL32.dll
0x00007ffba3160000 - 0x00007ffba3496000 	C:\WINDOWS\System32\combase.dll
0x00007ffba19c0000 - 0x00007ffba1a40000 	C:\WINDOWS\System32\bcryptPrimitives.dll
0x00007ffba2fe0000 - 0x00007ffba300e000 	C:\WINDOWS\System32\IMM32.DLL
0x0000000057290000 - 0x0000000057362000 	C:\Program Files\Java\jdk1.8.0_161\jre\bin\msvcr100.dll
0x00000000569f0000 - 0x000000005728f000 	C:\Program Files\Java\jdk1.8.0_161\jre\bin\server\jvm.dll
0x00007ffba3510000 - 0x00007ffba3518000 	C:\WINDOWS\System32\PSAPI.DLL
0x00007ffb9f7c0000 - 0x00007ffb9f7e4000 	C:\WINDOWS\SYSTEM32\WINMM.dll
0x00007ffb9b6c0000 - 0x00007ffb9b6ca000 	C:\WINDOWS\SYSTEM32\VERSION.dll
0x00007ffb8edb0000 - 0x00007ffb8edb9000 	C:\WINDOWS\SYSTEM32\WSOCK32.dll
0x00007ffba30f0000 - 0x00007ffba315f000 	C:\WINDOWS\System32\WS2_32.dll
0x00007ffb9f240000 - 0x00007ffb9f26d000 	C:\WINDOWS\SYSTEM32\winmmbase.dll
0x00007ffba1d20000 - 0x00007ffba1d6a000 	C:\WINDOWS\System32\cfgmgr32.dll
0x00000000569e0000 - 0x00000000569ef000 	C:\Program Files\Java\jdk1.8.0_161\jre\bin\verify.dll
0x00000000569b0000 - 0x00000000569d9000 	C:\Program Files\Java\jdk1.8.0_161\jre\bin\java.dll
0x0000000056990000 - 0x00000000569a6000 	C:\Program Files\Java\jdk1.8.0_161\jre\bin\zip.dll
0x00007ffba3f10000 - 0x00007ffba45f5000 	C:\WINDOWS\System32\SHELL32.dll
0x00007ffba3e60000 - 0x00007ffba3f09000 	C:\WINDOWS\System32\shcore.dll
0x00007ffba1f40000 - 0x00007ffba26bf000 	C:\WINDOWS\System32\windows.storage.dll
0x00007ffba1860000 - 0x00007ffba187f000 	C:\WINDOWS\System32\profapi.dll
0x00007ffba18a0000 - 0x00007ffba18ea000 	C:\WINDOWS\System32\powrprof.dll
0x00007ffba1850000 - 0x00007ffba1860000 	C:\WINDOWS\System32\UMPDC.dll
0x00007ffba4600000 - 0x00007ffba4652000 	C:\WINDOWS\System32\shlwapi.dll
0x00007ffba18f0000 - 0x00007ffba1901000 	C:\WINDOWS\System32\kernel.appcore.dll
0x00007ffba26c0000 - 0x00007ffba26d7000 	C:\WINDOWS\System32\cryptsp.dll
0x0000000056920000 - 0x000000005692d000 	C:\Program Files\Java\jdk1.8.0_161\jre\bin\management.dll
0x0000000056970000 - 0x000000005698a000 	C:\Program Files\Java\jdk1.8.0_161\jre\bin\net.dll
0x00007ffba10c0000 - 0x00007ffba1127000 	C:\WINDOWS\system32\mswsock.dll
0x00007ffb71bc0000 - 0x00007ffb71bd6000 	C:\WINDOWS\system32\napinsp.dll
0x00007ffb711b0000 - 0x00007ffb711ca000 	C:\WINDOWS\system32\pnrpnsp.dll
0x00007ffba0e10000 - 0x00007ffba0eda000 	C:\WINDOWS\SYSTEM32\DNSAPI.dll
0x00007ffba3010000 - 0x00007ffba3018000 	C:\WINDOWS\System32\NSI.dll
0x00007ffba0dd0000 - 0x00007ffba0e0a000 	C:\WINDOWS\SYSTEM32\IPHLPAPI.DLL
0x00007ffb92300000 - 0x00007ffb9230e000 	C:\WINDOWS\System32\winrnr.dll
0x00007ffb9e060000 - 0x00007ffb9e07c000 	C:\WINDOWS\system32\NLAapi.dll
0x00007ffb9ced0000 - 0x00007ffb9cee5000 	C:\WINDOWS\system32\wshbth.dll
0x00007ffb9b4c0000 - 0x00007ffb9b4ca000 	C:\Windows\System32\rasadhlp.dll
0x00007ffb9b6d0000 - 0x00007ffb9b747000 	C:\WINDOWS\System32\fwpuclnt.dll
0x00007ffba1e10000 - 0x00007ffba1e36000 	C:\WINDOWS\System32\bcrypt.dll
0x0000000056930000 - 0x0000000056941000 	C:\Program Files\Java\jdk1.8.0_161\jre\bin\nio.dll
0x00007ffba0c30000 - 0x00007ffba0c63000 	C:\WINDOWS\system32\rsaenh.dll
0x00007ffba1770000 - 0x00007ffba1795000 	C:\WINDOWS\SYSTEM32\USERENV.dll
0x00007ffba1290000 - 0x00007ffba129c000 	C:\WINDOWS\SYSTEM32\CRYPTBASE.dll
0x00007ffb9bf20000 - 0x00007ffb9bf36000 	C:\WINDOWS\SYSTEM32\dhcpcsvc6.DLL
0x00007ffb9be20000 - 0x00007ffb9be3c000 	C:\WINDOWS\SYSTEM32\dhcpcsvc.DLL
0x00007ffb7d090000 - 0x00007ffb7d0d2000 	C:\Users\Alex\AppData\Local\Temp\jna-2043454\jna8591240903711434375.dll
0x0000000180000000 - 0x0000000180053000 	C:\Users\Alex\.gradle\caches\minecraft\net\minecraft\natives\1.12.2\lwjgl64.dll
0x00007ffb59040000 - 0x00007ffb59196000 	C:\WINDOWS\SYSTEM32\OPENGL32.dll
0x00007ffb7f440000 - 0x00007ffb7f46c000 	C:\WINDOWS\SYSTEM32\GLU32.dll
0x00007ffba04c0000 - 0x00007ffba04e0000 	C:\WINDOWS\SYSTEM32\dxcore.dll
0x0000000056750000 - 0x00000000568e8000 	C:\Program Files\Java\jdk1.8.0_161\jre\bin\awt.dll
0x00007ffba2f10000 - 0x00007ffba2fd4000 	C:\WINDOWS\System32\OLEAUT32.dll
0x00007ffb9fa30000 - 0x00007ffb9fabf000 	C:\WINDOWS\SYSTEM32\apphelp.dll
0x00007ffb9b0c0000 - 0x00007ffb9b16e000 	C:\WINDOWS\SYSTEM32\mscms.dll
0x00007ffb9b0a0000 - 0x00007ffb9b0b7000 	C:\WINDOWS\SYSTEM32\ColorAdapterClient.dll
0x00007ffb9fbd0000 - 0x00007ffb9fc69000 	C:\WINDOWS\system32\uxtheme.dll
0x00007ffba35e0000 - 0x00007ffba3715000 	C:\WINDOWS\System32\MSCTF.dll
0x0000000053ff0000 - 0x0000000056741000 	C:\WINDOWS\System32\DriverStore\FileRepository\nv_dispi.inf_amd64_db678424d2641c3d\nvoglv64.dll
0x00007ffba37f0000 - 0x00007ffba3c60000 	C:\WINDOWS\System32\SETUPAPI.dll
0x00007ffba2b50000 - 0x00007ffba2ca6000 	C:\WINDOWS\System32\ole32.dll
0x00007ffb9e360000 - 0x00007ffb9e373000 	C:\WINDOWS\SYSTEM32\WTSAPI32.dll
0x00007ffba1650000 - 0x00007ffba167a000 	C:\WINDOWS\SYSTEM32\DEVOBJ.dll
0x00007ffba2830000 - 0x00007ffba288c000 	C:\WINDOWS\System32\WINTRUST.dll
0x00007ffba1880000 - 0x00007ffba1892000 	C:\WINDOWS\System32\MSASN1.dll
0x00007ffba26e0000 - 0x00007ffba2829000 	C:\WINDOWS\System32\CRYPT32.dll
0x00007ffba08b0000 - 0x00007ffba08e1000 	C:\WINDOWS\SYSTEM32\ntmarta.dll
0x00007ffb9fff0000 - 0x00007ffba001d000 	C:\WINDOWS\system32\dwmapi.dll
0x00007ffb7b9a0000 - 0x00007ffb7b9e3000 	C:\WINDOWS\SYSTEM32\icm32.dll
0x00007ffba0a80000 - 0x00007ffba0adc000 	C:\WINDOWS\SYSTEM32\WINSTA.dll
0x00007ffb7af50000 - 0x00007ffb7af92000 	C:\Users\Alex\AppData\Local\Temp\jna-2043454\jna9198521845925399613.dll
0x00000000568f0000 - 0x0000000056914000 	C:\Program Files\Java\jdk1.8.0_161\jre\bin\sunec.dll
0x0000000057430000 - 0x000000005743b000 	C:\Program Files\Java\jdk1.8.0_161\jre\bin\sunmscapi.dll
0x00007ffb5a8f0000 - 0x00007ffb5aa1d000 	C:\Users\Alex\Documents\GitHub\EmergingTechnology\run\OpenComputersMod-1.7.5.192-lua52-native.64.dll
0x00007ffb53840000 - 0x00007ffb539e1000 	C:\Users\Alex\Documents\GitHub\EmergingTechnology\run\OpenComputersMod-1.7.5.192-lua53-native.64.dll
0x00007ffb92120000 - 0x00007ffb921be000 	C:\WINDOWS\System32\TextInputFramework.dll
0x00007ffb9c370000 - 0x00007ffb9c69a000 	C:\WINDOWS\System32\CoreUIComponents.dll
0x00007ffb9f160000 - 0x00007ffb9f234000 	C:\WINDOWS\System32\CoreMessaging.dll
0x00007ffb9d240000 - 0x00007ffb9d393000 	C:\WINDOWS\SYSTEM32\wintypes.dll
0x00007ffb95d20000 - 0x00007ffb95fc6000 	C:\WINDOWS\System32\iertutil.dll
0x000000001f150000 - 0x000000001f1b4000 	C:\Users\Alex\.gradle\caches\minecraft\net\minecraft\natives\1.12.2\OpenAL64.dll
0x00007ffba4660000 - 0x00007ffba4702000 	C:\WINDOWS\System32\clbcatq.dll
0x00007ffb9bf70000 - 0x00007ffb9bfe2000 	C:\WINDOWS\System32\MMDevApi.dll
0x00007ffb6d440000 - 0x00007ffb6d4d9000 	C:\WINDOWS\SYSTEM32\dsound.dll
0x00007ffb9c000000 - 0x00007ffb9c15d000 	C:\WINDOWS\SYSTEM32\AUDIOSES.DLL
0x00007ffb862b0000 - 0x00007ffb864a4000 	C:\WINDOWS\SYSTEM32\dbghelp.dll

VM Arguments:
jvm_args: -Dfile.encoding=windows-1252 -Duser.country=US -Duser.language=en -Duser.variant 
java_command: GradleStart
java_class_path (initial): C:\Users\Alex\.gradle\caches\minecraft\deobfedDeps\compileDummy.jar;C:\Users\Alex\.gradle\caches\minecraft\deobfedDeps\providedDummy.jar;C:\Users\Alex\.gradle\caches\minecraft\deobfedDeps\deobf\li\cil\oc\OpenComputers\MC1.12.2-1.7.5.192\OpenComputers-MC1.12.2-1.7.5.192.jar;C:\Users\Alex\.gradle\caches\modules-2\files-2.1\mezz.jei\jei_1.12.2\4.15.0.292\d7215dddae13bf062b9455003d9541f608ac6ae4\jei_1.12.2-4.15.0.292.jar;C:\Users\Alex\.gradle\caches\minecraft\net\minecraftforge\forge\1.12.2-14.23.5.2816\snapshot\20171003\forgeSrc-1.12.2-14.23.5.2816.jar;C:\Users\Alex\.gradle\caches\modules-2\files-2.1\com.google.code.findbugs\jsr305\3.0.1\f7be08ec23c21485b9b5a1cf1654c2ec8c58168d\jsr305-3.0.1.jar;C:\Users\Alex\.gradle\caches\modules-2\files-2.1\com.mojang\patchy\1.1\aef610b34a1be37fa851825f12372b78424d8903\patchy-1.1.jar;C:\Users\Alex\.gradle\caches\modules-2\files-2.1\oshi-project\oshi-core\1.1\9ddf7b048a8d701be231c0f4f95fd986198fd2d8\oshi-core-1.1.jar;C:\Users\Alex\.gradle\caches\modules-2\files-2.1\net.java.dev.jna\jna\4.4.0\cb208278274bf12ebdb56c61bd7407e6f774d65a\jna-4.4.0.jar;C:\Users\Alex\.gradle\caches\modules-2\files-2.1\net.java.dev.jna\platform\3.4.0\e3f70017be8100d3d6923f50b3d2ee17714e9c13\platform-3.4.0.jar;C:\Users\Alex\.gradle\caches\modules-2\files-2.1\com.ibm.icu\icu4j-core-mojang\51.2\63d216a9311cca6be337c1e458e587f99d382b84\icu4j-core-mojang-51.2.jar;C:\Users\Alex\.gradle\caches\modules-2\files-2.1\net.sf.jopt-simple\jopt-simple\5.0.3\cdd846cfc4e0f7eefafc02c0f5dce32b9303aa2a\jopt-simple-5.0.3.jar;C:\Users\Alex\.gradle\caches\modules-2\files-2.1\io.netty\netty-all\4.1.9.Final\97860965d6a0a6b98e7f569f3f966727b8db75\netty-all-4.1.9.Final.jar;C:\Users\Alex\.gradle\caches\modules-2\files-2.1\com.google.guava\guava\21.0\3a3d111be1be1b745edfa7d91678a12d7ed38709\guava-21.0.jar;C:\Users\Alex\.gradle\caches\modules-2\files-2.1\org.apache.commons\commons-lang3\3.5\6c6c702c89bfff3cd9e80b04d668c5e190d588c6\commons-lang3-3.5.jar;C:\Users
Launcher Type: SUN_STANDARD

Environment Variables:
JAVA_HOME=C:\Program Files\Java\jdk1.8.0_161
CLASSPATH=C:\Users\Alex\Documents\GitHub\EmergingTechnology\\gradle\wrapper\gradle-wrapper.jar
PATH=C:\Program Files (x86)\Common Files\Oracle\Java\javapath;C:\ProgramData\Oracle\Java\javapath;C:\WINDOWS\system32;C:\WINDOWS;C:\WINDOWS\System32\Wbem;C:\WINDOWS\System32\WindowsPowerShell\v1.0\;C:\Program Files (x86)\GtkSharp\2.12\bin;C:\Program Files\Microsoft SQL Server\130\Tools\Binn\;C:\Program Files\Microsoft\Web Platform Installer\;C:\Program Files\ASUS\Bluetooth Software\;C:\Program Files\ASUS\Bluetooth Software\syswow64;C:\Program Files\dotnet\;C:\WINDOWS\System32\OpenSSH\;C:\Program Files (x86)\NVIDIA Corporation\PhysX\Common;C:\Program Files\Microsoft SQL Server\Client SDK\ODBC\110\Tools\Binn\;C:\Program Files (x86)\Microsoft SQL Server\120\Tools\Binn\ManagementStudio\;C:\Program Files (x86)\Microsoft SQL Server\120\Tools\Binn\;C:\Program Files\Microsoft SQL Server\120\Tools\Binn\;C:\Program Files (x86)\Microsoft SQL Server\120\DTS\Binn\;C:\Program Files\Microsoft VS Code\bin;C:\Program Files\Git\cmd;C:\Program Files (x86)\dotnet\;C:\Program Files (x86)\nodejs\;C:\WINDOWS\system32;C:\WINDOWS;C:\WINDOWS\System32\Wbem;C:\WINDOWS\System32\WindowsPowerShell\v1.0\;C:\WINDOWS\System32\OpenSSH\;C:\Program Files\Microsoft SQL Server\120\DTS\Binn\;C:\Gradle\gradle-3.5\bin;C:\Users\Alex\.cargo\bin;C:\Program Files\Microsoft VS Code\bin;C:\Users\Alex\AppData\Local\Google\Cloud SDK\google-cloud-sdk\bin;C:\Users\Alex\AppData\Local\GitHubDesktop\bin;C:\Users\Alex\AppData\Local\Microsoft\WindowsApps;C:\Users\Alex\.dotnet\tools;C:\Users\Alex\AppData\Roaming\npm;C:\Program Files\Java\jdk1.8.0_161\bin;
USERNAME=Alex
OS=Windows_NT
PROCESSOR_IDENTIFIER=AMD64 Family 21 Model 2 Stepping 0, AuthenticAMD



---------------  S Y S T E M  ---------------

OS: Windows 10.0 , 64 bit Build 18362 (10.0.18362.329)

CPU:total 6 (initial active 6) (6 cores per cpu, 1 threads per core) family 21 model 2 stepping 0, cmov, cx8, fxsr, mmx, sse, sse2, sse3, ssse3, sse4.1, sse4.2, popcnt, avx, aes, clmul, mmxext, 3dnowpref, lzcnt, sse4a, tsc, tscinvbit, tscinv, bmi1

Memory: 4k page, physical 8370292k(404864k free), swap 18331764k(5021876k free)

vm_info: Java HotSpot(TM) 64-Bit Server VM (25.161-b12) for windows-amd64 JRE (1.8.0_161-b12), built on Dec 19 2017 17:52:25 by "java_re" with MS VC++ 10.0 (VS2010)

time: Fri Jan 03 12:41:44 2020
elapsed time: 43 seconds (0d 0h 0m 43s)

