#
# A fatal error has been detected by the Java Runtime Environment:
#
#  EXCEPTION_ACCESS_VIOLATION (0xc0000005) at pc=0x0000000031b91066, pid=19712, tid=0x0000000000004edc
#
# JRE version: Java(TM) SE Runtime Environment (8.0_161-b12) (build 1.8.0_161-b12)
# Java VM: Java HotSpot(TM) 64-Bit Server VM (25.161-b12 mixed mode windows-amd64 compressed oops)
# Problematic frame:
# C  [OpenAL64.dll+0x11066]
#
# Failed to write core dump. Minidumps are not enabled by default on client versions of Windows
#
# If you would like to submit a bug report, please visit:
#   http://bugreport.java.com/bugreport/crash.jsp
# The crash happened outside the Java Virtual Machine in native code.
# See problematic frame for where to report the bug.
#

---------------  T H R E A D  ---------------

Current thread (0x000000001d041800):  JavaThread "Thread-5" [_thread_in_native, id=20188, stack(0x000000002d770000,0x000000002d870000)]

siginfo: ExceptionCode=0xc0000005, reading address 0x000000001e311004

Registers:
RAX=0x000000000d12fc89, RBX=0x0000000031e80090, RCX=0x000000001e311008, RDX=0x000000001e311004
RSP=0x000000002d86f200, RBP=0x00000000000000ff, RSI=0x000000001e30573c, RDI=0x0000000000000000
R8 =0x0000000000002e32, R9 =0x000000001e30573c, R10=0x00000000031d85fb, R11=0x000000006338bcb0
R12=0x0000000000000001, R13=0x00000000319e75e8, R14=0x000000002d86f398, R15=0x000000001d041800
RIP=0x0000000031b91066, EFLAGS=0x0000000000010202

Top of Stack: (sp=0x000000002d86f200)
0x000000002d86f200:   0000000000000000 000000006322d5cb
0x000000002d86f210:   000000001d041800 000000001d041800
0x000000002d86f220:   00000000319e75e8 0000000000000000
0x000000002d86f230:   000000001d041800 000000001e81d850
0x000000002d86f240:   00000000319e75e8 000000002d86f398
0x000000002d86f250:   000000001a9b0620 000000006321b936
0x000000002d86f260:   000000002d86fa08 000000001a8fbf00
0x000000002d86f270:   000000001d041800 000000002d86f398
0x000000002d86f280:   00000000319e75e8 0000000000000000
0x000000002d86f290:   000000001e30573c 00000000804493f0
0x000000002d86f2a0:   000000002d86f360 0000000031b9248f
0x000000002d86f2b0:   0000000031e80090 0000000031e80090
0x000000002d86f2c0:   000000000000ac44 000000000d12fc89
0x000000002d86f2d0:   0000000000000010 00000000031d8627
0x000000002d86f2e0:   00000000319e75e8 00000000031d835d
0x000000002d86f2f0:   000000001d041800 00000000319e75e8 

Instructions: (pc=0x0000000031b91066)
0x0000000031b91046:   41 2b ec 81 3a 03 00 02 00 75 09 8b 01 89 84 24
0x0000000031b91056:   c8 00 00 00 49 83 c0 02 48 83 c1 08 4a 8d 14 86
0x0000000031b91066:   39 3a 75 af 4c 8d 84 24 c0 00 00 00 48 8d 15 d7
0x0000000031b91076:   2b 03 00 33 c9 e8 58 5f 00 00 b8 40 1f 00 00 4c 


Register to memory mapping:

RAX=0x000000000d12fc89 is an unknown value
RBX=0x0000000031e80090 is an unknown value
RCX=0x000000001e311008 is an unknown value
RDX=0x000000001e311004 is an unknown value
RSP=0x000000002d86f200 is pointing into the stack for thread: 0x000000001d041800
RBP=0x00000000000000ff is an unknown value
RSI=0x000000001e30573c is an unknown value
RDI=0x0000000000000000 is an unknown value
R8 =0x0000000000002e32 is an unknown value
R9 =0x000000001e30573c is an unknown value
R10=0x00000000031d85fb is at code_begin+891 in an Interpreter codelet
method entry point (kind = native)  [0x00000000031d8280, 0x00000000031d8c40]  2496 bytes
R11=0x000000006338bcb0 is an unknown value
R12=0x0000000000000001 is an unknown value
R13={method} {0x00000000319e75f0} 'nalcCreateContext' '(JJ)J' in 'org/lwjgl/openal/ALC10'
R14=0x000000002d86f398 is pointing into the stack for thread: 0x000000001d041800
R15=0x000000001d041800 is a thread


Stack: [0x000000002d770000,0x000000002d870000],  sp=0x000000002d86f200,  free space=1020k
Native frames: (J=compiled Java code, j=interpreted, Vv=VM code, C=native code)
C  [OpenAL64.dll+0x11066]
C  [OpenAL64.dll+0x1248f]
C  0x00000000031d8627

Java frames: (J=compiled Java code, j=interpreted, Vv=VM code)
j  org.lwjgl.openal.ALC10.nalcCreateContext(JJ)J+0
j  org.lwjgl.openal.ALC10.alcCreateContext(Lorg/lwjgl/openal/ALCdevice;Ljava/nio/IntBuffer;)Lorg/lwjgl/openal/ALCcontext;+8
j  org.lwjgl.openal.AL.init(Ljava/lang/String;IIZZ)V+69
j  org.lwjgl.openal.AL.create(Ljava/lang/String;IIZZ)V+246
j  org.lwjgl.openal.AL.create(Ljava/lang/String;IIZ)V+5
j  org.lwjgl.openal.AL.create()V+6
j  paulscode.sound.libraries.LibraryLWJGLOpenAL.init()V+2
j  paulscode.sound.SoundSystem.CommandNewLibrary(Ljava/lang/Class;)V+273
j  paulscode.sound.SoundSystem.CommandQueue(Lpaulscode/sound/CommandObject;)Z+1206
j  paulscode.sound.CommandThread.run()V+51
v  ~StubRoutines::call_stub

---------------  P R O C E S S  ---------------

Java Threads: ( => current thread )
  0x000000001d040000 JavaThread "Thread-6" [_thread_blocked, id=15716, stack(0x0000000030210000,0x0000000030310000)]
=>0x000000001d041800 JavaThread "Thread-5" [_thread_in_native, id=20188, stack(0x000000002d770000,0x000000002d870000)]
  0x000000001d043000 JavaThread "Sound Library Loader" [_thread_blocked, id=10916, stack(0x000000002d200000,0x000000002d300000)]
  0x000000001d03d000 JavaThread "LWJGL Timer" daemon [_thread_blocked, id=10800, stack(0x000000002cae0000,0x000000002cbe0000)]
  0x000000001d040800 JavaThread "Thread-3" [_thread_in_native, id=19420, stack(0x000000002c020000,0x000000002c120000)]
  0x000000001d312000 JavaThread "Java2D Disposer" daemon [_thread_blocked, id=13048, stack(0x0000000020a90000,0x0000000020b90000)]
  0x000000001b870800 JavaThread "Timer hack thread" daemon [_thread_blocked, id=19568, stack(0x000000001e090000,0x000000001e190000)]
  0x000000001d8b2000 JavaThread "Snooper Timer" daemon [_thread_blocked, id=20772, stack(0x000000001c280000,0x000000001c380000)]
  0x000000001800e800 JavaThread "Service Thread" daemon [_thread_blocked, id=20360, stack(0x000000001a370000,0x000000001a470000)]
  0x0000000018008800 JavaThread "C1 CompilerThread2" daemon [_thread_blocked, id=18232, stack(0x0000000019e70000,0x0000000019f70000)]
  0x0000000018000800 JavaThread "C2 CompilerThread1" daemon [_thread_in_native, id=5760, stack(0x0000000019d70000,0x0000000019e70000)]
  0x0000000017ffe000 JavaThread "C2 CompilerThread0" daemon [_thread_in_native, id=2472, stack(0x0000000019c70000,0x0000000019d70000)]
  0x0000000017ff9800 JavaThread "Attach Listener" daemon [_thread_blocked, id=18644, stack(0x0000000019b70000,0x0000000019c70000)]
  0x0000000017ff8800 JavaThread "Signal Dispatcher" daemon [_thread_blocked, id=12448, stack(0x0000000019a70000,0x0000000019b70000)]
  0x0000000017fe2000 JavaThread "Finalizer" daemon [_thread_blocked, id=9484, stack(0x0000000019870000,0x0000000019970000)]
  0x00000000031ba000 JavaThread "Reference Handler" daemon [_thread_blocked, id=18360, stack(0x0000000019770000,0x0000000019870000)]
  0x00000000030c6800 JavaThread "Client thread" [_thread_in_Java, id=5628, stack(0x0000000002fc0000,0x00000000030c0000)]

Other Threads:
  0x0000000017fb7800 VMThread [stack: 0x0000000019670000,0x0000000019770000] [id=13476]
  0x000000001a00b800 WatcherThread [stack: 0x000000001a470000,0x000000001a570000] [id=20976]

VM state:not at safepoint (normal execution)

VM Mutex/Monitor currently owned by a thread: None

Heap:
 PSYoungGen      total 605696K, used 125980K [0x00000000d5700000, 0x0000000100000000, 0x0000000100000000)
  eden space 522240K, 13% used [0x00000000d5700000,0x00000000d99dd020,0x00000000f5500000)
  from space 83456K, 68% used [0x00000000fae80000,0x00000000fe6aa2e0,0x0000000100000000)
  to   space 87552K, 0% used [0x00000000f5500000,0x00000000f5500000,0x00000000faa80000)
 ParOldGen       total 362496K, used 212324K [0x0000000080400000, 0x0000000096600000, 0x00000000d5700000)
  object space 362496K, 58% used [0x0000000080400000,0x000000008d359308,0x0000000096600000)
 Metaspace       used 66553K, capacity 67505K, committed 68056K, reserved 1107968K
  class space    used 9634K, capacity 9886K, committed 9984K, reserved 1048576K

Card table byte_map: [0x0000000012580000,0x0000000012980000] byte_map_base: 0x000000001217e000

Marking Bits: (ParMarkBitMap*) 0x000000006397f860
 Begin Bits: [0x0000000013230000, 0x0000000015220000)
 End Bits:   [0x0000000015220000, 0x0000000017210000)

Polling page: 0x0000000001700000

CodeCache: size=245760Kb used=22695Kb max_used=22805Kb free=223064Kb
 bounds [0x00000000031c0000, 0x0000000004830000, 0x00000000121c0000]
 total_blobs=7423 nmethods=6557 adapters=777
 compilation: enabled

Compilation events (10 events):
Event: 48.182 Thread 0x0000000018008800 nmethod 8541 0x00000000043a1950 code [0x00000000043a1aa0, 0x00000000043a1b90]
Event: 48.182 Thread 0x0000000018008800 8542       3       java.util.Formatter$Conversion::isValid (47 bytes)
Event: 48.182 Thread 0x0000000018008800 nmethod 8542 0x00000000035f5550 code [0x00000000035f56e0, 0x00000000035f5b28]
Event: 48.182 Thread 0x0000000018008800 8543       3       com.google.gson.stream.JsonReader::beginArray (82 bytes)
Event: 48.183 Thread 0x0000000018008800 nmethod 8543 0x0000000004457890 code [0x0000000004457ae0, 0x00000000044588a8]
Event: 48.183 Thread 0x0000000018008800 8544       3       com.google.gson.stream.JsonReader::endArray (90 bytes)
Event: 48.185 Thread 0x0000000018008800 nmethod 8544 0x0000000004177c10 code [0x0000000004177e40, 0x0000000004178bb8]
Event: 48.185 Thread 0x0000000018008800 8545       3       com.google.gson.internal.LinkedTreeMap::rotateLeft (118 bytes)
Event: 48.185 Thread 0x0000000018008800 nmethod 8545 0x000000000445bf10 code [0x000000000445c0a0, 0x000000000445c5a8]
Event: 48.185 Thread 0x0000000018008800 8546       3       org.lwjgl.util.vector.Vector3f::<init> (12 bytes)

GC Heap History (10 events):
Event: 38.452 GC heap before
{Heap before GC invocations=25 (full 4):
 PSYoungGen      total 571904K, used 571878K [0x00000000d5700000, 0x0000000100000000, 0x0000000100000000)
  eden space 514048K, 100% used [0x00000000d5700000,0x00000000f4d00000,0x00000000f4d00000)
  from space 57856K, 99% used [0x00000000fc780000,0x00000000ffff9818,0x0000000100000000)
  to   space 91648K, 0% used [0x00000000f4d00000,0x00000000f4d00000,0x00000000fa680000)
 ParOldGen       total 240128K, used 183658K [0x0000000080400000, 0x000000008ee80000, 0x00000000d5700000)
  object space 240128K, 76% used [0x0000000080400000,0x000000008b75a888,0x000000008ee80000)
 Metaspace       used 60374K, capacity 61025K, committed 61400K, reserved 1101824K
  class space    used 8485K, capacity 8690K, committed 8704K, reserved 1048576K
Event: 38.534 GC heap after
Heap after GC invocations=25 (full 4):
 PSYoungGen      total 605696K, used 25539K [0x00000000d5700000, 0x0000000100000000, 0x0000000100000000)
  eden space 514048K, 0% used [0x00000000d5700000,0x00000000d5700000,0x00000000f4d00000)
  from space 91648K, 27% used [0x00000000f4d00000,0x00000000f65f0fa8,0x00000000fa680000)
  to   space 87552K, 0% used [0x00000000faa80000,0x00000000faa80000,0x0000000100000000)
 ParOldGen       total 242688K, used 240763K [0x0000000080400000, 0x000000008f100000, 0x00000000d5700000)
  object space 242688K, 99% used [0x0000000080400000,0x000000008ef1ef48,0x000000008f100000)
 Metaspace       used 60374K, capacity 61025K, committed 61400K, reserved 1101824K
  class space    used 8485K, capacity 8690K, committed 8704K, reserved 1048576K
}
Event: 38.534 GC heap before
{Heap before GC invocations=26 (full 5):
 PSYoungGen      total 605696K, used 25539K [0x00000000d5700000, 0x0000000100000000, 0x0000000100000000)
  eden space 514048K, 0% used [0x00000000d5700000,0x00000000d5700000,0x00000000f4d00000)
  from space 91648K, 27% used [0x00000000f4d00000,0x00000000f65f0fa8,0x00000000fa680000)
  to   space 87552K, 0% used [0x00000000faa80000,0x00000000faa80000,0x0000000100000000)
 ParOldGen       total 242688K, used 240763K [0x0000000080400000, 0x000000008f100000, 0x00000000d5700000)
  object space 242688K, 99% used [0x0000000080400000,0x000000008ef1ef48,0x000000008f100000)
 Metaspace       used 60374K, capacity 61025K, committed 61400K, reserved 1101824K
  class space    used 8485K, capacity 8690K, committed 8704K, reserved 1048576K
Event: 39.091 GC heap after
Heap after GC invocations=26 (full 5):
 PSYoungGen      total 605696K, used 0K [0x00000000d5700000, 0x0000000100000000, 0x0000000100000000)
  eden space 514048K, 0% used [0x00000000d5700000,0x00000000d5700000,0x00000000f4d00000)
  from space 91648K, 0% used [0x00000000f4d00000,0x00000000f4d00000,0x00000000fa680000)
  to   space 87552K, 0% used [0x00000000faa80000,0x00000000faa80000,0x0000000100000000)
 ParOldGen       total 362496K, used 212308K [0x0000000080400000, 0x0000000096600000, 0x00000000d5700000)
  object space 362496K, 58% used [0x0000000080400000,0x000000008d355308,0x0000000096600000)
 Metaspace       used 60374K, capacity 61025K, committed 61400K, reserved 1101824K
  class space    used 8485K, capacity 8690K, committed 8704K, reserved 1048576K
}
Event: 40.433 GC heap before
{Heap before GC invocations=27 (full 5):
 PSYoungGen      total 605696K, used 514048K [0x00000000d5700000, 0x0000000100000000, 0x0000000100000000)
  eden space 514048K, 100% used [0x00000000d5700000,0x00000000f4d00000,0x00000000f4d00000)
  from space 91648K, 0% used [0x00000000f4d00000,0x00000000f4d00000,0x00000000fa680000)
  to   space 87552K, 0% used [0x00000000faa80000,0x00000000faa80000,0x0000000100000000)
 ParOldGen       total 362496K, used 212308K [0x0000000080400000, 0x0000000096600000, 0x00000000d5700000)
  object space 362496K, 58% used [0x0000000080400000,0x000000008d355308,0x0000000096600000)
 Metaspace       used 60394K, capacity 61057K, committed 61528K, reserved 1101824K
  class space    used 8502K, capacity 8722K, committed 8832K, reserved 1048576K
Event: 40.470 GC heap after
Heap after GC invocations=27 (full 5):
 PSYoungGen      total 594432K, used 24420K [0x00000000d5700000, 0x00000000ff500000, 0x0000000100000000)
  eden space 518144K, 0% used [0x00000000d5700000,0x00000000d5700000,0x00000000f5100000)
  from space 76288K, 32% used [0x00000000faa80000,0x00000000fc259370,0x00000000ff500000)
  to   space 83968K, 0% used [0x00000000f5100000,0x00000000f5100000,0x00000000fa300000)
 ParOldGen       total 362496K, used 212308K [0x0000000080400000, 0x0000000096600000, 0x00000000d5700000)
  object space 362496K, 58% used [0x0000000080400000,0x000000008d355308,0x0000000096600000)
 Metaspace       used 60394K, capacity 61057K, committed 61528K, reserved 1101824K
  class space    used 8502K, capacity 8722K, committed 8832K, reserved 1048576K
}
Event: 42.487 GC heap before
{Heap before GC invocations=28 (full 5):
 PSYoungGen      total 594432K, used 542564K [0x00000000d5700000, 0x00000000ff500000, 0x0000000100000000)
  eden space 518144K, 100% used [0x00000000d5700000,0x00000000f5100000,0x00000000f5100000)
  from space 76288K, 32% used [0x00000000faa80000,0x00000000fc259370,0x00000000ff500000)
  to   space 83968K, 0% used [0x00000000f5100000,0x00000000f5100000,0x00000000fa300000)
 ParOldGen       total 362496K, used 212308K [0x0000000080400000, 0x0000000096600000, 0x00000000d5700000)
  object space 362496K, 58% used [0x0000000080400000,0x000000008d355308,0x0000000096600000)
 Metaspace       used 63039K, capacity 63825K, committed 64344K, reserved 1103872K
  class space    used 9018K, capacity 9254K, committed 9344K, reserved 1048576K
Event: 42.530 GC heap after
Heap after GC invocations=28 (full 5):
 PSYoungGen      total 602112K, used 45729K [0x00000000d5700000, 0x0000000100000000, 0x0000000100000000)
  eden space 518144K, 0% used [0x00000000d5700000,0x00000000d5700000,0x00000000f5100000)
  from space 83968K, 54% used [0x00000000f5100000,0x00000000f7da8488,0x00000000fa300000)
  to   space 83456K, 0% used [0x00000000fae80000,0x00000000fae80000,0x0000000100000000)
 ParOldGen       total 362496K, used 212316K [0x0000000080400000, 0x0000000096600000, 0x00000000d5700000)
  object space 362496K, 58% used [0x0000000080400000,0x000000008d357308,0x0000000096600000)
 Metaspace       used 63039K, capacity 63825K, committed 64344K, reserved 1103872K
  class space    used 9018K, capacity 9254K, committed 9344K, reserved 1048576K
}
Event: 47.913 GC heap before
{Heap before GC invocations=29 (full 5):
 PSYoungGen      total 602112K, used 553741K [0x00000000d5700000, 0x0000000100000000, 0x0000000100000000)
  eden space 518144K, 98% used [0x00000000d5700000,0x00000000f471b0a0,0x00000000f5100000)
  from space 83968K, 54% used [0x00000000f5100000,0x00000000f7da8488,0x00000000fa300000)
  to   space 83456K, 0% used [0x00000000fae80000,0x00000000fae80000,0x0000000100000000)
 ParOldGen       total 362496K, used 212316K [0x0000000080400000, 0x0000000096600000, 0x00000000d5700000)
  object space 362496K, 58% used [0x0000000080400000,0x000000008d357308,0x0000000096600000)
 Metaspace       used 65865K, capacity 66815K, committed 67160K, reserved 1105920K
  class space    used 9565K, capacity 9811K, committed 9856K, reserved 1048576K
Event: 47.955 GC heap after
Heap after GC invocations=29 (full 5):
 PSYoungGen      total 605696K, used 57512K [0x00000000d5700000, 0x0000000100000000, 0x0000000100000000)
  eden space 522240K, 0% used [0x00000000d5700000,0x00000000d5700000,0x00000000f5500000)
  from space 83456K, 68% used [0x00000000fae80000,0x00000000fe6aa2e0,0x0000000100000000)
  to   space 87552K, 0% used [0x00000000f5500000,0x00000000f5500000,0x00000000faa80000)
 ParOldGen       total 362496K, used 212324K [0x0000000080400000, 0x0000000096600000, 0x00000000d5700000)
  object space 362496K, 58% used [0x0000000080400000,0x000000008d359308,0x0000000096600000)
 Metaspace       used 65865K, capacity 66815K, committed 67160K, reserved 1105920K
  class space    used 9565K, capacity 9811K, committed 9856K, reserved 1048576K
}

Deoptimization events (10 events):
Event: 48.112 Thread 0x00000000030c6800 Uncommon trap: reason=class_check action=maybe_recompile pc=0x0000000004075b80 method=com.google.common.collect.AbstractMapBasedMultimap$AsMap$AsMapIterator.next()Ljava/util/Map$Entry; @ 4
Event: 48.112 Thread 0x00000000030c6800 Uncommon trap: reason=class_check action=maybe_recompile pc=0x000000000407490c method=com.google.common.collect.AbstractMapBasedMultimap$AsMap$AsMapIterator.hasNext()Z @ 4
Event: 48.114 Thread 0x00000000030c6800 Uncommon trap: reason=bimorphic action=maybe_recompile pc=0x0000000004570684 method=java.util.HashMap.removeNode(ILjava/lang/Object;Ljava/lang/Object;ZZ)Ljava/util/HashMap$Node; @ 283
Event: 48.115 Thread 0x00000000030c6800 Uncommon trap: reason=class_check action=maybe_recompile pc=0x000000000407490c method=com.google.common.collect.AbstractMapBasedMultimap$AsMap$AsMapIterator.hasNext()Z @ 4
Event: 48.115 Thread 0x00000000030c6800 Uncommon trap: reason=class_check action=maybe_recompile pc=0x0000000004075b80 method=com.google.common.collect.AbstractMapBasedMultimap$AsMap$AsMapIterator.next()Ljava/util/Map$Entry; @ 4
Event: 48.116 Thread 0x00000000030c6800 Uncommon trap: reason=class_check action=maybe_recompile pc=0x0000000004075b80 method=com.google.common.collect.AbstractMapBasedMultimap$AsMap$AsMapIterator.next()Ljava/util/Map$Entry; @ 4
Event: 48.143 Thread 0x00000000030c6800 Uncommon trap: reason=bimorphic action=maybe_recompile pc=0x0000000004570684 method=java.util.HashMap.removeNode(ILjava/lang/Object;Ljava/lang/Object;ZZ)Ljava/util/HashMap$Node; @ 283
Event: 48.143 Thread 0x00000000030c6800 Uncommon trap: reason=bimorphic action=maybe_recompile pc=0x0000000004570684 method=java.util.HashMap.removeNode(ILjava/lang/Object;Ljava/lang/Object;ZZ)Ljava/util/HashMap$Node; @ 283
Event: 48.143 Thread 0x00000000030c6800 Uncommon trap: reason=bimorphic action=maybe_recompile pc=0x0000000004570684 method=java.util.HashMap.removeNode(ILjava/lang/Object;Ljava/lang/Object;ZZ)Ljava/util/HashMap$Node; @ 283
Event: 48.177 Thread 0x00000000030c6800 Uncommon trap: reason=unstable_if action=reinterpret pc=0x000000000462035c method=com.google.common.collect.ImmutableSet.construct(I[Ljava/lang/Object;)Lcom/google/common/collect/ImmutableSet; @ 146

Classes redefined (0 events):
No events

Internal exceptions (10 events):
Event: 48.147 Thread 0x000000001d041800 Exception <a 'org/lwjgl/LWJGLException'> (0x00000000d8457fb0) thrown at [C:\re\workspace\8-2-build-windows-amd64-cygwin\jdk8u161\10277\hotspot\src\share\vm\prims\jni.cpp, line 709]
Event: 48.147 Thread 0x000000001d041800 Exception <a 'org/lwjgl/LWJGLException'> (0x00000000d84584e8) thrown at [C:\re\workspace\8-2-build-windows-amd64-cygwin\jdk8u161\10277\hotspot\src\share\vm\prims\jni.cpp, line 709]
Event: 48.147 Thread 0x000000001d041800 Exception <a 'org/lwjgl/LWJGLException'> (0x00000000d8458a30) thrown at [C:\re\workspace\8-2-build-windows-amd64-cygwin\jdk8u161\10277\hotspot\src\share\vm\prims\jni.cpp, line 709]
Event: 48.147 Thread 0x000000001d041800 Exception <a 'org/lwjgl/LWJGLException'> (0x00000000d8459000) thrown at [C:\re\workspace\8-2-build-windows-amd64-cygwin\jdk8u161\10277\hotspot\src\share\vm\prims\jni.cpp, line 709]
Event: 48.147 Thread 0x000000001d041800 Exception <a 'org/lwjgl/LWJGLException'> (0x00000000d8459698) thrown at [C:\re\workspace\8-2-build-windows-amd64-cygwin\jdk8u161\10277\hotspot\src\share\vm\prims\jni.cpp, line 709]
Event: 48.147 Thread 0x000000001d041800 Exception <a 'org/lwjgl/LWJGLException'> (0x00000000d8459c90) thrown at [C:\re\workspace\8-2-build-windows-amd64-cygwin\jdk8u161\10277\hotspot\src\share\vm\prims\jni.cpp, line 709]
Event: 48.147 Thread 0x000000001d041800 Exception <a 'org/lwjgl/LWJGLException'> (0x00000000d845a290) thrown at [C:\re\workspace\8-2-build-windows-amd64-cygwin\jdk8u161\10277\hotspot\src\share\vm\prims\jni.cpp, line 709]
Event: 48.147 Thread 0x000000001d041800 Exception <a 'org/lwjgl/LWJGLException'> (0x00000000d845a7e0) thrown at [C:\re\workspace\8-2-build-windows-amd64-cygwin\jdk8u161\10277\hotspot\src\share\vm\prims\jni.cpp, line 709]
Event: 48.147 Thread 0x000000001d041800 Exception <a 'org/lwjgl/LWJGLException'> (0x00000000d845ad70) thrown at [C:\re\workspace\8-2-build-windows-amd64-cygwin\jdk8u161\10277\hotspot\src\share\vm\prims\jni.cpp, line 709]
Event: 48.152 Thread 0x000000001d041800 Exception <a 'org/lwjgl/LWJGLException'> (0x00000000d845b300) thrown at [C:\re\workspace\8-2-build-windows-amd64-cygwin\jdk8u161\10277\hotspot\src\share\vm\prims\jni.cpp, line 709]

Events (10 events):
Event: 48.179 loading class net/minecraftforge/client/model/MultiModelState$MultiModelPart
Event: 48.179 loading class net/minecraftforge/client/model/MultiModelState$MultiModelPart done
Event: 48.182 loading class org/lwjgl/openal/ALCdevice
Event: 48.182 loading class org/lwjgl/openal/ALCdevice done
Event: 48.184 loading class org/lwjgl/openal/ALCcontext
Event: 48.184 loading class org/lwjgl/openal/ALCcontext done
Event: 48.185 loading class org/lwjgl/openal/Util
Event: 48.185 loading class org/lwjgl/openal/Util done
Event: 48.185 loading class org/lwjgl/openal/OpenALException
Event: 48.185 loading class org/lwjgl/openal/OpenALException done


Dynamic libraries:
0x00007ff7a2410000 - 0x00007ff7a2447000 	C:\Program Files\Java\jdk1.8.0_161\bin\java.exe
0x00007fff17dc0000 - 0x00007fff17fb0000 	C:\WINDOWS\SYSTEM32\ntdll.dll
0x00007fff17c60000 - 0x00007fff17d12000 	C:\WINDOWS\System32\KERNEL32.DLL
0x00007fff14d50000 - 0x00007fff14ff3000 	C:\WINDOWS\System32\KERNELBASE.dll
0x00007fff167d0000 - 0x00007fff16873000 	C:\WINDOWS\System32\ADVAPI32.dll
0x00007fff16ce0000 - 0x00007fff16d7e000 	C:\WINDOWS\System32\msvcrt.dll
0x00007fff16050000 - 0x00007fff160e7000 	C:\WINDOWS\System32\sechost.dll
0x00007fff16880000 - 0x00007fff169a0000 	C:\WINDOWS\System32\RPCRT4.dll
0x00007fff174f0000 - 0x00007fff17684000 	C:\WINDOWS\System32\USER32.dll
0x00007fff15cf0000 - 0x00007fff15d11000 	C:\WINDOWS\System32\win32u.dll
0x00007fff17750000 - 0x00007fff17776000 	C:\WINDOWS\System32\GDI32.dll
0x00007fff15b50000 - 0x00007fff15ce4000 	C:\WINDOWS\System32\gdi32full.dll
0x00007fff15dd0000 - 0x00007fff15e6e000 	C:\WINDOWS\System32\msvcp_win.dll
0x00007fff159c0000 - 0x00007fff15aba000 	C:\WINDOWS\System32\ucrtbase.dll
0x00007fff08560000 - 0x00007fff087e5000 	C:\WINDOWS\WinSxS\amd64_microsoft.windows.common-controls_6595b64144ccf1df_6.0.18362.657_none_e6c5b579130e3898\COMCTL32.dll
0x00007fff169a0000 - 0x00007fff16cd6000 	C:\WINDOWS\System32\combase.dll
0x00007fff158d0000 - 0x00007fff15950000 	C:\WINDOWS\System32\bcryptPrimitives.dll
0x00007fff178c0000 - 0x00007fff178ee000 	C:\WINDOWS\System32\IMM32.DLL
0x0000000063a00000 - 0x0000000063ad2000 	C:\Program Files\Java\jdk1.8.0_161\jre\bin\msvcr100.dll
0x0000000063160000 - 0x00000000639ff000 	C:\Program Files\Java\jdk1.8.0_161\jre\bin\server\jvm.dll
0x00007fff15f40000 - 0x00007fff15f48000 	C:\WINDOWS\System32\PSAPI.DLL
0x00007fff0b100000 - 0x00007fff0b109000 	C:\WINDOWS\SYSTEM32\WSOCK32.dll
0x00007fff0a600000 - 0x00007fff0a624000 	C:\WINDOWS\SYSTEM32\WINMM.dll
0x00007fff16650000 - 0x00007fff166bf000 	C:\WINDOWS\System32\WS2_32.dll
0x00007fff10040000 - 0x00007fff1004a000 	C:\WINDOWS\SYSTEM32\VERSION.dll
0x00007fff09610000 - 0x00007fff0963d000 	C:\WINDOWS\SYSTEM32\WINMMBASE.dll
0x00007fff15970000 - 0x00007fff159ba000 	C:\WINDOWS\System32\cfgmgr32.dll
0x0000000063150000 - 0x000000006315f000 	C:\Program Files\Java\jdk1.8.0_161\jre\bin\verify.dll
0x0000000063120000 - 0x0000000063149000 	C:\Program Files\Java\jdk1.8.0_161\jre\bin\java.dll
0x0000000063100000 - 0x0000000063116000 	C:\Program Files\Java\jdk1.8.0_161\jre\bin\zip.dll
0x00007fff16e00000 - 0x00007fff174e5000 	C:\WINDOWS\System32\SHELL32.dll
0x00007fff176a0000 - 0x00007fff17749000 	C:\WINDOWS\System32\shcore.dll
0x00007fff15150000 - 0x00007fff158cf000 	C:\WINDOWS\System32\windows.storage.dll
0x00007fff14ce0000 - 0x00007fff14cff000 	C:\WINDOWS\System32\profapi.dll
0x00007fff14d00000 - 0x00007fff14d4a000 	C:\WINDOWS\System32\powrprof.dll
0x00007fff14c90000 - 0x00007fff14ca0000 	C:\WINDOWS\System32\UMPDC.dll
0x00007fff17c00000 - 0x00007fff17c52000 	C:\WINDOWS\System32\shlwapi.dll
0x00007fff14ca0000 - 0x00007fff14cb1000 	C:\WINDOWS\System32\kernel.appcore.dll
0x00007fff15950000 - 0x00007fff15967000 	C:\WINDOWS\System32\cryptsp.dll
0x00000000630b0000 - 0x00000000630bd000 	C:\Program Files\Java\jdk1.8.0_161\jre\bin\management.dll
0x00000000630e0000 - 0x00000000630fa000 	C:\Program Files\Java\jdk1.8.0_161\jre\bin\net.dll
0x00007fff14500000 - 0x00007fff14567000 	C:\WINDOWS\system32\mswsock.dll
0x00007ffee4b20000 - 0x00007ffee4b36000 	C:\WINDOWS\system32\napinsp.dll
0x00007ffee3370000 - 0x00007ffee338a000 	C:\WINDOWS\system32\pnrpnsp.dll
0x00007fff14250000 - 0x00007fff1431a000 	C:\WINDOWS\SYSTEM32\DNSAPI.dll
0x00007fff17690000 - 0x00007fff17698000 	C:\WINDOWS\System32\NSI.dll
0x00007fff14210000 - 0x00007fff1424a000 	C:\WINDOWS\SYSTEM32\IPHLPAPI.DLL
0x00007ffef4700000 - 0x00007ffef470e000 	C:\WINDOWS\System32\winrnr.dll
0x00007fff10170000 - 0x00007fff1018c000 	C:\WINDOWS\system32\NLAapi.dll
0x00007fff106b0000 - 0x00007fff106c5000 	C:\WINDOWS\system32\wshbth.dll
0x00007fff0c590000 - 0x00007fff0c59a000 	C:\Windows\System32\rasadhlp.dll
0x00007fff0ef00000 - 0x00007fff0ef77000 	C:\WINDOWS\System32\fwpuclnt.dll
0x00007fff15ac0000 - 0x00007fff15ae6000 	C:\WINDOWS\System32\bcrypt.dll
0x00000000630c0000 - 0x00000000630d1000 	C:\Program Files\Java\jdk1.8.0_161\jre\bin\nio.dll
0x00007fff14070000 - 0x00007fff140a3000 	C:\WINDOWS\system32\rsaenh.dll
0x00007fff14bb0000 - 0x00007fff14bd5000 	C:\WINDOWS\SYSTEM32\USERENV.dll
0x00007fff146d0000 - 0x00007fff146dc000 	C:\WINDOWS\SYSTEM32\CRYPTBASE.dll
0x00007fff0f450000 - 0x00007fff0f466000 	C:\WINDOWS\SYSTEM32\dhcpcsvc6.DLL
0x00007fff0fba0000 - 0x00007fff0fbbc000 	C:\WINDOWS\SYSTEM32\dhcpcsvc.DLL
0x00007ffef2a70000 - 0x00007ffef2ab2000 	C:\Users\Alex\AppData\Local\Temp\jna-2043454\jna4467311207033098987.dll
0x0000000180000000 - 0x0000000180053000 	C:\Users\Alex\.gradle\caches\minecraft\net\minecraft\natives\1.12.2\lwjgl64.dll
0x00007ffee03f0000 - 0x00007ffee0546000 	C:\WINDOWS\SYSTEM32\OPENGL32.dll
0x00007ffef55b0000 - 0x00007ffef55dc000 	C:\WINDOWS\SYSTEM32\GLU32.dll
0x00007fff13900000 - 0x00007fff13920000 	C:\WINDOWS\SYSTEM32\dxcore.dll
0x0000000062ee0000 - 0x0000000063078000 	C:\Program Files\Java\jdk1.8.0_161\jre\bin\awt.dll
0x00007fff15e70000 - 0x00007fff15f34000 	C:\WINDOWS\System32\OLEAUT32.dll
0x00007fff12f40000 - 0x00007fff12fcf000 	C:\WINDOWS\SYSTEM32\apphelp.dll
0x00007fff0d230000 - 0x00007fff0d2de000 	C:\WINDOWS\SYSTEM32\mscms.dll
0x00007ffefd080000 - 0x00007ffefd097000 	C:\WINDOWS\SYSTEM32\ColorAdapterClient.dll
0x00007fff13010000 - 0x00007fff130a9000 	C:\WINDOWS\system32\uxtheme.dll
0x00007fff17780000 - 0x00007fff178b5000 	C:\WINDOWS\System32\MSCTF.dll
0x0000000060780000 - 0x0000000062ed1000 	C:\WINDOWS\System32\DriverStore\FileRepository\nv_dispi.inf_amd64_db678424d2641c3d\nvoglv64.dll
0x00007fff161e0000 - 0x00007fff16650000 	C:\WINDOWS\System32\SETUPAPI.dll
0x00007fff17aa0000 - 0x00007fff17bf6000 	C:\WINDOWS\System32\ole32.dll
0x00007fff10770000 - 0x00007fff10783000 	C:\WINDOWS\SYSTEM32\WTSAPI32.dll
0x00007fff14a90000 - 0x00007fff14aba000 	C:\WINDOWS\SYSTEM32\DEVOBJ.dll
0x00007fff15af0000 - 0x00007fff15b4c000 	C:\WINDOWS\System32\WINTRUST.dll
0x00007fff14cc0000 - 0x00007fff14cd2000 	C:\WINDOWS\System32\MSASN1.dll
0x00007fff15000000 - 0x00007fff15149000 	C:\WINDOWS\System32\CRYPT32.dll
0x00007fff13cf0000 - 0x00007fff13d21000 	C:\WINDOWS\SYSTEM32\ntmarta.dll
0x00007fff13430000 - 0x00007fff1345d000 	C:\WINDOWS\system32\dwmapi.dll
0x00007ffeeee10000 - 0x00007ffeeee53000 	C:\WINDOWS\SYSTEM32\icm32.dll
0x00007fff13d60000 - 0x00007fff13dbc000 	C:\WINDOWS\SYSTEM32\WINSTA.dll
0x00007ffeeb940000 - 0x00007ffeeb982000 	C:\Users\Alex\AppData\Local\Temp\jna-2043454\jna5889877087306612828.dll
0x0000000063080000 - 0x00000000630a4000 	C:\Program Files\Java\jdk1.8.0_161\jre\bin\sunec.dll
0x0000000063bc0000 - 0x0000000063bcb000 	C:\Program Files\Java\jdk1.8.0_161\jre\bin\sunmscapi.dll
0x00007ffee3b80000 - 0x00007ffee3cad000 	C:\Users\Alex\Documents\GitHub\EmergingTechnology\run\OpenComputersMod-1.7.5.198-lua52-native.64.dll
0x00007ffee0240000 - 0x00007ffee03e1000 	C:\Users\Alex\Documents\GitHub\EmergingTechnology\run\OpenComputersMod-1.7.5.198-lua53-native.64.dll
0x0000000031b80000 - 0x0000000031be4000 	C:\Users\Alex\.gradle\caches\minecraft\net\minecraft\natives\1.12.2\OpenAL64.dll
0x00007fff166c0000 - 0x00007fff16762000 	C:\WINDOWS\System32\clbcatq.dll
0x00007fff100f0000 - 0x00007fff10162000 	C:\WINDOWS\System32\MMDevApi.dll
0x00007ffee5790000 - 0x00007ffee5829000 	C:\WINDOWS\SYSTEM32\dsound.dll
0x00007fff101c0000 - 0x00007fff1031d000 	C:\WINDOWS\SYSTEM32\AUDIOSES.DLL
0x00007fff10b70000 - 0x00007fff10cc3000 	C:\WINDOWS\SYSTEM32\wintypes.dll
0x00007fff0ef80000 - 0x00007fff0f174000 	C:\WINDOWS\SYSTEM32\dbghelp.dll

VM Arguments:
jvm_args: -Dfile.encoding=windows-1252 -Duser.country=US -Duser.language=en -Duser.variant 
java_command: GradleStart
java_class_path (initial): C:\Users\Alex\.gradle\caches\minecraft\deobfedDeps\compileDummy.jar;C:\Users\Alex\.gradle\caches\minecraft\deobfedDeps\providedDummy.jar;C:\Users\Alex\.gradle\caches\minecraft\deobfedDeps\deobf\li\cil\oc\OpenComputers\MC1.12.2-1.7.5.198\OpenComputers-MC1.12.2-1.7.5.198.jar;C:\Users\Alex\.gradle\caches\minecraft\deobfedDeps\deobf\CraftTweaker2\CraftTweaker2-MC1120-Main\1.12-4.1.8.468\CraftTweaker2-MC1120-Main-1.12-4.1.8.468.jar;C:\Users\Alex\.gradle\caches\minecraft\deobfedDeps\deobf\CraftTweaker2\ZenScript\4.1.8.468\ZenScript-4.1.8.468.jar;C:\Users\Alex\.gradle\caches\minecraft\deobfedDeps\deobf\CraftTweaker2\CraftTweaker2-API\4.1.8.468\CraftTweaker2-API-4.1.8.468.jar;C:\Users\Alex\.gradle\caches\minecraft\deobfedDeps\deobf\org\ow2\asm\asm-debug-all\6.0_BETA\asm-debug-all-6.0_BETA.jar;C:\Users\Alex\.gradle\caches\modules-2\files-2.1\mezz.jei\jei_1.12.2\4.15.0.292\d7215dddae13bf062b9455003d9541f608ac6ae4\jei_1.12.2-4.15.0.292.jar;C:\Users\Alex\.gradle\caches\minecraft\net\minecraftforge\forge\1.12.2-14.23.5.2816\snapshot\20171003\forgeSrc-1.12.2-14.23.5.2816.jar;C:\Users\Alex\.gradle\caches\modules-2\files-2.1\com.google.code.findbugs\jsr305\3.0.1\f7be08ec23c21485b9b5a1cf1654c2ec8c58168d\jsr305-3.0.1.jar;C:\Users\Alex\.gradle\caches\modules-2\files-2.1\com.mojang\patchy\1.1\aef610b34a1be37fa851825f12372b78424d8903\patchy-1.1.jar;C:\Users\Alex\.gradle\caches\modules-2\files-2.1\oshi-project\oshi-core\1.1\9ddf7b048a8d701be231c0f4f95fd986198fd2d8\oshi-core-1.1.jar;C:\Users\Alex\.gradle\caches\modules-2\files-2.1\net.java.dev.jna\jna\4.4.0\cb208278274bf12ebdb56c61bd7407e6f774d65a\jna-4.4.0.jar;C:\Users\Alex\.gradle\caches\modules-2\files-2.1\net.java.dev.jna\platform\3.4.0\e3f70017be8100d3d6923f50b3d2ee17714e9c13\platform-3.4.0.jar;C:\Users\Alex\.gradle\caches\modules-2\files-2.1\com.ibm.icu\icu4j-core-mojang\51.2\63d216a9311cca6be337c1e458e587f99d382b84\icu4j-core-mojang-51.2.jar;C:\Users\Alex\.gradle\caches\modules-2\files-2.1\net.sf.jopt-s
Launcher Type: SUN_STANDARD

Environment Variables:
JAVA_HOME=C:\Program Files\Java\jdk1.8.0_161
CLASSPATH=C:\Users\Alex\Documents\GitHub\EmergingTechnology\\gradle\wrapper\gradle-wrapper.jar
PATH=C:\Program Files (x86)\Common Files\Oracle\Java\javapath;C:\ProgramData\Oracle\Java\javapath;C:\WINDOWS\system32;C:\WINDOWS;C:\WINDOWS\System32\Wbem;C:\WINDOWS\System32\WindowsPowerShell\v1.0\;C:\Program Files (x86)\GtkSharp\2.12\bin;C:\Program Files\Microsoft SQL Server\130\Tools\Binn\;C:\Program Files\Microsoft\Web Platform Installer\;C:\Program Files\ASUS\Bluetooth Software\;C:\Program Files\ASUS\Bluetooth Software\syswow64;C:\Program Files\dotnet\;C:\WINDOWS\System32\OpenSSH\;C:\Program Files (x86)\NVIDIA Corporation\PhysX\Common;C:\Program Files\Microsoft SQL Server\Client SDK\ODBC\110\Tools\Binn\;C:\Program Files (x86)\Microsoft SQL Server\120\Tools\Binn\ManagementStudio\;C:\Program Files (x86)\Microsoft SQL Server\120\Tools\Binn\;C:\Program Files\Microsoft SQL Server\120\Tools\Binn\;C:\Program Files (x86)\Microsoft SQL Server\120\DTS\Binn\;C:\Program Files\Microsoft VS Code\bin;C:\Program Files\Git\cmd;C:\Program Files (x86)\dotnet\;C:\Program Files (x86)\nodejs\;C:\WINDOWS\system32;C:\WINDOWS;C:\WINDOWS\System32\Wbem;C:\WINDOWS\System32\WindowsPowerShell\v1.0\;C:\WINDOWS\System32\OpenSSH\;C:\Program Files\Microsoft SQL Server\120\DTS\Binn\;C:\Gradle\gradle-3.5\bin;C:\Users\Alex\.cargo\bin;C:\Program Files\Microsoft VS Code\bin;C:\Users\Alex\AppData\Local\Google\Cloud SDK\google-cloud-sdk\bin;C:\Users\Alex\AppData\Local\GitHubDesktop\bin;C:\Users\Alex\AppData\Local\Microsoft\WindowsApps;C:\Users\Alex\.dotnet\tools;C:\Users\Alex\AppData\Roaming\npm;C:\Program Files\Java\jdk1.8.0_161\bin;
USERNAME=Alex
OS=Windows_NT
PROCESSOR_IDENTIFIER=AMD64 Family 21 Model 2 Stepping 0, AuthenticAMD



---------------  S Y S T E M  ---------------

OS: Windows 10.0 , 64 bit Build 18362 (10.0.18362.329)

CPU:total 6 (initial active 6) (6 cores per cpu, 1 threads per core) family 21 model 2 stepping 0, cmov, cx8, fxsr, mmx, sse, sse2, sse3, ssse3, sse4.1, sse4.2, popcnt, avx, aes, clmul, mmxext, 3dnowpref, lzcnt, sse4a, tsc, tscinvbit, tscinv, bmi1

Memory: 4k page, physical 8370292k(1146792k free), swap 18331764k(4448488k free)

vm_info: Java HotSpot(TM) 64-Bit Server VM (25.161-b12) for windows-amd64 JRE (1.8.0_161-b12), built on Dec 19 2017 17:52:25 by "java_re" with MS VC++ 10.0 (VS2010)

time: Wed Feb 26 12:05:07 2020
elapsed time: 48 seconds (0d 0h 0m 48s)

